<?xml version="1.0" encoding="UTF-8" standalone="yes"?>
<testsuites name="Regression Images" time="288" tests="4" failures="1" errors="0">
    <testsuite name="Regression Images" tests="4" failures="1" errors="0" time="288" timestamp="2019-10-17 10:51:45" hostname="Dell - DESKTOP-A4R0EHC" id="Test Suites/UI Suits/Regression Images">
        <properties>
            <property name="deviceName" value=""/>
            <property name="devicePlatform" value=""/>
            <property name="logFolder" value="C:\\Users\\Dell\\Katalon Studio\\1\\Reports\\20191017_105137\\UI Suits\\Regression Images\\20191017_105137"/>
            <property name="logFiles" value="C:\\Users\\Dell\\Katalon Studio\\1\\Reports\\20191017_105137\\UI Suits\\Regression Images\\20191017_105137\\execution0.log"/>
            <property name="attachments" value="C:\\Users\\Dell\\Katalon Studio\\1\\Reports\\20191017_105137\\UI Suits\\Regression Images\\20191017_105137\\1571289981835.png"/>
            <property name="hostName" value="Dell - DESKTOP-A4R0EHC"/>
            <property name="os" value="Windows 10 64bit"/>
            <property name="katalonVersion" value="6.3.3.11"/>
            <property name="browser" value="Chrome 77.0.3865.120"/>
            <property name="hostAddress" value="192.168.0.110"/>
            <property name="sessionId" value="8647b411958b54e73972ef0c1319345f"/>
            <property name="seleniumVersion" value="3.141.59"/>
            <property name="proxyInformation" value="ProxyInformation{proxyOption=NO_PROXY, proxyServerType=HTTP, password=, proxyServerAddress=, proxyServerPort=0}"/>
            <property name="platform" value="Windows 10"/>
        </properties>
        <testcase name="Test Cases/UI Test Scenarios/Modules/Login/GSM Login" classname="Test Cases/UI Test Scenarios/Modules/Login/GSM Login" status="PASSED">
            <system-out>2019-10-17 10:51:45 - [TEST_CASE][PASSED] - Test Cases/UI Test Scenarios/Modules/Login/GSM Login: Test Cases/UI Test Scenarios/Modules/Login/GSM Login&#xD;
&#xD;
2019-10-17 10:51:46 - [TEST_STEP][PASSED] - openBrowser(""): Browser is opened with url: ''&#xD;
&#xD;
2019-10-17 10:51:46 - [MESSAGE][INFO] - Starting 'Chrome' driver&#xD;
&#xD;
2019-10-17 10:51:46 - [MESSAGE][INFO] - Action delay is set to 2 seconds&#xD;
&#xD;
2019-10-17 10:51:57 - [MESSAGE][PASSED] - Browser is opened with url: ''&#xD;
&#xD;
2019-10-17 10:51:57 - [TEST_STEP][PASSED] - navigateToUrl(url): Navigate to 'https://sandbox.gsm.auto/logout' successfully&#xD;
&#xD;
2019-10-17 10:52:06 - [MESSAGE][PASSED] - Navigate to 'https://sandbox.gsm.auto/logout' successfully&#xD;
&#xD;
2019-10-17 10:52:06 - [TEST_STEP][PASSED] - maximizeWindow(): Current window maximized&#xD;
&#xD;
2019-10-17 10:52:12 - [MESSAGE][PASSED] - Current window maximized&#xD;
&#xD;
2019-10-17 10:52:12 - [TEST_STEP][PASSED] - click(findTestObject("UI Test Scenarios/Modules/GSM Login/Page_GSM Portal/button_Log in")): Object: 'Object Repository/UI Test Scenarios/Modules/GSM Login/Page_GSM Portal/button_Log in' is clicked on&#xD;
&#xD;
2019-10-17 10:52:20 - [MESSAGE][PASSED] - Object: 'Object Repository/UI Test Scenarios/Modules/GSM Login/Page_GSM Portal/button_Log in' is clicked on&#xD;
&#xD;
2019-10-17 10:52:20 - [TEST_STEP][PASSED] - delay(3): Delayed 3 second(s)&#xD;
&#xD;
2019-10-17 10:52:23 - [MESSAGE][PASSED] - Delayed 3 second(s)&#xD;
&#xD;
2019-10-17 10:52:23 - [TEST_STEP][PASSED] - setText(findTestObject("UI Test Scenarios/Modules/GSM Login/Page_GSM Login/input_Email Address_email"), username): Text 'sankaran@totient.co.in' is set on object 'Object Repository/UI Test Scenarios/Modules/GSM Login/Page_GSM Login/input_Email Address_email'&#xD;
&#xD;
2019-10-17 10:52:30 - [MESSAGE][PASSED] - Text 'sankaran@totient.co.in' is set on object 'Object Repository/UI Test Scenarios/Modules/GSM Login/Page_GSM Login/input_Email Address_email'&#xD;
&#xD;
2019-10-17 10:52:30 - [TEST_STEP][PASSED] - delay(2): Delayed 2 second(s)&#xD;
&#xD;
2019-10-17 10:52:32 - [MESSAGE][PASSED] - Delayed 2 second(s)&#xD;
&#xD;
2019-10-17 10:52:32 - [TEST_STEP][PASSED] - setText(findTestObject("UI Test Scenarios/Modules/GSM Login/Page_GSM Login/input_Password_password"), password): Text 'sandbox85!' is set on object 'Object Repository/UI Test Scenarios/Modules/GSM Login/Page_GSM Login/input_Password_password'&#xD;
&#xD;
2019-10-17 10:52:38 - [MESSAGE][PASSED] - Text 'sandbox85!' is set on object 'Object Repository/UI Test Scenarios/Modules/GSM Login/Page_GSM Login/input_Password_password'&#xD;
&#xD;
2019-10-17 10:52:38 - [TEST_STEP][PASSED] - click(findTestObject("UI Test Scenarios/Modules/GSM Login/Page_GSM Login/button_Log In")): Object: 'Object Repository/UI Test Scenarios/Modules/GSM Login/Page_GSM Login/button_Log In' is clicked on&#xD;
&#xD;
2019-10-17 10:52:43 - [MESSAGE][PASSED] - Object: 'Object Repository/UI Test Scenarios/Modules/GSM Login/Page_GSM Login/button_Log In' is clicked on&#xD;
&#xD;
2019-10-17 10:52:43 - [TEST_STEP][PASSED] - delay(5): Delayed 5 second(s)&#xD;
&#xD;
2019-10-17 10:52:48 - [MESSAGE][PASSED] - Delayed 5 second(s)&#xD;
&#xD;
2019-10-17 10:52:48 - [TEST_STEP][PASSED] - verifyElementText(findTestObject("UI Test Scenarios/Modules/GSM Login/div_Welcome Sankaran"), "Welcome, Sankaran"): Actual text and expected text of test object 'Object Repository/UI Test Scenarios/Modules/GSM Login/div_Welcome Sankaran' are matched.&#xD;
&#xD;
2019-10-17 10:52:54 - [MESSAGE][PASSED] - Actual text and expected text of test object 'Object Repository/UI Test Scenarios/Modules/GSM Login/div_Welcome Sankaran' are matched.</system-out>
            <system-err></system-err>
        </testcase>
        <testcase name="Test Cases/UI Test Scenarios/Modules/Content Management/IMAGES/Upload Image" classname="Test Cases/UI Test Scenarios/Modules/Content Management/IMAGES/Upload Image" status="PASSED">
            <system-out>2019-10-17 10:52:54 - [TEST_CASE][PASSED] - Test Cases/UI Test Scenarios/Modules/Content Management/IMAGES/Upload Image: Test Cases/UI Test Scenarios/Modules/Content Management/IMAGES/Upload Image&#xD;
&#xD;
2019-10-17 10:52:55 - [TEST_STEP][NOT_RUN] - click(findTestObject("UI Test Scenarios/Modules/Content Management/IMAGES/Edit Image/Page_Dashboard/div_Content")): NOT_RUN: click(findTestObject("UI Test Scenarios/Modules/Content Management/IMAGES/Edit Image/Page_Dashboard/div_Content"))&#xD;
&#xD;
2019-10-17 10:52:55 - [MESSAGE][NOT_RUN] - NOT_RUN: click(findTestObject("UI Test Scenarios/Modules/Content Management/IMAGES/Edit Image/Page_Dashboard/div_Content"))&#xD;
&#xD;
2019-10-17 10:52:55 - [TEST_STEP][NOT_RUN] - click(findTestObject("UI Test Scenarios/Modules/Content Management/IMAGES/Edit Image/Page_Templates/a_Images")): NOT_RUN: click(findTestObject("UI Test Scenarios/Modules/Content Management/IMAGES/Edit Image/Page_Templates/a_Images"))&#xD;
&#xD;
2019-10-17 10:52:55 - [MESSAGE][NOT_RUN] - NOT_RUN: click(findTestObject("UI Test Scenarios/Modules/Content Management/IMAGES/Edit Image/Page_Templates/a_Images"))&#xD;
&#xD;
2019-10-17 10:52:55 - [TEST_STEP][NOT_RUN] - click(findTestObject("UI Test Scenarios/Modules/Content Management/IMAGES/Edit Image/Page_Images/a_Upload")): NOT_RUN: click(findTestObject("UI Test Scenarios/Modules/Content Management/IMAGES/Edit Image/Page_Images/a_Upload"))&#xD;
&#xD;
2019-10-17 10:52:55 - [MESSAGE][NOT_RUN] - NOT_RUN: click(findTestObject("UI Test Scenarios/Modules/Content Management/IMAGES/Edit Image/Page_Images/a_Upload"))&#xD;
&#xD;
2019-10-17 10:52:55 - [TEST_STEP][NOT_RUN] - setText(findTestObject("UI Test Scenarios/Modules/Content Management/IMAGES/Edit Image/Page_Upload Images/input_Image Name_image-group-0-name"), "innova"): NOT_RUN: setText(findTestObject("UI Test Scenarios/Modules/Content Management/IMAGES/Edit Image/Page_Upload Images/input_Image Name_image-group-0-name"), "innova")&#xD;
&#xD;
2019-10-17 10:52:55 - [MESSAGE][NOT_RUN] - NOT_RUN: setText(findTestObject("UI Test Scenarios/Modules/Content Management/IMAGES/Edit Image/Page_Upload Images/input_Image Name_image-group-0-name"), "innova")&#xD;
&#xD;
2019-10-17 10:52:55 - [TEST_STEP][NOT_RUN] - com.kms.katalon.keyword.uploadfile.UploadFile.uploadFileUsingRobot(findTestObject("UI Test Scenarios/Modules/Content Management/IMAGES/Edit Image/Page_Upload Images/div_Select Files"), "C:\Users\Dell\Pictures\Innova.jpg"): NOT_RUN: com.kms.katalon.keyword.uploadfile.UploadFile.uploadFileUsingRobot(findTestObject("UI Test Scenarios/Modules/Content Management/IMAGES/Edit Image/Page_Upload Images/div_Select Files"), "C:\Users\Dell\Pictures\Innova.jpg")&#xD;
&#xD;
2019-10-17 10:52:55 - [MESSAGE][NOT_RUN] - NOT_RUN: com.kms.katalon.keyword.uploadfile.UploadFile.uploadFileUsingRobot(findTestObject("UI Test Scenarios/Modules/Content Management/IMAGES/Edit Image/Page_Upload Images/div_Select Files"), "C:\Users\Dell\Pictures\Innova.jpg")&#xD;
&#xD;
2019-10-17 10:52:55 - [TEST_STEP][NOT_RUN] - click(findTestObject("UI Test Scenarios/Modules/Content Management/IMAGES/Edit Image/Page_Upload Images/button_Select")): NOT_RUN: click(findTestObject("UI Test Scenarios/Modules/Content Management/IMAGES/Edit Image/Page_Upload Images/button_Select"))&#xD;
&#xD;
2019-10-17 10:52:55 - [MESSAGE][NOT_RUN] - NOT_RUN: click(findTestObject("UI Test Scenarios/Modules/Content Management/IMAGES/Edit Image/Page_Upload Images/button_Select"))&#xD;
&#xD;
2019-10-17 10:52:55 - [TEST_STEP][NOT_RUN] - click(findTestObject("UI Test Scenarios/Modules/Content Management/IMAGES/Edit Image/Page_Upload Images/a_Email")): NOT_RUN: click(findTestObject("UI Test Scenarios/Modules/Content Management/IMAGES/Edit Image/Page_Upload Images/a_Email"))&#xD;
&#xD;
2019-10-17 10:52:55 - [MESSAGE][NOT_RUN] - NOT_RUN: click(findTestObject("UI Test Scenarios/Modules/Content Management/IMAGES/Edit Image/Page_Upload Images/a_Email"))&#xD;
&#xD;
2019-10-17 10:52:55 - [TEST_STEP][NOT_RUN] - click(findTestObject("UI Test Scenarios/Modules/Content Management/IMAGES/Edit Image/Page_Upload Images/button_Select_1")): NOT_RUN: click(findTestObject("UI Test Scenarios/Modules/Content Management/IMAGES/Edit Image/Page_Upload Images/button_Select_1"))&#xD;
&#xD;
2019-10-17 10:52:55 - [MESSAGE][NOT_RUN] - NOT_RUN: click(findTestObject("UI Test Scenarios/Modules/Content Management/IMAGES/Edit Image/Page_Upload Images/button_Select_1"))&#xD;
&#xD;
2019-10-17 10:52:55 - [TEST_STEP][NOT_RUN] - click(findTestObject("UI Test Scenarios/Modules/Content Management/IMAGES/Edit Image/Page_Upload Images/a_English (US)")): NOT_RUN: click(findTestObject("UI Test Scenarios/Modules/Content Management/IMAGES/Edit Image/Page_Upload Images/a_English (US)"))&#xD;
&#xD;
2019-10-17 10:52:55 - [MESSAGE][NOT_RUN] - NOT_RUN: click(findTestObject("UI Test Scenarios/Modules/Content Management/IMAGES/Edit Image/Page_Upload Images/a_English (US)"))&#xD;
&#xD;
2019-10-17 10:52:55 - [TEST_STEP][NOT_RUN] - click(findTestObject("UI Test Scenarios/Modules/Content Management/IMAGES/Edit Image/Page_Upload Images/input_Marketing Category_image-group-0-marketingCategory")): NOT_RUN: click(findTestObject("UI Test Scenarios/Modules/Content Management/IMAGES/Edit Image/Page_Upload Images/input_Marketing Category_image-group-0-marketingCategory"))&#xD;
&#xD;
2019-10-17 10:52:55 - [MESSAGE][NOT_RUN] - NOT_RUN: click(findTestObject("UI Test Scenarios/Modules/Content Management/IMAGES/Edit Image/Page_Upload Images/input_Marketing Category_image-group-0-marketingCategory"))&#xD;
&#xD;
2019-10-17 10:52:55 - [TEST_STEP][NOT_RUN] - click(findTestObject("UI Test Scenarios/Modules/Content Management/IMAGES/Edit Image/Page_Upload Images/button_Finish Upload")): NOT_RUN: click(findTestObject("UI Test Scenarios/Modules/Content Management/IMAGES/Edit Image/Page_Upload Images/button_Finish Upload"))&#xD;
&#xD;
2019-10-17 10:52:55 - [MESSAGE][NOT_RUN] - NOT_RUN: click(findTestObject("UI Test Scenarios/Modules/Content Management/IMAGES/Edit Image/Page_Upload Images/button_Finish Upload"))</system-out>
            <system-err></system-err>
        </testcase>
        <testcase name="Test Cases/UI Test Scenarios/Modules/Content Management/IMAGES/Edit Image" classname="Test Cases/UI Test Scenarios/Modules/Content Management/IMAGES/Edit Image" status="FAILED">
            <failure type="FAILED" message="Test Cases/UI Test Scenarios/Modules/Content Management/IMAGES/Edit Image FAILED.&#xA;Reason:&#xA;com.kms.katalon.core.exception.StepFailedException: Unable to click on object 'Object Repository/UI Test Scenarios/Modules/Content Management/IMAGES/Edit Image/Page_Edit Image/button_Save'&#xD;&#xA;&#x9;at com.kms.katalon.core.webui.keyword.internal.WebUIKeywordMain.stepFailed(WebUIKeywordMain.groovy:64)&#xD;&#xA;&#x9;at com.kms.katalon.core.webui.keyword.internal.WebUIKeywordMain.runKeyword(WebUIKeywordMain.groovy:26)&#xD;&#xA;&#x9;at com.kms.katalon.core.webui.keyword.builtin.ClickKeyword.click(ClickKeyword.groovy:86)&#xD;&#xA;&#x9;at com.kms.katalon.core.webui.keyword.builtin.ClickKeyword.execute(ClickKeyword.groovy:67)&#xD;&#xA;&#x9;at com.kms.katalon.core.keyword.internal.KeywordExecutor.executeKeywordForPlatform(KeywordExecutor.groovy:56)&#xD;&#xA;&#x9;at com.kms.katalon.core.webui.keyword.WebUiBuiltInKeywords.click(WebUiBuiltInKeywords.groovy:616)&#xD;&#xA;&#x9;at com.kms.katalon.core.webui.keyword.WebUiBuiltInKeywords$click$2.call(Unknown Source)&#xD;&#xA;&#x9;at Edit Image.run(Edit Image:29)&#xD;&#xA;&#x9;at com.kms.katalon.core.main.ScriptEngine.run(ScriptEngine.java:194)&#xD;&#xA;&#x9;at com.kms.katalon.core.main.ScriptEngine.runScriptAsRawText(ScriptEngine.java:119)&#xD;&#xA;&#x9;at com.kms.katalon.core.main.TestCaseExecutor.runScript(TestCaseExecutor.java:337)&#xD;&#xA;&#x9;at com.kms.katalon.core.main.TestCaseExecutor.doExecute(TestCaseExecutor.java:328)&#xD;&#xA;&#x9;at com.kms.katalon.core.main.TestCaseExecutor.processExecutionPhase(TestCaseExecutor.java:307)&#xD;&#xA;&#x9;at com.kms.katalon.core.main.TestCaseExecutor.accessMainPhase(TestCaseExecutor.java:299)&#xD;&#xA;&#x9;at com.kms.katalon.core.main.TestCaseExecutor.execute(TestCaseExecutor.java:233)&#xD;&#xA;&#x9;at com.kms.katalon.core.main.TestSuiteExecutor.accessTestCaseMainPhase(TestSuiteExecutor.java:169)&#xD;&#xA;&#x9;at com.kms.katalon.core.main.TestSuiteExecutor.accessTestSuiteMainPhase(TestSuiteExecutor.java:142)&#xD;&#xA;&#x9;at com.kms.katalon.core.main.TestSuiteExecutor.execute(TestSuiteExecutor.java:91)&#xD;&#xA;&#x9;at com.kms.katalon.core.main.TestCaseMain.startTestSuite(TestCaseMain.java:157)&#xD;&#xA;&#x9;at com.kms.katalon.core.main.TestCaseMain$startTestSuite$0.call(Unknown Source)&#xD;&#xA;&#x9;at TempTestSuite1571289697580.run(TempTestSuite1571289697580.groovy:35)&#xD;&#xA;Caused by: org.openqa.selenium.ElementClickInterceptedException: element click intercepted: Element &lt;button disabled=&quot;&quot; type=&quot;button&quot; class=&quot;btn btn-lg btn-primary&quot;&gt;...&lt;/button&gt; is not clickable at point (1244, 157). Other element would receive the click: &lt;div class=&quot;page-toolbar&quot;&gt;...&lt;/div&gt;&#xA;  (Session info: chrome=77.0.3865.120)&#xA;Build info: version: '3.141.59', revision: 'e82be7d358', time: '2018-11-14T08:25:53'&#xA;System info: host: 'DESKTOP-A4R0EHC', ip: '192.168.0.110', os.name: 'Windows 10', os.arch: 'amd64', os.version: '10.0', java.version: '1.8.0_181'&#xA;Driver info: com.kms.katalon.selenium.driver.CChromeDriver&#xA;Capabilities {acceptInsecureCerts: false, browserName: chrome, browserVersion: 77.0.3865.120, chrome: {chromedriverVersion: 76.0.3809.68 (420c9498db8ce..., userDataDir: C:\Users\Dell\AppData\Local...}, goog:chromeOptions: {debuggerAddress: localhost:61270}, javascriptEnabled: true, networkConnectionEnabled: false, pageLoadStrategy: normal, platform: XP, platformName: XP, proxy: Proxy(), setWindowRect: true, strictFileInteractability: false, timeouts: {implicit: 0, pageLoad: 300000, script: 30000}, unhandledPromptBehavior: dismiss and notify}&#xA;Session ID: 8647b411958b54e73972ef0c1319345f&#xD;&#xA;&#x9;at org.openqa.selenium.remote.http.W3CHttpResponseCodec.createException(W3CHttpResponseCodec.java:187)&#xD;&#xA;&#x9;at org.openqa.selenium.remote.http.W3CHttpResponseCodec.decode(W3CHttpResponseCodec.java:122)&#xD;&#xA;&#x9;at org.openqa.selenium.remote.http.W3CHttpResponseCodec.decode(W3CHttpResponseCodec.java:49)&#xD;&#xA;&#x9;at org.openqa.selenium.remote.HttpCommandExecutor.execute(HttpCommandExecutor.java:158)&#xD;&#xA;&#x9;at org.openqa.selenium.remote.service.DriverCommandExecutor.execute(DriverCommandExecutor.java:83)&#xD;&#xA;&#x9;at org.openqa.selenium.remote.RemoteWebDriver.execute(RemoteWebDriver.java:552)&#xD;&#xA;&#x9;at com.kms.katalon.selenium.driver.CChromeDriver.execute(CChromeDriver.java:20)&#xD;&#xA;&#x9;at org.openqa.selenium.remote.RemoteWebElement.execute(RemoteWebElement.java:285)&#xD;&#xA;&#x9;at org.openqa.selenium.remote.RemoteWebElement.click(RemoteWebElement.java:84)&#xD;&#xA;&#x9;at com.kms.katalon.core.webui.keyword.builtin.ClickKeyword$_click_closure1.doCall(ClickKeyword.groovy:79)&#xD;&#xA;&#x9;at com.kms.katalon.core.webui.keyword.builtin.ClickKeyword$_click_closure1.call(ClickKeyword.groovy)&#xD;&#xA;&#x9;at com.kms.katalon.core.webui.keyword.internal.WebUIKeywordMain.runKeyword(WebUIKeywordMain.groovy:20)&#xD;&#xA;&#x9;... 19 more&#xD;&#xA;"/>
            <system-out>2019-10-17 10:52:55 - [TEST_CASE][FAILED] - Test Cases/UI Test Scenarios/Modules/Content Management/IMAGES/Edit Image: Test Cases/UI Test Scenarios/Modules/Content Management/IMAGES/Edit Image FAILED.
Reason:
com.kms.katalon.core.exception.StepFailedException: Unable to click on object 'Object Repository/UI Test Scenarios/Modules/Content Management/IMAGES/Edit Image/Page_Edit Image/button_Save'&#xD;
	at com.kms.katalon.core.webui.keyword.internal.WebUIKeywordMain.stepFailed(WebUIKeywordMain.groovy:64)&#xD;
	at com.kms.katalon.core.webui.keyword.internal.WebUIKeywordMain.runKeyword(WebUIKeywordMain.groovy:26)&#xD;
	at com.kms.katalon.core.webui.keyword.builtin.ClickKeyword.click(ClickKeyword.groovy:86)&#xD;
	at com.kms.katalon.core.webui.keyword.builtin.ClickKeyword.execute(ClickKeyword.groovy:67)&#xD;
	at com.kms.katalon.core.keyword.internal.KeywordExecutor.executeKeywordForPlatform(KeywordExecutor.groovy:56)&#xD;
	at com.kms.katalon.core.webui.keyword.WebUiBuiltInKeywords.click(WebUiBuiltInKeywords.groovy:616)&#xD;
	at com.kms.katalon.core.webui.keyword.WebUiBuiltInKeywords$click$2.call(Unknown Source)&#xD;
	at Edit Image.run(Edit Image:29)&#xD;
	at com.kms.katalon.core.main.ScriptEngine.run(ScriptEngine.java:194)&#xD;
	at com.kms.katalon.core.main.ScriptEngine.runScriptAsRawText(ScriptEngine.java:119)&#xD;
	at com.kms.katalon.core.main.TestCaseExecutor.runScript(TestCaseExecutor.java:337)&#xD;
	at com.kms.katalon.core.main.TestCaseExecutor.doExecute(TestCaseExecutor.java:328)&#xD;
	at com.kms.katalon.core.main.TestCaseExecutor.processExecutionPhase(TestCaseExecutor.java:307)&#xD;
	at com.kms.katalon.core.main.TestCaseExecutor.accessMainPhase(TestCaseExecutor.java:299)&#xD;
	at com.kms.katalon.core.main.TestCaseExecutor.execute(TestCaseExecutor.java:233)&#xD;
	at com.kms.katalon.core.main.TestSuiteExecutor.accessTestCaseMainPhase(TestSuiteExecutor.java:169)&#xD;
	at com.kms.katalon.core.main.TestSuiteExecutor.accessTestSuiteMainPhase(TestSuiteExecutor.java:142)&#xD;
	at com.kms.katalon.core.main.TestSuiteExecutor.execute(TestSuiteExecutor.java:91)&#xD;
	at com.kms.katalon.core.main.TestCaseMain.startTestSuite(TestCaseMain.java:157)&#xD;
	at com.kms.katalon.core.main.TestCaseMain$startTestSuite$0.call(Unknown Source)&#xD;
	at TempTestSuite1571289697580.run(TempTestSuite1571289697580.groovy:35)&#xD;
Caused by: org.openqa.selenium.ElementClickInterceptedException: element click intercepted: Element &lt;button disabled="" type="button" class="btn btn-lg btn-primary"&gt;...&lt;/button&gt; is not clickable at point (1244, 157). Other element would receive the click: &lt;div class="page-toolbar"&gt;...&lt;/div&gt;
  (Session info: chrome=77.0.3865.120)
Build info: version: '3.141.59', revision: 'e82be7d358', time: '2018-11-14T08:25:53'
System info: host: 'DESKTOP-A4R0EHC', ip: '192.168.0.110', os.name: 'Windows 10', os.arch: 'amd64', os.version: '10.0', java.version: '1.8.0_181'
Driver info: com.kms.katalon.selenium.driver.CChromeDriver
Capabilities {acceptInsecureCerts: false, browserName: chrome, browserVersion: 77.0.3865.120, chrome: {chromedriverVersion: 76.0.3809.68 (420c9498db8ce..., userDataDir: C:\Users\Dell\AppData\Local...}, goog:chromeOptions: {debuggerAddress: localhost:61270}, javascriptEnabled: true, networkConnectionEnabled: false, pageLoadStrategy: normal, platform: XP, platformName: XP, proxy: Proxy(), setWindowRect: true, strictFileInteractability: false, timeouts: {implicit: 0, pageLoad: 300000, script: 30000}, unhandledPromptBehavior: dismiss and notify}
Session ID: 8647b411958b54e73972ef0c1319345f&#xD;
	at org.openqa.selenium.remote.http.W3CHttpResponseCodec.createException(W3CHttpResponseCodec.java:187)&#xD;
	at org.openqa.selenium.remote.http.W3CHttpResponseCodec.decode(W3CHttpResponseCodec.java:122)&#xD;
	at org.openqa.selenium.remote.http.W3CHttpResponseCodec.decode(W3CHttpResponseCodec.java:49)&#xD;
	at org.openqa.selenium.remote.HttpCommandExecutor.execute(HttpCommandExecutor.java:158)&#xD;
	at org.openqa.selenium.remote.service.DriverCommandExecutor.execute(DriverCommandExecutor.java:83)&#xD;
	at org.openqa.selenium.remote.RemoteWebDriver.execute(RemoteWebDriver.java:552)&#xD;
	at com.kms.katalon.selenium.driver.CChromeDriver.execute(CChromeDriver.java:20)&#xD;
	at org.openqa.selenium.remote.RemoteWebElement.execute(RemoteWebElement.java:285)&#xD;
	at org.openqa.selenium.remote.RemoteWebElement.click(RemoteWebElement.java:84)&#xD;
	at com.kms.katalon.core.webui.keyword.builtin.ClickKeyword$_click_closure1.doCall(ClickKeyword.groovy:79)&#xD;
	at com.kms.katalon.core.webui.keyword.builtin.ClickKeyword$_click_closure1.call(ClickKeyword.groovy)&#xD;
	at com.kms.katalon.core.webui.keyword.internal.WebUIKeywordMain.runKeyword(WebUIKeywordMain.groovy:20)&#xD;
	... 19 more&#xD;
&#xD;
&#xD;
2019-10-17 10:52:55 - [TEST_STEP][PASSED] - click(findTestObject("UI Test Scenarios/Modules/Content Management/IMAGES/Edit Image/Page_Dashboard/div_Content")): Object: 'Object Repository/UI Test Scenarios/Modules/Content Management/IMAGES/Edit Image/Page_Dashboard/div_Content' is clicked on&#xD;
&#xD;
2019-10-17 10:52:59 - [MESSAGE][PASSED] - Object: 'Object Repository/UI Test Scenarios/Modules/Content Management/IMAGES/Edit Image/Page_Dashboard/div_Content' is clicked on&#xD;
&#xD;
2019-10-17 10:52:59 - [TEST_STEP][PASSED] - click(findTestObject("UI Test Scenarios/Modules/Content Management/IMAGES/Edit Image/Page_Templates/a_Images")): Object: 'Object Repository/UI Test Scenarios/Modules/Content Management/IMAGES/Edit Image/Page_Templates/a_Images' is clicked on&#xD;
&#xD;
2019-10-17 10:53:04 - [MESSAGE][PASSED] - Object: 'Object Repository/UI Test Scenarios/Modules/Content Management/IMAGES/Edit Image/Page_Templates/a_Images' is clicked on&#xD;
&#xD;
2019-10-17 10:53:04 - [TEST_STEP][PASSED] - click(findTestObject("UI Test Scenarios/Modules/Content Management/IMAGES/Edit Image/Page_Images/button_Local_dropdown-toggle btn btn-icon btn-light")): Object: 'Object Repository/UI Test Scenarios/Modules/Content Management/IMAGES/Edit Image/Page_Images/button_Local_dropdown-toggle btn btn-icon btn-light' is clicked on&#xD;
&#xD;
2019-10-17 10:53:16 - [MESSAGE][PASSED] - Object: 'Object Repository/UI Test Scenarios/Modules/Content Management/IMAGES/Edit Image/Page_Images/button_Local_dropdown-toggle btn btn-icon btn-light' is clicked on&#xD;
&#xD;
2019-10-17 10:53:16 - [TEST_STEP][PASSED] - scrollToElement(findTestObject("UI Test Scenarios/Modules/Content Management/IMAGES/Edit Image/Page_Images/a_Edit"), 0): Scroll to object 'Object Repository/UI Test Scenarios/Modules/Content Management/IMAGES/Edit Image/Page_Images/a_Edit' successfully&#xD;
&#xD;
2019-10-17 10:53:16 - [MESSAGE][WARNING] - Timeout '0' is invalid. Using default page load timeout: '30'&#xD;
&#xD;
2019-10-17 10:53:46 - [MESSAGE][INFO] - Unable to find the element located by 'By.xpath: //div[@id='image-menu-89c4658883e24c1891a0c28a87a7fac4']/div[2]/ul/li[3]/a'. Please recheck the objects properties to make sure the desired element is located. &#xD;
&#xD;
2019-10-17 10:53:46 - [MESSAGE][INFO] - [SMART_XPATH] Auto-trying out other XPath values in the test object.&#xD;
&#xD;
2019-10-17 10:53:48 - [MESSAGE][INFO] - [SMART_XPATH] FAILED XPATH: '//div[@id='image-menu-89c4658883e24c1891a0c28a87a7fac4']/div[2]/ul/li[3]/a'.&#xD;
&#xD;
2019-10-17 10:53:50 - [MESSAGE][INFO] - [SMART_XPATH] WORKING XPATH: '//a[contains(text(),'Edit')]'.&#xD;
&#xD;
2019-10-17 10:54:01 - [MESSAGE][ERROR] - [SMART_XPATH] Cannot save screenshot to: C:/Users/Dell/Katalon Studio/1/Reports/smart_xpath, reason: (y + height) is outside of Raster&#xD;
&#xD;
2019-10-17 10:54:03 - [MESSAGE][INFO] - [SMART_XPATH] WORKING XPATH: '(.//*[normalize-space(text()) and normalize-space(.)='Archive'])[1]/following::a[1]'.&#xD;
&#xD;
2019-10-17 10:54:14 - [MESSAGE][ERROR] - [SMART_XPATH] Cannot save screenshot to: C:/Users/Dell/Katalon Studio/1/Reports/smart_xpath, reason: (y + height) is outside of Raster&#xD;
&#xD;
2019-10-17 10:54:16 - [MESSAGE][INFO] - [SMART_XPATH] WORKING XPATH: '(.//*[normalize-space(text()) and normalize-space(.)='Page'])[1]/preceding::a[2]'.&#xD;
&#xD;
2019-10-17 10:54:26 - [MESSAGE][ERROR] - [SMART_XPATH] Cannot save screenshot to: C:/Users/Dell/Katalon Studio/1/Reports/smart_xpath, reason: (y + height) is outside of Raster&#xD;
&#xD;
2019-10-17 10:54:28 - [MESSAGE][INFO] - [SMART_XPATH] FAILED XPATH: '//a[contains(@href, '/content/images/89c4658883e24c1891a0c28a87a7fac4')]'.&#xD;
&#xD;
2019-10-17 10:54:31 - [MESSAGE][INFO] - [SMART_XPATH] WORKING XPATH: '//div[2]/div[2]/div[2]/div/div[2]/ul/li[3]/a'.&#xD;
&#xD;
2019-10-17 10:54:41 - [MESSAGE][ERROR] - [SMART_XPATH] Cannot save screenshot to: C:/Users/Dell/Katalon Studio/1/Reports/smart_xpath, reason: (y + height) is outside of Raster&#xD;
&#xD;
2019-10-17 10:54:41 - [MESSAGE][INFO] - [SMART_XPATH] Selected Smart XPath: '//a[contains(text(),'Edit')]'.&#xD;
&#xD;
2019-10-17 10:54:41 - [MESSAGE][INFO] - [SMART_XPATH] Continuing executing the test case!&#xD;
&#xD;
2019-10-17 10:54:43 - [MESSAGE][PASSED] - Scroll to object 'Object Repository/UI Test Scenarios/Modules/Content Management/IMAGES/Edit Image/Page_Images/a_Edit' successfully&#xD;
&#xD;
2019-10-17 10:54:43 - [TEST_STEP][PASSED] - click(findTestObject("UI Test Scenarios/Modules/Content Management/IMAGES/Edit Image/Page_Images/a_Edit")): Object: 'Object Repository/UI Test Scenarios/Modules/Content Management/IMAGES/Edit Image/Page_Images/a_Edit' is clicked on&#xD;
&#xD;
2019-10-17 10:55:14 - [MESSAGE][INFO] - Unable to find the element located by 'By.xpath: //div[@id='image-menu-89c4658883e24c1891a0c28a87a7fac4']/div[2]/ul/li[3]/a'. Please recheck the objects properties to make sure the desired element is located. &#xD;
&#xD;
2019-10-17 10:55:14 - [MESSAGE][INFO] - [SMART_XPATH] Auto-trying out other XPath values in the test object.&#xD;
&#xD;
2019-10-17 10:55:16 - [MESSAGE][INFO] - [SMART_XPATH] FAILED XPATH: '//div[@id='image-menu-89c4658883e24c1891a0c28a87a7fac4']/div[2]/ul/li[3]/a'.&#xD;
&#xD;
2019-10-17 10:55:18 - [MESSAGE][INFO] - [SMART_XPATH] WORKING XPATH: '//a[contains(text(),'Edit')]'.&#xD;
&#xD;
2019-10-17 10:55:28 - [MESSAGE][ERROR] - [SMART_XPATH] Cannot save screenshot to: C:/Users/Dell/Katalon Studio/1/Reports/smart_xpath, reason: (y + height) is outside of Raster&#xD;
&#xD;
2019-10-17 10:55:30 - [MESSAGE][INFO] - [SMART_XPATH] WORKING XPATH: '(.//*[normalize-space(text()) and normalize-space(.)='Archive'])[1]/following::a[1]'.&#xD;
&#xD;
2019-10-17 10:55:41 - [MESSAGE][ERROR] - [SMART_XPATH] Cannot save screenshot to: C:/Users/Dell/Katalon Studio/1/Reports/smart_xpath, reason: (y + height) is outside of Raster&#xD;
&#xD;
2019-10-17 10:55:43 - [MESSAGE][INFO] - [SMART_XPATH] WORKING XPATH: '(.//*[normalize-space(text()) and normalize-space(.)='Page'])[1]/preceding::a[2]'.&#xD;
&#xD;
2019-10-17 10:55:53 - [MESSAGE][ERROR] - [SMART_XPATH] Cannot save screenshot to: C:/Users/Dell/Katalon Studio/1/Reports/smart_xpath, reason: (y + height) is outside of Raster&#xD;
&#xD;
2019-10-17 10:55:55 - [MESSAGE][INFO] - [SMART_XPATH] FAILED XPATH: '//a[contains(@href, '/content/images/89c4658883e24c1891a0c28a87a7fac4')]'.&#xD;
&#xD;
2019-10-17 10:55:57 - [MESSAGE][INFO] - [SMART_XPATH] WORKING XPATH: '//div[2]/div[2]/div[2]/div/div[2]/ul/li[3]/a'.&#xD;
&#xD;
2019-10-17 10:56:08 - [MESSAGE][ERROR] - [SMART_XPATH] Cannot save screenshot to: C:/Users/Dell/Katalon Studio/1/Reports/smart_xpath, reason: (y + height) is outside of Raster&#xD;
&#xD;
2019-10-17 10:56:08 - [MESSAGE][INFO] - [SMART_XPATH] Selected Smart XPath: '//a[contains(text(),'Edit')]'.&#xD;
&#xD;
2019-10-17 10:56:08 - [MESSAGE][INFO] - [SMART_XPATH] Continuing executing the test case!&#xD;
&#xD;
2019-10-17 10:56:10 - [MESSAGE][PASSED] - Object: 'Object Repository/UI Test Scenarios/Modules/Content Management/IMAGES/Edit Image/Page_Images/a_Edit' is clicked on&#xD;
&#xD;
2019-10-17 10:56:10 - [TEST_STEP][PASSED] - click(findTestObject("UI Test Scenarios/Modules/Content Management/IMAGES/Edit Image/Page_Edit Image/label_Transaction")): Object: 'Object Repository/UI Test Scenarios/Modules/Content Management/IMAGES/Edit Image/Page_Edit Image/label_Transaction' is clicked on&#xD;
&#xD;
2019-10-17 10:56:17 - [MESSAGE][PASSED] - Object: 'Object Repository/UI Test Scenarios/Modules/Content Management/IMAGES/Edit Image/Page_Edit Image/label_Transaction' is clicked on&#xD;
&#xD;
2019-10-17 10:56:17 - [TEST_STEP][FAILED] - click(findTestObject("UI Test Scenarios/Modules/Content Management/IMAGES/Edit Image/Page_Edit Image/button_Save")): Unable to click on object 'Object Repository/UI Test Scenarios/Modules/Content Management/IMAGES/Edit Image/Page_Edit Image/button_Save' (Root cause: com.kms.katalon.core.exception.StepFailedException: Unable to click on object 'Object Repository/UI Test Scenarios/Modules/Content Management/IMAGES/Edit Image/Page_Edit Image/button_Save'&#xD;
	at com.kms.katalon.core.webui.keyword.internal.WebUIKeywordMain.stepFailed(WebUIKeywordMain.groovy:64)&#xD;
	at com.kms.katalon.core.webui.keyword.internal.WebUIKeywordMain.runKeyword(WebUIKeywordMain.groovy:26)&#xD;
	at com.kms.katalon.core.webui.keyword.builtin.ClickKeyword.click(ClickKeyword.groovy:86)&#xD;
	at com.kms.katalon.core.webui.keyword.builtin.ClickKeyword.execute(ClickKeyword.groovy:67)&#xD;
	at com.kms.katalon.core.keyword.internal.KeywordExecutor.executeKeywordForPlatform(KeywordExecutor.groovy:56)&#xD;
	at com.kms.katalon.core.webui.keyword.WebUiBuiltInKeywords.click(WebUiBuiltInKeywords.groovy:616)&#xD;
	at com.kms.katalon.core.webui.keyword.WebUiBuiltInKeywords$click$2.call(Unknown Source)&#xD;
	at Edit Image.run(Edit Image:29)&#xD;
	at com.kms.katalon.core.main.ScriptEngine.run(ScriptEngine.java:194)&#xD;
	at com.kms.katalon.core.main.ScriptEngine.runScriptAsRawText(ScriptEngine.java:119)&#xD;
	at com.kms.katalon.core.main.TestCaseExecutor.runScript(TestCaseExecutor.java:337)&#xD;
	at com.kms.katalon.core.main.TestCaseExecutor.doExecute(TestCaseExecutor.java:328)&#xD;
	at com.kms.katalon.core.main.TestCaseExecutor.processExecutionPhase(TestCaseExecutor.java:307)&#xD;
	at com.kms.katalon.core.main.TestCaseExecutor.accessMainPhase(TestCaseExecutor.java:299)&#xD;
	at com.kms.katalon.core.main.TestCaseExecutor.execute(TestCaseExecutor.java:233)&#xD;
	at com.kms.katalon.core.main.TestSuiteExecutor.accessTestCaseMainPhase(TestSuiteExecutor.java:169)&#xD;
	at com.kms.katalon.core.main.TestSuiteExecutor.accessTestSuiteMainPhase(TestSuiteExecutor.java:142)&#xD;
	at com.kms.katalon.core.main.TestSuiteExecutor.execute(TestSuiteExecutor.java:91)&#xD;
	at com.kms.katalon.core.main.TestCaseMain.startTestSuite(TestCaseMain.java:157)&#xD;
	at com.kms.katalon.core.main.TestCaseMain$startTestSuite$0.call(Unknown Source)&#xD;
	at TempTestSuite1571289697580.run(TempTestSuite1571289697580.groovy:35)&#xD;
Caused by: org.openqa.selenium.ElementClickInterceptedException: element click intercepted: Element &lt;button disabled="" type="button" class="btn btn-lg btn-primary"&gt;...&lt;/button&gt; is not clickable at point (1244, 157). Other element would receive the click: &lt;div class="page-toolbar"&gt;...&lt;/div&gt;
  (Session info: chrome=77.0.3865.120)
Build info: version: '3.141.59', revision: 'e82be7d358', time: '2018-11-14T08:25:53'
System info: host: 'DESKTOP-A4R0EHC', ip: '192.168.0.110', os.name: 'Windows 10', os.arch: 'amd64', os.version: '10.0', java.version: '1.8.0_181'
Driver info: com.kms.katalon.selenium.driver.CChromeDriver
Capabilities {acceptInsecureCerts: false, browserName: chrome, browserVersion: 77.0.3865.120, chrome: {chromedriverVersion: 76.0.3809.68 (420c9498db8ce..., userDataDir: C:\Users\Dell\AppData\Local...}, goog:chromeOptions: {debuggerAddress: localhost:61270}, javascriptEnabled: true, networkConnectionEnabled: false, pageLoadStrategy: normal, platform: XP, platformName: XP, proxy: Proxy(), setWindowRect: true, strictFileInteractability: false, timeouts: {implicit: 0, pageLoad: 300000, script: 30000}, unhandledPromptBehavior: dismiss and notify}
Session ID: 8647b411958b54e73972ef0c1319345f&#xD;
	at org.openqa.selenium.remote.http.W3CHttpResponseCodec.createException(W3CHttpResponseCodec.java:187)&#xD;
	at org.openqa.selenium.remote.http.W3CHttpResponseCodec.decode(W3CHttpResponseCodec.java:122)&#xD;
	at org.openqa.selenium.remote.http.W3CHttpResponseCodec.decode(W3CHttpResponseCodec.java:49)&#xD;
	at org.openqa.selenium.remote.HttpCommandExecutor.execute(HttpCommandExecutor.java:158)&#xD;
	at org.openqa.selenium.remote.service.DriverCommandExecutor.execute(DriverCommandExecutor.java:83)&#xD;
	at org.openqa.selenium.remote.RemoteWebDriver.execute(RemoteWebDriver.java:552)&#xD;
	at com.kms.katalon.selenium.driver.CChromeDriver.execute(CChromeDriver.java:20)&#xD;
	at org.openqa.selenium.remote.RemoteWebElement.execute(RemoteWebElement.java:285)&#xD;
	at org.openqa.selenium.remote.RemoteWebElement.click(RemoteWebElement.java:84)&#xD;
	at com.kms.katalon.core.webui.keyword.builtin.ClickKeyword$_click_closure1.doCall(ClickKeyword.groovy:79)&#xD;
	at com.kms.katalon.core.webui.keyword.builtin.ClickKeyword$_click_closure1.call(ClickKeyword.groovy)&#xD;
	at com.kms.katalon.core.webui.keyword.internal.WebUIKeywordMain.runKeyword(WebUIKeywordMain.groovy:20)&#xD;
	at com.kms.katalon.core.webui.keyword.builtin.ClickKeyword.click(ClickKeyword.groovy:86)&#xD;
	at com.kms.katalon.core.webui.keyword.builtin.ClickKeyword.execute(ClickKeyword.groovy:67)&#xD;
	at com.kms.katalon.core.keyword.internal.KeywordExecutor.executeKeywordForPlatform(KeywordExecutor.groovy:56)&#xD;
	at com.kms.katalon.core.webui.keyword.WebUiBuiltInKeywords.click(WebUiBuiltInKeywords.groovy:616)&#xD;
	at com.kms.katalon.core.webui.keyword.WebUiBuiltInKeywords$click$2.call(Unknown Source)&#xD;
	at Script1571287639435.run(Script1571287639435.groovy:29)&#xD;
	... 13 more&#xD;
)&#xD;
&#xD;
2019-10-17 10:56:24 - [MESSAGE][FAILED] - Unable to click on object 'Object Repository/UI Test Scenarios/Modules/Content Management/IMAGES/Edit Image/Page_Edit Image/button_Save' (Root cause: com.kms.katalon.core.exception.StepFailedException: Unable to click on object 'Object Repository/UI Test Scenarios/Modules/Content Management/IMAGES/Edit Image/Page_Edit Image/button_Save'&#xD;
	at com.kms.katalon.core.webui.keyword.internal.WebUIKeywordMain.stepFailed(WebUIKeywordMain.groovy:64)&#xD;
	at com.kms.katalon.core.webui.keyword.internal.WebUIKeywordMain.runKeyword(WebUIKeywordMain.groovy:26)&#xD;
	at com.kms.katalon.core.webui.keyword.builtin.ClickKeyword.click(ClickKeyword.groovy:86)&#xD;
	at com.kms.katalon.core.webui.keyword.builtin.ClickKeyword.execute(ClickKeyword.groovy:67)&#xD;
	at com.kms.katalon.core.keyword.internal.KeywordExecutor.executeKeywordForPlatform(KeywordExecutor.groovy:56)&#xD;
	at com.kms.katalon.core.webui.keyword.WebUiBuiltInKeywords.click(WebUiBuiltInKeywords.groovy:616)&#xD;
	at com.kms.katalon.core.webui.keyword.WebUiBuiltInKeywords$click$2.call(Unknown Source)&#xD;
	at Edit Image.run(Edit Image:29)&#xD;
	at com.kms.katalon.core.main.ScriptEngine.run(ScriptEngine.java:194)&#xD;
	at com.kms.katalon.core.main.ScriptEngine.runScriptAsRawText(ScriptEngine.java:119)&#xD;
	at com.kms.katalon.core.main.TestCaseExecutor.runScript(TestCaseExecutor.java:337)&#xD;
	at com.kms.katalon.core.main.TestCaseExecutor.doExecute(TestCaseExecutor.java:328)&#xD;
	at com.kms.katalon.core.main.TestCaseExecutor.processExecutionPhase(TestCaseExecutor.java:307)&#xD;
	at com.kms.katalon.core.main.TestCaseExecutor.accessMainPhase(TestCaseExecutor.java:299)&#xD;
	at com.kms.katalon.core.main.TestCaseExecutor.execute(TestCaseExecutor.java:233)&#xD;
	at com.kms.katalon.core.main.TestSuiteExecutor.accessTestCaseMainPhase(TestSuiteExecutor.java:169)&#xD;
	at com.kms.katalon.core.main.TestSuiteExecutor.accessTestSuiteMainPhase(TestSuiteExecutor.java:142)&#xD;
	at com.kms.katalon.core.main.TestSuiteExecutor.execute(TestSuiteExecutor.java:91)&#xD;
	at com.kms.katalon.core.main.TestCaseMain.startTestSuite(TestCaseMain.java:157)&#xD;
	at com.kms.katalon.core.main.TestCaseMain$startTestSuite$0.call(Unknown Source)&#xD;
	at TempTestSuite1571289697580.run(TempTestSuite1571289697580.groovy:35)&#xD;
Caused by: org.openqa.selenium.ElementClickInterceptedException: element click intercepted: Element &lt;button disabled="" type="button" class="btn btn-lg btn-primary"&gt;...&lt;/button&gt; is not clickable at point (1244, 157). Other element would receive the click: &lt;div class="page-toolbar"&gt;...&lt;/div&gt;
  (Session info: chrome=77.0.3865.120)
Build info: version: '3.141.59', revision: 'e82be7d358', time: '2018-11-14T08:25:53'
System info: host: 'DESKTOP-A4R0EHC', ip: '192.168.0.110', os.name: 'Windows 10', os.arch: 'amd64', os.version: '10.0', java.version: '1.8.0_181'
Driver info: com.kms.katalon.selenium.driver.CChromeDriver
Capabilities {acceptInsecureCerts: false, browserName: chrome, browserVersion: 77.0.3865.120, chrome: {chromedriverVersion: 76.0.3809.68 (420c9498db8ce..., userDataDir: C:\Users\Dell\AppData\Local...}, goog:chromeOptions: {debuggerAddress: localhost:61270}, javascriptEnabled: true, networkConnectionEnabled: false, pageLoadStrategy: normal, platform: XP, platformName: XP, proxy: Proxy(), setWindowRect: true, strictFileInteractability: false, timeouts: {implicit: 0, pageLoad: 300000, script: 30000}, unhandledPromptBehavior: dismiss and notify}
Session ID: 8647b411958b54e73972ef0c1319345f&#xD;
	at org.openqa.selenium.remote.http.W3CHttpResponseCodec.createException(W3CHttpResponseCodec.java:187)&#xD;
	at org.openqa.selenium.remote.http.W3CHttpResponseCodec.decode(W3CHttpResponseCodec.java:122)&#xD;
	at org.openqa.selenium.remote.http.W3CHttpResponseCodec.decode(W3CHttpResponseCodec.java:49)&#xD;
	at org.openqa.selenium.remote.HttpCommandExecutor.execute(HttpCommandExecutor.java:158)&#xD;
	at org.openqa.selenium.remote.service.DriverCommandExecutor.execute(DriverCommandExecutor.java:83)&#xD;
	at org.openqa.selenium.remote.RemoteWebDriver.execute(RemoteWebDriver.java:552)&#xD;
	at com.kms.katalon.selenium.driver.CChromeDriver.execute(CChromeDriver.java:20)&#xD;
	at org.openqa.selenium.remote.RemoteWebElement.execute(RemoteWebElement.java:285)&#xD;
	at org.openqa.selenium.remote.RemoteWebElement.click(RemoteWebElement.java:84)&#xD;
	at com.kms.katalon.core.webui.keyword.builtin.ClickKeyword$_click_closure1.doCall(ClickKeyword.groovy:79)&#xD;
	at com.kms.katalon.core.webui.keyword.builtin.ClickKeyword$_click_closure1.call(ClickKeyword.groovy)&#xD;
	at com.kms.katalon.core.webui.keyword.internal.WebUIKeywordMain.runKeyword(WebUIKeywordMain.groovy:20)&#xD;
	at com.kms.katalon.core.webui.keyword.builtin.ClickKeyword.click(ClickKeyword.groovy:86)&#xD;
	at com.kms.katalon.core.webui.keyword.builtin.ClickKeyword.execute(ClickKeyword.groovy:67)&#xD;
	at com.kms.katalon.core.keyword.internal.KeywordExecutor.executeKeywordForPlatform(KeywordExecutor.groovy:56)&#xD;
	at com.kms.katalon.core.webui.keyword.WebUiBuiltInKeywords.click(WebUiBuiltInKeywords.groovy:616)&#xD;
	at com.kms.katalon.core.webui.keyword.WebUiBuiltInKeywords$click$2.call(Unknown Source)&#xD;
	at Script1571287639435.run(Script1571287639435.groovy:29)&#xD;
	... 13 more&#xD;
)&#xD;
[[ATTACHMENT|C:\\Users\\Dell\\Katalon Studio\\1\\Reports\\20191017_105137\\UI Suits\\Regression Images\\20191017_105137\\1571289981835.png]]</system-out>
            <system-err>2019-10-17 10:52:55 - [TEST_CASE][FAILED] - Test Cases/UI Test Scenarios/Modules/Content Management/IMAGES/Edit Image: Test Cases/UI Test Scenarios/Modules/Content Management/IMAGES/Edit Image FAILED.
Reason:
com.kms.katalon.core.exception.StepFailedException: Unable to click on object 'Object Repository/UI Test Scenarios/Modules/Content Management/IMAGES/Edit Image/Page_Edit Image/button_Save'&#xD;
	at com.kms.katalon.core.webui.keyword.internal.WebUIKeywordMain.stepFailed(WebUIKeywordMain.groovy:64)&#xD;
	at com.kms.katalon.core.webui.keyword.internal.WebUIKeywordMain.runKeyword(WebUIKeywordMain.groovy:26)&#xD;
	at com.kms.katalon.core.webui.keyword.builtin.ClickKeyword.click(ClickKeyword.groovy:86)&#xD;
	at com.kms.katalon.core.webui.keyword.builtin.ClickKeyword.execute(ClickKeyword.groovy:67)&#xD;
	at com.kms.katalon.core.keyword.internal.KeywordExecutor.executeKeywordForPlatform(KeywordExecutor.groovy:56)&#xD;
	at com.kms.katalon.core.webui.keyword.WebUiBuiltInKeywords.click(WebUiBuiltInKeywords.groovy:616)&#xD;
	at com.kms.katalon.core.webui.keyword.WebUiBuiltInKeywords$click$2.call(Unknown Source)&#xD;
	at Edit Image.run(Edit Image:29)&#xD;
	at com.kms.katalon.core.main.ScriptEngine.run(ScriptEngine.java:194)&#xD;
	at com.kms.katalon.core.main.ScriptEngine.runScriptAsRawText(ScriptEngine.java:119)&#xD;
	at com.kms.katalon.core.main.TestCaseExecutor.runScript(TestCaseExecutor.java:337)&#xD;
	at com.kms.katalon.core.main.TestCaseExecutor.doExecute(TestCaseExecutor.java:328)&#xD;
	at com.kms.katalon.core.main.TestCaseExecutor.processExecutionPhase(TestCaseExecutor.java:307)&#xD;
	at com.kms.katalon.core.main.TestCaseExecutor.accessMainPhase(TestCaseExecutor.java:299)&#xD;
	at com.kms.katalon.core.main.TestCaseExecutor.execute(TestCaseExecutor.java:233)&#xD;
	at com.kms.katalon.core.main.TestSuiteExecutor.accessTestCaseMainPhase(TestSuiteExecutor.java:169)&#xD;
	at com.kms.katalon.core.main.TestSuiteExecutor.accessTestSuiteMainPhase(TestSuiteExecutor.java:142)&#xD;
	at com.kms.katalon.core.main.TestSuiteExecutor.execute(TestSuiteExecutor.java:91)&#xD;
	at com.kms.katalon.core.main.TestCaseMain.startTestSuite(TestCaseMain.java:157)&#xD;
	at com.kms.katalon.core.main.TestCaseMain$startTestSuite$0.call(Unknown Source)&#xD;
	at TempTestSuite1571289697580.run(TempTestSuite1571289697580.groovy:35)&#xD;
Caused by: org.openqa.selenium.ElementClickInterceptedException: element click intercepted: Element &lt;button disabled="" type="button" class="btn btn-lg btn-primary"&gt;...&lt;/button&gt; is not clickable at point (1244, 157). Other element would receive the click: &lt;div class="page-toolbar"&gt;...&lt;/div&gt;
  (Session info: chrome=77.0.3865.120)
Build info: version: '3.141.59', revision: 'e82be7d358', time: '2018-11-14T08:25:53'
System info: host: 'DESKTOP-A4R0EHC', ip: '192.168.0.110', os.name: 'Windows 10', os.arch: 'amd64', os.version: '10.0', java.version: '1.8.0_181'
Driver info: com.kms.katalon.selenium.driver.CChromeDriver
Capabilities {acceptInsecureCerts: false, browserName: chrome, browserVersion: 77.0.3865.120, chrome: {chromedriverVersion: 76.0.3809.68 (420c9498db8ce..., userDataDir: C:\Users\Dell\AppData\Local...}, goog:chromeOptions: {debuggerAddress: localhost:61270}, javascriptEnabled: true, networkConnectionEnabled: false, pageLoadStrategy: normal, platform: XP, platformName: XP, proxy: Proxy(), setWindowRect: true, strictFileInteractability: false, timeouts: {implicit: 0, pageLoad: 300000, script: 30000}, unhandledPromptBehavior: dismiss and notify}
Session ID: 8647b411958b54e73972ef0c1319345f&#xD;
	at org.openqa.selenium.remote.http.W3CHttpResponseCodec.createException(W3CHttpResponseCodec.java:187)&#xD;
	at org.openqa.selenium.remote.http.W3CHttpResponseCodec.decode(W3CHttpResponseCodec.java:122)&#xD;
	at org.openqa.selenium.remote.http.W3CHttpResponseCodec.decode(W3CHttpResponseCodec.java:49)&#xD;
	at org.openqa.selenium.remote.HttpCommandExecutor.execute(HttpCommandExecutor.java:158)&#xD;
	at org.openqa.selenium.remote.service.DriverCommandExecutor.execute(DriverCommandExecutor.java:83)&#xD;
	at org.openqa.selenium.remote.RemoteWebDriver.execute(RemoteWebDriver.java:552)&#xD;
	at com.kms.katalon.selenium.driver.CChromeDriver.execute(CChromeDriver.java:20)&#xD;
	at org.openqa.selenium.remote.RemoteWebElement.execute(RemoteWebElement.java:285)&#xD;
	at org.openqa.selenium.remote.RemoteWebElement.click(RemoteWebElement.java:84)&#xD;
	at com.kms.katalon.core.webui.keyword.builtin.ClickKeyword$_click_closure1.doCall(ClickKeyword.groovy:79)&#xD;
	at com.kms.katalon.core.webui.keyword.builtin.ClickKeyword$_click_closure1.call(ClickKeyword.groovy)&#xD;
	at com.kms.katalon.core.webui.keyword.internal.WebUIKeywordMain.runKeyword(WebUIKeywordMain.groovy:20)&#xD;
	... 19 more</system-err>
        </testcase>
        <testcase name="Test Cases/UI Test Scenarios/Modules/Content Management/IMAGES/Archive Image" classname="Test Cases/UI Test Scenarios/Modules/Content Management/IMAGES/Archive Image" status="PASSED">
            <system-out>2019-10-17 10:56:24 - [TEST_CASE][PASSED] - Test Cases/UI Test Scenarios/Modules/Content Management/IMAGES/Archive Image: Test Cases/UI Test Scenarios/Modules/Content Management/IMAGES/Archive Image&#xD;
&#xD;
2019-10-17 10:56:24 - [TEST_STEP][NOT_RUN] - click(findTestObject("UI Test Scenarios/Modules/Content Management/IMAGES/Archive Image/Page_Images/div_Most Recent Uploads_library-table-checkbox no-label checkbox")): NOT_RUN: click(findTestObject("UI Test Scenarios/Modules/Content Management/IMAGES/Archive Image/Page_Images/div_Most Recent Uploads_library-table-checkbox no-label checkbox"))&#xD;
&#xD;
2019-10-17 10:56:24 - [MESSAGE][NOT_RUN] - NOT_RUN: click(findTestObject("UI Test Scenarios/Modules/Content Management/IMAGES/Archive Image/Page_Images/div_Most Recent Uploads_library-table-checkbox no-label checkbox"))&#xD;
&#xD;
2019-10-17 10:56:24 - [TEST_STEP][NOT_RUN] - click(findTestObject("UI Test Scenarios/Modules/Content Management/IMAGES/Archive Image/Page_Images/button_Archive")): NOT_RUN: click(findTestObject("UI Test Scenarios/Modules/Content Management/IMAGES/Archive Image/Page_Images/button_Archive"))&#xD;
&#xD;
2019-10-17 10:56:24 - [MESSAGE][NOT_RUN] - NOT_RUN: click(findTestObject("UI Test Scenarios/Modules/Content Management/IMAGES/Archive Image/Page_Images/button_Archive"))&#xD;
&#xD;
2019-10-17 10:56:24 - [TEST_STEP][NOT_RUN] - click(findTestObject("UI Test Scenarios/Modules/Content Management/IMAGES/Archive Image/Page_Images/button_Yes")): NOT_RUN: click(findTestObject("UI Test Scenarios/Modules/Content Management/IMAGES/Archive Image/Page_Images/button_Yes"))&#xD;
&#xD;
2019-10-17 10:56:24 - [MESSAGE][NOT_RUN] - NOT_RUN: click(findTestObject("UI Test Scenarios/Modules/Content Management/IMAGES/Archive Image/Page_Images/button_Yes"))</system-out>
            <system-err></system-err>
        </testcase>
        <testcase name="Test Cases/UI Test Scenarios/Modules/Logout/GSM Logout" classname="Test Cases/UI Test Scenarios/Modules/Logout/GSM Logout" status="PASSED">
            <system-out>2019-10-17 10:56:24 - [TEST_CASE][PASSED] - Test Cases/UI Test Scenarios/Modules/Logout/GSM Logout: Test Cases/UI Test Scenarios/Modules/Logout/GSM Logout&#xD;
&#xD;
2019-10-17 10:56:24 - [TEST_STEP][PASSED] - click(findTestObject("UI Test Scenarios/Modules/GSM Logout/Page_Templates/a_Help_user-panel-dropdown-4")): Object: 'Object Repository/UI Test Scenarios/Modules/GSM Logout/Page_Templates/a_Help_user-panel-dropdown-4' is clicked on&#xD;
&#xD;
2019-10-17 10:56:28 - [MESSAGE][PASSED] - Object: 'Object Repository/UI Test Scenarios/Modules/GSM Logout/Page_Templates/a_Help_user-panel-dropdown-4' is clicked on&#xD;
&#xD;
2019-10-17 10:56:28 - [TEST_STEP][PASSED] - click(findTestObject("UI Test Scenarios/Modules/GSM Logout/Page_Templates/a_Log Out")): Object: 'Object Repository/UI Test Scenarios/Modules/GSM Logout/Page_Templates/a_Log Out' is clicked on&#xD;
&#xD;
2019-10-17 10:56:33 - [MESSAGE][PASSED] - Object: 'Object Repository/UI Test Scenarios/Modules/GSM Logout/Page_Templates/a_Log Out' is clicked on</system-out>
            <system-err></system-err>
        </testcase>
        <system-out>2019-10-17 10:51:45 - [TEST_SUITE][INCOMPLETE] - Regression Images: null</system-out>
        <system-err>2019-10-17 10:51:45 - [TEST_SUITE][INCOMPLETE] - Regression Images: null</system-err>
    </testsuite>
</testsuites>
