<?xml version="1.0" encoding="UTF-8" standalone="yes"?>
<testsuites name="Para" time="321" tests="0" failures="0" errors="3">
    <testsuite name="Para" tests="0" failures="0" errors="3" time="321" timestamp="2019-10-21 10:59:47" hostname="Dell - DESKTOP-A4R0EHC" id="Test Suites/Para">
        <properties>
            <property name="deviceName" value=""/>
            <property name="devicePlatform" value=""/>
            <property name="logFolder" value="C:\\Users\\Dell\\Katalon Studio\\GSM Demo\\Reports\\20191021_105936\\Para\\20191021_105936"/>
            <property name="logFiles" value="C:\\Users\\Dell\\Katalon Studio\\GSM Demo\\Reports\\20191021_105936\\Para\\20191021_105936\\execution0.log"/>
            <property name="attachments" value=""/>
            <property name="hostName" value="Dell - DESKTOP-A4R0EHC"/>
            <property name="os" value="Windows 10 64bit"/>
            <property name="katalonVersion" value="6.3.3.11"/>
            <property name="browser" value="Chrome 77.0.3865.120"/>
            <property name="hostAddress" value="192.168.0.110"/>
            <property name="sessionId" value="7e06165884e1fc23d8e4448fab08f75e"/>
            <property name="seleniumVersion" value="3.141.59"/>
            <property name="proxyInformation" value="ProxyInformation{proxyOption=NO_PROXY, proxyServerType=HTTP, password=, proxyServerAddress=, proxyServerPort=0}"/>
            <property name="platform" value="Windows 10"/>
        </properties>
        <testcase name="Test Cases/Para" classname="Test Cases/Para" status="ERROR">
            <error type="ERROR" message="Test Cases/Para FAILED.&#xA;Reason:&#xA;groovy.lang.MissingPropertyException: No such property: Title for class: Script1571633244667&#xD;&#xA;&#x9;at Para.run(Para:50)&#xD;&#xA;&#x9;at com.kms.katalon.core.main.ScriptEngine.run(ScriptEngine.java:194)&#xD;&#xA;&#x9;at com.kms.katalon.core.main.ScriptEngine.runScriptAsRawText(ScriptEngine.java:119)&#xD;&#xA;&#x9;at com.kms.katalon.core.main.TestCaseExecutor.runScript(TestCaseExecutor.java:337)&#xD;&#xA;&#x9;at com.kms.katalon.core.main.TestCaseExecutor.doExecute(TestCaseExecutor.java:328)&#xD;&#xA;&#x9;at com.kms.katalon.core.main.TestCaseExecutor.processExecutionPhase(TestCaseExecutor.java:307)&#xD;&#xA;&#x9;at com.kms.katalon.core.main.TestCaseExecutor.accessMainPhase(TestCaseExecutor.java:299)&#xD;&#xA;&#x9;at com.kms.katalon.core.main.TestCaseExecutor.execute(TestCaseExecutor.java:233)&#xD;&#xA;&#x9;at com.kms.katalon.core.main.TestSuiteExecutor.accessTestCaseMainPhase(TestSuiteExecutor.java:169)&#xD;&#xA;&#x9;at com.kms.katalon.core.main.TestSuiteExecutor.accessTestSuiteMainPhase(TestSuiteExecutor.java:142)&#xD;&#xA;&#x9;at com.kms.katalon.core.main.TestSuiteExecutor.execute(TestSuiteExecutor.java:91)&#xD;&#xA;&#x9;at com.kms.katalon.core.main.TestCaseMain.startTestSuite(TestCaseMain.java:157)&#xD;&#xA;&#x9;at com.kms.katalon.core.main.TestCaseMain$startTestSuite$0.call(Unknown Source)&#xD;&#xA;&#x9;at TempTestSuite1571635776968.run(TempTestSuite1571635776968.groovy:35)&#xD;&#xA;"/>
            <system-out>2019-10-21 10:59:48 - [TEST_CASE][ERROR] - Test Cases/Para: Test Cases/Para FAILED.
Reason:
groovy.lang.MissingPropertyException: No such property: Title for class: Script1571633244667&#xD;
	at Para.run(Para:50)&#xD;
	at com.kms.katalon.core.main.ScriptEngine.run(ScriptEngine.java:194)&#xD;
	at com.kms.katalon.core.main.ScriptEngine.runScriptAsRawText(ScriptEngine.java:119)&#xD;
	at com.kms.katalon.core.main.TestCaseExecutor.runScript(TestCaseExecutor.java:337)&#xD;
	at com.kms.katalon.core.main.TestCaseExecutor.doExecute(TestCaseExecutor.java:328)&#xD;
	at com.kms.katalon.core.main.TestCaseExecutor.processExecutionPhase(TestCaseExecutor.java:307)&#xD;
	at com.kms.katalon.core.main.TestCaseExecutor.accessMainPhase(TestCaseExecutor.java:299)&#xD;
	at com.kms.katalon.core.main.TestCaseExecutor.execute(TestCaseExecutor.java:233)&#xD;
	at com.kms.katalon.core.main.TestSuiteExecutor.accessTestCaseMainPhase(TestSuiteExecutor.java:169)&#xD;
	at com.kms.katalon.core.main.TestSuiteExecutor.accessTestSuiteMainPhase(TestSuiteExecutor.java:142)&#xD;
	at com.kms.katalon.core.main.TestSuiteExecutor.execute(TestSuiteExecutor.java:91)&#xD;
	at com.kms.katalon.core.main.TestCaseMain.startTestSuite(TestCaseMain.java:157)&#xD;
	at com.kms.katalon.core.main.TestCaseMain$startTestSuite$0.call(Unknown Source)&#xD;
	at TempTestSuite1571635776968.run(TempTestSuite1571635776968.groovy:35)&#xD;
&#xD;
&#xD;
2019-10-21 10:59:49 - [TEST_STEP][PASSED] - openBrowser(""): Browser is opened with url: ''&#xD;
&#xD;
2019-10-21 10:59:49 - [MESSAGE][INFO] - Starting 'Chrome' driver&#xD;
&#xD;
2019-10-21 10:59:49 - [MESSAGE][INFO] - Action delay is set to 2 seconds&#xD;
&#xD;
2019-10-21 11:00:00 - [MESSAGE][PASSED] - Browser is opened with url: ''&#xD;
&#xD;
2019-10-21 11:00:00 - [TEST_STEP][PASSED] - navigateToUrl(url): Navigate to 'https://sandbox.gsm.auto/logout' successfully&#xD;
&#xD;
2019-10-21 11:00:07 - [MESSAGE][PASSED] - Navigate to 'https://sandbox.gsm.auto/logout' successfully&#xD;
&#xD;
2019-10-21 11:00:07 - [TEST_STEP][PASSED] - click(findTestObject("Object Repository/Para/Page_GSM Portal/button_Log in")): Object: 'Object Repository/Para/Page_GSM Portal/button_Log in' is clicked on&#xD;
&#xD;
2019-10-21 11:00:15 - [MESSAGE][PASSED] - Object: 'Object Repository/Para/Page_GSM Portal/button_Log in' is clicked on&#xD;
&#xD;
2019-10-21 11:00:15 - [TEST_STEP][PASSED] - setText(findTestObject("Object Repository/Para/Page_GSM Login/input_Email Address_email"), un): Text 'sankaran@totient.co.in' is set on object 'Object Repository/Para/Page_GSM Login/input_Email Address_email'&#xD;
&#xD;
2019-10-21 11:00:21 - [MESSAGE][PASSED] - Text 'sankaran@totient.co.in' is set on object 'Object Repository/Para/Page_GSM Login/input_Email Address_email'&#xD;
&#xD;
2019-10-21 11:00:21 - [TEST_STEP][PASSED] - setText(findTestObject("Object Repository/Para/Page_GSM Login/input_Password_password"), pw): Text 'sandbox85!' is set on object 'Object Repository/Para/Page_GSM Login/input_Password_password'&#xD;
&#xD;
2019-10-21 11:00:28 - [MESSAGE][PASSED] - Text 'sandbox85!' is set on object 'Object Repository/Para/Page_GSM Login/input_Password_password'&#xD;
&#xD;
2019-10-21 11:00:28 - [TEST_STEP][PASSED] - click(findTestObject("Object Repository/Para/Page_GSM Login/button_Log In")): Object: 'Object Repository/Para/Page_GSM Login/button_Log In' is clicked on&#xD;
&#xD;
2019-10-21 11:00:32 - [MESSAGE][PASSED] - Object: 'Object Repository/Para/Page_GSM Login/button_Log In' is clicked on&#xD;
&#xD;
2019-10-21 11:00:32 - [TEST_STEP][PASSED] - click(findTestObject("Object Repository/Para/Page_Dashboard/div_Content")): Object: 'Object Repository/Para/Page_Dashboard/div_Content' is clicked on&#xD;
&#xD;
2019-10-21 11:00:46 - [MESSAGE][PASSED] - Object: 'Object Repository/Para/Page_Dashboard/div_Content' is clicked on&#xD;
&#xD;
2019-10-21 11:00:46 - [TEST_STEP][PASSED] - click(findTestObject("Object Repository/Para/Page_Templates/a_Offers")): Object: 'Object Repository/Para/Page_Templates/a_Offers' is clicked on&#xD;
&#xD;
2019-10-21 11:00:50 - [MESSAGE][PASSED] - Object: 'Object Repository/Para/Page_Templates/a_Offers' is clicked on&#xD;
&#xD;
2019-10-21 11:00:50 - [TEST_STEP][PASSED] - click(findTestObject("Object Repository/Para/Page_Offers/a_New Offer")): Object: 'Object Repository/Para/Page_Offers/a_New Offer' is clicked on&#xD;
&#xD;
2019-10-21 11:00:57 - [MESSAGE][PASSED] - Object: 'Object Repository/Para/Page_Offers/a_New Offer' is clicked on&#xD;
&#xD;
2019-10-21 11:00:57 - [TEST_STEP][PASSED] - setText(findTestObject("Object Repository/Para/Page_Offers/input_Offer Name_name"), OfferName): Text 'abc1' is set on object 'Object Repository/Para/Page_Offers/input_Offer Name_name'&#xD;
&#xD;
2019-10-21 11:01:08 - [MESSAGE][PASSED] - Text 'abc1' is set on object 'Object Repository/Para/Page_Offers/input_Offer Name_name'&#xD;
&#xD;
2019-10-21 11:01:08 - [TEST_STEP][PASSED] - click(findTestObject("Object Repository/Para/Page_Offers/input_Marketing Category_marketingCategory")): Object: 'Object Repository/Para/Page_Offers/input_Marketing Category_marketingCategory' is clicked on&#xD;
&#xD;
2019-10-21 11:01:13 - [MESSAGE][PASSED] - Object: 'Object Repository/Para/Page_Offers/input_Marketing Category_marketingCategory' is clicked on&#xD;
&#xD;
2019-10-21 11:01:13 - [TEST_STEP][PASSED] - setText(findTestObject("Object Repository/Para/Page_Offers/textarea_Offer Description_description"), OfferDescription): Text 'abc' is set on object 'Object Repository/Para/Page_Offers/textarea_Offer Description_description'&#xD;
&#xD;
2019-10-21 11:01:19 - [MESSAGE][PASSED] - Text 'abc' is set on object 'Object Repository/Para/Page_Offers/textarea_Offer Description_description'&#xD;
&#xD;
2019-10-21 11:01:19 - [TEST_STEP][PASSED] - setText(findTestObject("Object Repository/Para/Page_Offers/input_Objects set to expire will be automatically archived_expiration"), "10/25/2019"): Text '10/25/2019' is set on object 'Object Repository/Para/Page_Offers/input_Objects set to expire will be automatically archived_expiration'&#xD;
&#xD;
2019-10-21 11:01:25 - [MESSAGE][PASSED] - Text '10/25/2019' is set on object 'Object Repository/Para/Page_Offers/input_Objects set to expire will be automatically archived_expiration'&#xD;
&#xD;
2019-10-21 11:01:25 - [TEST_STEP][PASSED] - click(findTestObject("Object Repository/Para/Page_Offers/button_Select")): Object: 'Object Repository/Para/Page_Offers/button_Select' is clicked on&#xD;
&#xD;
2019-10-21 11:01:30 - [MESSAGE][PASSED] - Object: 'Object Repository/Para/Page_Offers/button_Select' is clicked on&#xD;
&#xD;
2019-10-21 11:01:30 - [TEST_STEP][PASSED] - click(findTestObject("Object Repository/Para/Page_Offers/a_English (US)")): Object: 'Object Repository/Para/Page_Offers/a_English (US)' is clicked on&#xD;
&#xD;
2019-10-21 11:01:34 - [MESSAGE][PASSED] - Object: 'Object Repository/Para/Page_Offers/a_English (US)' is clicked on&#xD;
&#xD;
2019-10-21 11:01:34 - [TEST_STEP][PASSED] - click(findTestObject("Object Repository/Para/Page_Offers/button_Next")): Object: 'Object Repository/Para/Page_Offers/button_Next' is clicked on&#xD;
&#xD;
2019-10-21 11:01:38 - [MESSAGE][PASSED] - Object: 'Object Repository/Para/Page_Offers/button_Next' is clicked on&#xD;
&#xD;
2019-10-21 11:01:38 - [TEST_STEP][PASSED] - setText(findTestObject("Object Repository/Para/Page_Offers/textarea_Title_title"), Title): null</system-out>
            <system-err>2019-10-21 10:59:48 - [TEST_CASE][ERROR] - Test Cases/Para: Test Cases/Para FAILED.
Reason:
groovy.lang.MissingPropertyException: No such property: Title for class: Script1571633244667&#xD;
	at Para.run(Para:50)&#xD;
	at com.kms.katalon.core.main.ScriptEngine.run(ScriptEngine.java:194)&#xD;
	at com.kms.katalon.core.main.ScriptEngine.runScriptAsRawText(ScriptEngine.java:119)&#xD;
	at com.kms.katalon.core.main.TestCaseExecutor.runScript(TestCaseExecutor.java:337)&#xD;
	at com.kms.katalon.core.main.TestCaseExecutor.doExecute(TestCaseExecutor.java:328)&#xD;
	at com.kms.katalon.core.main.TestCaseExecutor.processExecutionPhase(TestCaseExecutor.java:307)&#xD;
	at com.kms.katalon.core.main.TestCaseExecutor.accessMainPhase(TestCaseExecutor.java:299)&#xD;
	at com.kms.katalon.core.main.TestCaseExecutor.execute(TestCaseExecutor.java:233)&#xD;
	at com.kms.katalon.core.main.TestSuiteExecutor.accessTestCaseMainPhase(TestSuiteExecutor.java:169)&#xD;
	at com.kms.katalon.core.main.TestSuiteExecutor.accessTestSuiteMainPhase(TestSuiteExecutor.java:142)&#xD;
	at com.kms.katalon.core.main.TestSuiteExecutor.execute(TestSuiteExecutor.java:91)&#xD;
	at com.kms.katalon.core.main.TestCaseMain.startTestSuite(TestCaseMain.java:157)&#xD;
	at com.kms.katalon.core.main.TestCaseMain$startTestSuite$0.call(Unknown Source)&#xD;
	at TempTestSuite1571635776968.run(TempTestSuite1571635776968.groovy:35)</system-err>
        </testcase>
        <testcase name="Test Cases/Para" classname="Test Cases/Para" status="ERROR">
            <error type="ERROR" message="Test Cases/Para FAILED.&#xA;Reason:&#xA;groovy.lang.MissingPropertyException: No such property: Title for class: Script1571633244667&#xD;&#xA;&#x9;at Para.run(Para:50)&#xD;&#xA;&#x9;at com.kms.katalon.core.main.ScriptEngine.run(ScriptEngine.java:194)&#xD;&#xA;&#x9;at com.kms.katalon.core.main.ScriptEngine.runScriptAsRawText(ScriptEngine.java:119)&#xD;&#xA;&#x9;at com.kms.katalon.core.main.TestCaseExecutor.runScript(TestCaseExecutor.java:337)&#xD;&#xA;&#x9;at com.kms.katalon.core.main.TestCaseExecutor.doExecute(TestCaseExecutor.java:328)&#xD;&#xA;&#x9;at com.kms.katalon.core.main.TestCaseExecutor.processExecutionPhase(TestCaseExecutor.java:307)&#xD;&#xA;&#x9;at com.kms.katalon.core.main.TestCaseExecutor.accessMainPhase(TestCaseExecutor.java:299)&#xD;&#xA;&#x9;at com.kms.katalon.core.main.TestCaseExecutor.execute(TestCaseExecutor.java:233)&#xD;&#xA;&#x9;at com.kms.katalon.core.main.TestSuiteExecutor.accessTestCaseMainPhase(TestSuiteExecutor.java:169)&#xD;&#xA;&#x9;at com.kms.katalon.core.main.TestSuiteExecutor.accessTestSuiteMainPhase(TestSuiteExecutor.java:142)&#xD;&#xA;&#x9;at com.kms.katalon.core.main.TestSuiteExecutor.execute(TestSuiteExecutor.java:91)&#xD;&#xA;&#x9;at com.kms.katalon.core.main.TestCaseMain.startTestSuite(TestCaseMain.java:157)&#xD;&#xA;&#x9;at com.kms.katalon.core.main.TestCaseMain$startTestSuite$0.call(Unknown Source)&#xD;&#xA;&#x9;at TempTestSuite1571635776968.run(TempTestSuite1571635776968.groovy:35)&#xD;&#xA;"/>
            <system-out>2019-10-21 11:01:38 - [TEST_CASE][ERROR] - Test Cases/Para: Test Cases/Para FAILED.
Reason:
groovy.lang.MissingPropertyException: No such property: Title for class: Script1571633244667&#xD;
	at Para.run(Para:50)&#xD;
	at com.kms.katalon.core.main.ScriptEngine.run(ScriptEngine.java:194)&#xD;
	at com.kms.katalon.core.main.ScriptEngine.runScriptAsRawText(ScriptEngine.java:119)&#xD;
	at com.kms.katalon.core.main.TestCaseExecutor.runScript(TestCaseExecutor.java:337)&#xD;
	at com.kms.katalon.core.main.TestCaseExecutor.doExecute(TestCaseExecutor.java:328)&#xD;
	at com.kms.katalon.core.main.TestCaseExecutor.processExecutionPhase(TestCaseExecutor.java:307)&#xD;
	at com.kms.katalon.core.main.TestCaseExecutor.accessMainPhase(TestCaseExecutor.java:299)&#xD;
	at com.kms.katalon.core.main.TestCaseExecutor.execute(TestCaseExecutor.java:233)&#xD;
	at com.kms.katalon.core.main.TestSuiteExecutor.accessTestCaseMainPhase(TestSuiteExecutor.java:169)&#xD;
	at com.kms.katalon.core.main.TestSuiteExecutor.accessTestSuiteMainPhase(TestSuiteExecutor.java:142)&#xD;
	at com.kms.katalon.core.main.TestSuiteExecutor.execute(TestSuiteExecutor.java:91)&#xD;
	at com.kms.katalon.core.main.TestCaseMain.startTestSuite(TestCaseMain.java:157)&#xD;
	at com.kms.katalon.core.main.TestCaseMain$startTestSuite$0.call(Unknown Source)&#xD;
	at TempTestSuite1571635776968.run(TempTestSuite1571635776968.groovy:35)&#xD;
&#xD;
&#xD;
2019-10-21 11:01:39 - [TEST_STEP][PASSED] - openBrowser(""): Browser is opened with url: ''&#xD;
&#xD;
2019-10-21 11:01:39 - [MESSAGE][WARNING] - A browser is already opened. Closing browser and opening a new one&#xD;
&#xD;
2019-10-21 11:01:41 - [MESSAGE][INFO] - Starting 'Chrome' driver&#xD;
&#xD;
2019-10-21 11:01:51 - [MESSAGE][PASSED] - Browser is opened with url: ''&#xD;
&#xD;
2019-10-21 11:01:51 - [TEST_STEP][PASSED] - navigateToUrl(url): Navigate to 'https://sandbox.gsm.auto/logout' successfully&#xD;
&#xD;
2019-10-21 11:01:59 - [MESSAGE][PASSED] - Navigate to 'https://sandbox.gsm.auto/logout' successfully&#xD;
&#xD;
2019-10-21 11:01:59 - [TEST_STEP][PASSED] - click(findTestObject("Object Repository/Para/Page_GSM Portal/button_Log in")): Object: 'Object Repository/Para/Page_GSM Portal/button_Log in' is clicked on&#xD;
&#xD;
2019-10-21 11:02:13 - [MESSAGE][PASSED] - Object: 'Object Repository/Para/Page_GSM Portal/button_Log in' is clicked on&#xD;
&#xD;
2019-10-21 11:02:13 - [TEST_STEP][PASSED] - setText(findTestObject("Object Repository/Para/Page_GSM Login/input_Email Address_email"), un): Text 'sankaran@totient.co.in' is set on object 'Object Repository/Para/Page_GSM Login/input_Email Address_email'&#xD;
&#xD;
2019-10-21 11:02:20 - [MESSAGE][PASSED] - Text 'sankaran@totient.co.in' is set on object 'Object Repository/Para/Page_GSM Login/input_Email Address_email'&#xD;
&#xD;
2019-10-21 11:02:20 - [TEST_STEP][PASSED] - setText(findTestObject("Object Repository/Para/Page_GSM Login/input_Password_password"), pw): Text 'sandbox85!' is set on object 'Object Repository/Para/Page_GSM Login/input_Password_password'&#xD;
&#xD;
2019-10-21 11:02:26 - [MESSAGE][PASSED] - Text 'sandbox85!' is set on object 'Object Repository/Para/Page_GSM Login/input_Password_password'&#xD;
&#xD;
2019-10-21 11:02:26 - [TEST_STEP][PASSED] - click(findTestObject("Object Repository/Para/Page_GSM Login/button_Log In")): Object: 'Object Repository/Para/Page_GSM Login/button_Log In' is clicked on&#xD;
&#xD;
2019-10-21 11:02:30 - [MESSAGE][PASSED] - Object: 'Object Repository/Para/Page_GSM Login/button_Log In' is clicked on&#xD;
&#xD;
2019-10-21 11:02:30 - [TEST_STEP][PASSED] - click(findTestObject("Object Repository/Para/Page_Dashboard/div_Content")): Object: 'Object Repository/Para/Page_Dashboard/div_Content' is clicked on&#xD;
&#xD;
2019-10-21 11:02:44 - [MESSAGE][PASSED] - Object: 'Object Repository/Para/Page_Dashboard/div_Content' is clicked on&#xD;
&#xD;
2019-10-21 11:02:44 - [TEST_STEP][PASSED] - click(findTestObject("Object Repository/Para/Page_Templates/a_Offers")): Object: 'Object Repository/Para/Page_Templates/a_Offers' is clicked on&#xD;
&#xD;
2019-10-21 11:02:48 - [MESSAGE][PASSED] - Object: 'Object Repository/Para/Page_Templates/a_Offers' is clicked on&#xD;
&#xD;
2019-10-21 11:02:48 - [TEST_STEP][PASSED] - click(findTestObject("Object Repository/Para/Page_Offers/a_New Offer")): Object: 'Object Repository/Para/Page_Offers/a_New Offer' is clicked on&#xD;
&#xD;
2019-10-21 11:02:53 - [MESSAGE][PASSED] - Object: 'Object Repository/Para/Page_Offers/a_New Offer' is clicked on&#xD;
&#xD;
2019-10-21 11:02:53 - [TEST_STEP][PASSED] - setText(findTestObject("Object Repository/Para/Page_Offers/input_Offer Name_name"), OfferName): Text 'abc2' is set on object 'Object Repository/Para/Page_Offers/input_Offer Name_name'&#xD;
&#xD;
2019-10-21 11:03:02 - [MESSAGE][PASSED] - Text 'abc2' is set on object 'Object Repository/Para/Page_Offers/input_Offer Name_name'&#xD;
&#xD;
2019-10-21 11:03:02 - [TEST_STEP][PASSED] - click(findTestObject("Object Repository/Para/Page_Offers/input_Marketing Category_marketingCategory")): Object: 'Object Repository/Para/Page_Offers/input_Marketing Category_marketingCategory' is clicked on&#xD;
&#xD;
2019-10-21 11:03:06 - [MESSAGE][PASSED] - Object: 'Object Repository/Para/Page_Offers/input_Marketing Category_marketingCategory' is clicked on&#xD;
&#xD;
2019-10-21 11:03:06 - [TEST_STEP][PASSED] - setText(findTestObject("Object Repository/Para/Page_Offers/textarea_Offer Description_description"), OfferDescription): Text 'abc' is set on object 'Object Repository/Para/Page_Offers/textarea_Offer Description_description'&#xD;
&#xD;
2019-10-21 11:03:12 - [MESSAGE][PASSED] - Text 'abc' is set on object 'Object Repository/Para/Page_Offers/textarea_Offer Description_description'&#xD;
&#xD;
2019-10-21 11:03:12 - [TEST_STEP][PASSED] - setText(findTestObject("Object Repository/Para/Page_Offers/input_Objects set to expire will be automatically archived_expiration"), "10/25/2019"): Text '10/25/2019' is set on object 'Object Repository/Para/Page_Offers/input_Objects set to expire will be automatically archived_expiration'&#xD;
&#xD;
2019-10-21 11:03:19 - [MESSAGE][PASSED] - Text '10/25/2019' is set on object 'Object Repository/Para/Page_Offers/input_Objects set to expire will be automatically archived_expiration'&#xD;
&#xD;
2019-10-21 11:03:19 - [TEST_STEP][PASSED] - click(findTestObject("Object Repository/Para/Page_Offers/button_Select")): Object: 'Object Repository/Para/Page_Offers/button_Select' is clicked on&#xD;
&#xD;
2019-10-21 11:03:23 - [MESSAGE][PASSED] - Object: 'Object Repository/Para/Page_Offers/button_Select' is clicked on&#xD;
&#xD;
2019-10-21 11:03:23 - [TEST_STEP][PASSED] - click(findTestObject("Object Repository/Para/Page_Offers/a_English (US)")): Object: 'Object Repository/Para/Page_Offers/a_English (US)' is clicked on&#xD;
&#xD;
2019-10-21 11:03:27 - [MESSAGE][PASSED] - Object: 'Object Repository/Para/Page_Offers/a_English (US)' is clicked on&#xD;
&#xD;
2019-10-21 11:03:27 - [TEST_STEP][PASSED] - click(findTestObject("Object Repository/Para/Page_Offers/button_Next")): Object: 'Object Repository/Para/Page_Offers/button_Next' is clicked on&#xD;
&#xD;
2019-10-21 11:03:31 - [MESSAGE][PASSED] - Object: 'Object Repository/Para/Page_Offers/button_Next' is clicked on&#xD;
&#xD;
2019-10-21 11:03:31 - [TEST_STEP][PASSED] - setText(findTestObject("Object Repository/Para/Page_Offers/textarea_Title_title"), Title): null</system-out>
            <system-err>2019-10-21 11:01:38 - [TEST_CASE][ERROR] - Test Cases/Para: Test Cases/Para FAILED.
Reason:
groovy.lang.MissingPropertyException: No such property: Title for class: Script1571633244667&#xD;
	at Para.run(Para:50)&#xD;
	at com.kms.katalon.core.main.ScriptEngine.run(ScriptEngine.java:194)&#xD;
	at com.kms.katalon.core.main.ScriptEngine.runScriptAsRawText(ScriptEngine.java:119)&#xD;
	at com.kms.katalon.core.main.TestCaseExecutor.runScript(TestCaseExecutor.java:337)&#xD;
	at com.kms.katalon.core.main.TestCaseExecutor.doExecute(TestCaseExecutor.java:328)&#xD;
	at com.kms.katalon.core.main.TestCaseExecutor.processExecutionPhase(TestCaseExecutor.java:307)&#xD;
	at com.kms.katalon.core.main.TestCaseExecutor.accessMainPhase(TestCaseExecutor.java:299)&#xD;
	at com.kms.katalon.core.main.TestCaseExecutor.execute(TestCaseExecutor.java:233)&#xD;
	at com.kms.katalon.core.main.TestSuiteExecutor.accessTestCaseMainPhase(TestSuiteExecutor.java:169)&#xD;
	at com.kms.katalon.core.main.TestSuiteExecutor.accessTestSuiteMainPhase(TestSuiteExecutor.java:142)&#xD;
	at com.kms.katalon.core.main.TestSuiteExecutor.execute(TestSuiteExecutor.java:91)&#xD;
	at com.kms.katalon.core.main.TestCaseMain.startTestSuite(TestCaseMain.java:157)&#xD;
	at com.kms.katalon.core.main.TestCaseMain$startTestSuite$0.call(Unknown Source)&#xD;
	at TempTestSuite1571635776968.run(TempTestSuite1571635776968.groovy:35)</system-err>
        </testcase>
        <testcase name="Test Cases/Para" classname="Test Cases/Para" status="ERROR">
            <error type="ERROR" message="Test Cases/Para FAILED.&#xA;Reason:&#xA;groovy.lang.MissingPropertyException: No such property: Title for class: Script1571633244667&#xD;&#xA;&#x9;at Para.run(Para:50)&#xD;&#xA;&#x9;at com.kms.katalon.core.main.ScriptEngine.run(ScriptEngine.java:194)&#xD;&#xA;&#x9;at com.kms.katalon.core.main.ScriptEngine.runScriptAsRawText(ScriptEngine.java:119)&#xD;&#xA;&#x9;at com.kms.katalon.core.main.TestCaseExecutor.runScript(TestCaseExecutor.java:337)&#xD;&#xA;&#x9;at com.kms.katalon.core.main.TestCaseExecutor.doExecute(TestCaseExecutor.java:328)&#xD;&#xA;&#x9;at com.kms.katalon.core.main.TestCaseExecutor.processExecutionPhase(TestCaseExecutor.java:307)&#xD;&#xA;&#x9;at com.kms.katalon.core.main.TestCaseExecutor.accessMainPhase(TestCaseExecutor.java:299)&#xD;&#xA;&#x9;at com.kms.katalon.core.main.TestCaseExecutor.execute(TestCaseExecutor.java:233)&#xD;&#xA;&#x9;at com.kms.katalon.core.main.TestSuiteExecutor.accessTestCaseMainPhase(TestSuiteExecutor.java:169)&#xD;&#xA;&#x9;at com.kms.katalon.core.main.TestSuiteExecutor.accessTestSuiteMainPhase(TestSuiteExecutor.java:142)&#xD;&#xA;&#x9;at com.kms.katalon.core.main.TestSuiteExecutor.execute(TestSuiteExecutor.java:91)&#xD;&#xA;&#x9;at com.kms.katalon.core.main.TestCaseMain.startTestSuite(TestCaseMain.java:157)&#xD;&#xA;&#x9;at com.kms.katalon.core.main.TestCaseMain$startTestSuite$0.call(Unknown Source)&#xD;&#xA;&#x9;at TempTestSuite1571635776968.run(TempTestSuite1571635776968.groovy:35)&#xD;&#xA;"/>
            <system-out>2019-10-21 11:03:32 - [TEST_CASE][ERROR] - Test Cases/Para: Test Cases/Para FAILED.
Reason:
groovy.lang.MissingPropertyException: No such property: Title for class: Script1571633244667&#xD;
	at Para.run(Para:50)&#xD;
	at com.kms.katalon.core.main.ScriptEngine.run(ScriptEngine.java:194)&#xD;
	at com.kms.katalon.core.main.ScriptEngine.runScriptAsRawText(ScriptEngine.java:119)&#xD;
	at com.kms.katalon.core.main.TestCaseExecutor.runScript(TestCaseExecutor.java:337)&#xD;
	at com.kms.katalon.core.main.TestCaseExecutor.doExecute(TestCaseExecutor.java:328)&#xD;
	at com.kms.katalon.core.main.TestCaseExecutor.processExecutionPhase(TestCaseExecutor.java:307)&#xD;
	at com.kms.katalon.core.main.TestCaseExecutor.accessMainPhase(TestCaseExecutor.java:299)&#xD;
	at com.kms.katalon.core.main.TestCaseExecutor.execute(TestCaseExecutor.java:233)&#xD;
	at com.kms.katalon.core.main.TestSuiteExecutor.accessTestCaseMainPhase(TestSuiteExecutor.java:169)&#xD;
	at com.kms.katalon.core.main.TestSuiteExecutor.accessTestSuiteMainPhase(TestSuiteExecutor.java:142)&#xD;
	at com.kms.katalon.core.main.TestSuiteExecutor.execute(TestSuiteExecutor.java:91)&#xD;
	at com.kms.katalon.core.main.TestCaseMain.startTestSuite(TestCaseMain.java:157)&#xD;
	at com.kms.katalon.core.main.TestCaseMain$startTestSuite$0.call(Unknown Source)&#xD;
	at TempTestSuite1571635776968.run(TempTestSuite1571635776968.groovy:35)&#xD;
&#xD;
&#xD;
2019-10-21 11:03:32 - [TEST_STEP][PASSED] - openBrowser(""): Browser is opened with url: ''&#xD;
&#xD;
2019-10-21 11:03:32 - [MESSAGE][WARNING] - A browser is already opened. Closing browser and opening a new one&#xD;
&#xD;
2019-10-21 11:03:34 - [MESSAGE][INFO] - Starting 'Chrome' driver&#xD;
&#xD;
2019-10-21 11:03:44 - [MESSAGE][PASSED] - Browser is opened with url: ''&#xD;
&#xD;
2019-10-21 11:03:44 - [TEST_STEP][PASSED] - navigateToUrl(url): Navigate to 'https://sandbox.gsm.auto/logout' successfully&#xD;
&#xD;
2019-10-21 11:03:50 - [MESSAGE][PASSED] - Navigate to 'https://sandbox.gsm.auto/logout' successfully&#xD;
&#xD;
2019-10-21 11:03:50 - [TEST_STEP][PASSED] - click(findTestObject("Object Repository/Para/Page_GSM Portal/button_Log in")): Object: 'Object Repository/Para/Page_GSM Portal/button_Log in' is clicked on&#xD;
&#xD;
2019-10-21 11:03:57 - [MESSAGE][PASSED] - Object: 'Object Repository/Para/Page_GSM Portal/button_Log in' is clicked on&#xD;
&#xD;
2019-10-21 11:03:57 - [TEST_STEP][PASSED] - setText(findTestObject("Object Repository/Para/Page_GSM Login/input_Email Address_email"), un): Text 'sankaran@totient.co.in' is set on object 'Object Repository/Para/Page_GSM Login/input_Email Address_email'&#xD;
&#xD;
2019-10-21 11:04:04 - [MESSAGE][PASSED] - Text 'sankaran@totient.co.in' is set on object 'Object Repository/Para/Page_GSM Login/input_Email Address_email'&#xD;
&#xD;
2019-10-21 11:04:04 - [TEST_STEP][PASSED] - setText(findTestObject("Object Repository/Para/Page_GSM Login/input_Password_password"), pw): Text 'sandbox85!' is set on object 'Object Repository/Para/Page_GSM Login/input_Password_password'&#xD;
&#xD;
2019-10-21 11:04:10 - [MESSAGE][PASSED] - Text 'sandbox85!' is set on object 'Object Repository/Para/Page_GSM Login/input_Password_password'&#xD;
&#xD;
2019-10-21 11:04:10 - [TEST_STEP][PASSED] - click(findTestObject("Object Repository/Para/Page_GSM Login/button_Log In")): Object: 'Object Repository/Para/Page_GSM Login/button_Log In' is clicked on&#xD;
&#xD;
2019-10-21 11:04:14 - [MESSAGE][PASSED] - Object: 'Object Repository/Para/Page_GSM Login/button_Log In' is clicked on&#xD;
&#xD;
2019-10-21 11:04:14 - [TEST_STEP][PASSED] - click(findTestObject("Object Repository/Para/Page_Dashboard/div_Content")): Object: 'Object Repository/Para/Page_Dashboard/div_Content' is clicked on&#xD;
&#xD;
2019-10-21 11:04:24 - [MESSAGE][PASSED] - Object: 'Object Repository/Para/Page_Dashboard/div_Content' is clicked on&#xD;
&#xD;
2019-10-21 11:04:24 - [TEST_STEP][PASSED] - click(findTestObject("Object Repository/Para/Page_Templates/a_Offers")): Object: 'Object Repository/Para/Page_Templates/a_Offers' is clicked on&#xD;
&#xD;
2019-10-21 11:04:29 - [MESSAGE][PASSED] - Object: 'Object Repository/Para/Page_Templates/a_Offers' is clicked on&#xD;
&#xD;
2019-10-21 11:04:29 - [TEST_STEP][PASSED] - click(findTestObject("Object Repository/Para/Page_Offers/a_New Offer")): Object: 'Object Repository/Para/Page_Offers/a_New Offer' is clicked on&#xD;
&#xD;
2019-10-21 11:04:33 - [MESSAGE][PASSED] - Object: 'Object Repository/Para/Page_Offers/a_New Offer' is clicked on&#xD;
&#xD;
2019-10-21 11:04:33 - [TEST_STEP][PASSED] - setText(findTestObject("Object Repository/Para/Page_Offers/input_Offer Name_name"), OfferName): Text 'abc3' is set on object 'Object Repository/Para/Page_Offers/input_Offer Name_name'&#xD;
&#xD;
2019-10-21 11:04:39 - [MESSAGE][PASSED] - Text 'abc3' is set on object 'Object Repository/Para/Page_Offers/input_Offer Name_name'&#xD;
&#xD;
2019-10-21 11:04:39 - [TEST_STEP][PASSED] - click(findTestObject("Object Repository/Para/Page_Offers/input_Marketing Category_marketingCategory")): Object: 'Object Repository/Para/Page_Offers/input_Marketing Category_marketingCategory' is clicked on&#xD;
&#xD;
2019-10-21 11:04:44 - [MESSAGE][PASSED] - Object: 'Object Repository/Para/Page_Offers/input_Marketing Category_marketingCategory' is clicked on&#xD;
&#xD;
2019-10-21 11:04:44 - [TEST_STEP][PASSED] - setText(findTestObject("Object Repository/Para/Page_Offers/textarea_Offer Description_description"), OfferDescription): Text 'abc' is set on object 'Object Repository/Para/Page_Offers/textarea_Offer Description_description'&#xD;
&#xD;
2019-10-21 11:04:50 - [MESSAGE][PASSED] - Text 'abc' is set on object 'Object Repository/Para/Page_Offers/textarea_Offer Description_description'&#xD;
&#xD;
2019-10-21 11:04:50 - [TEST_STEP][PASSED] - setText(findTestObject("Object Repository/Para/Page_Offers/input_Objects set to expire will be automatically archived_expiration"), "10/25/2019"): Text '10/25/2019' is set on object 'Object Repository/Para/Page_Offers/input_Objects set to expire will be automatically archived_expiration'&#xD;
&#xD;
2019-10-21 11:04:56 - [MESSAGE][PASSED] - Text '10/25/2019' is set on object 'Object Repository/Para/Page_Offers/input_Objects set to expire will be automatically archived_expiration'&#xD;
&#xD;
2019-10-21 11:04:56 - [TEST_STEP][PASSED] - click(findTestObject("Object Repository/Para/Page_Offers/button_Select")): Object: 'Object Repository/Para/Page_Offers/button_Select' is clicked on&#xD;
&#xD;
2019-10-21 11:05:01 - [MESSAGE][PASSED] - Object: 'Object Repository/Para/Page_Offers/button_Select' is clicked on&#xD;
&#xD;
2019-10-21 11:05:01 - [TEST_STEP][PASSED] - click(findTestObject("Object Repository/Para/Page_Offers/a_English (US)")): Object: 'Object Repository/Para/Page_Offers/a_English (US)' is clicked on&#xD;
&#xD;
2019-10-21 11:05:05 - [MESSAGE][PASSED] - Object: 'Object Repository/Para/Page_Offers/a_English (US)' is clicked on&#xD;
&#xD;
2019-10-21 11:05:05 - [TEST_STEP][PASSED] - click(findTestObject("Object Repository/Para/Page_Offers/button_Next")): Object: 'Object Repository/Para/Page_Offers/button_Next' is clicked on&#xD;
&#xD;
2019-10-21 11:05:09 - [MESSAGE][PASSED] - Object: 'Object Repository/Para/Page_Offers/button_Next' is clicked on&#xD;
&#xD;
2019-10-21 11:05:09 - [TEST_STEP][PASSED] - setText(findTestObject("Object Repository/Para/Page_Offers/textarea_Title_title"), Title): null</system-out>
            <system-err>2019-10-21 11:03:32 - [TEST_CASE][ERROR] - Test Cases/Para: Test Cases/Para FAILED.
Reason:
groovy.lang.MissingPropertyException: No such property: Title for class: Script1571633244667&#xD;
	at Para.run(Para:50)&#xD;
	at com.kms.katalon.core.main.ScriptEngine.run(ScriptEngine.java:194)&#xD;
	at com.kms.katalon.core.main.ScriptEngine.runScriptAsRawText(ScriptEngine.java:119)&#xD;
	at com.kms.katalon.core.main.TestCaseExecutor.runScript(TestCaseExecutor.java:337)&#xD;
	at com.kms.katalon.core.main.TestCaseExecutor.doExecute(TestCaseExecutor.java:328)&#xD;
	at com.kms.katalon.core.main.TestCaseExecutor.processExecutionPhase(TestCaseExecutor.java:307)&#xD;
	at com.kms.katalon.core.main.TestCaseExecutor.accessMainPhase(TestCaseExecutor.java:299)&#xD;
	at com.kms.katalon.core.main.TestCaseExecutor.execute(TestCaseExecutor.java:233)&#xD;
	at com.kms.katalon.core.main.TestSuiteExecutor.accessTestCaseMainPhase(TestSuiteExecutor.java:169)&#xD;
	at com.kms.katalon.core.main.TestSuiteExecutor.accessTestSuiteMainPhase(TestSuiteExecutor.java:142)&#xD;
	at com.kms.katalon.core.main.TestSuiteExecutor.execute(TestSuiteExecutor.java:91)&#xD;
	at com.kms.katalon.core.main.TestCaseMain.startTestSuite(TestCaseMain.java:157)&#xD;
	at com.kms.katalon.core.main.TestCaseMain$startTestSuite$0.call(Unknown Source)&#xD;
	at TempTestSuite1571635776968.run(TempTestSuite1571635776968.groovy:35)</system-err>
        </testcase>
        <system-out>2019-10-21 10:59:47 - [TEST_SUITE][INCOMPLETE] - Para: null</system-out>
        <system-err>2019-10-21 10:59:47 - [TEST_SUITE][INCOMPLETE] - Para: null</system-err>
    </testsuite>
</testsuites>
