<?xml version="1.0" encoding="UTF-8" standalone="yes"?>
<testsuites name="Offers Regression" time="176" tests="4" failures="1" errors="0">
    <testsuite name="Offers Regression" tests="4" failures="1" errors="0" time="176" timestamp="2019-10-11 12:01:57" hostname="Dell - DESKTOP-A4R0EHC" id="Test Suites/Offers Regression">
        <properties>
            <property name="deviceName" value=""/>
            <property name="devicePlatform" value=""/>
            <property name="logFolder" value="C:\\Users\\Dell\\Katalon Studio\\GSM Demo\\Reports\\20191011_120154\\Offers Regression\\20191011_120154"/>
            <property name="logFiles" value="C:\\Users\\Dell\\Katalon Studio\\GSM Demo\\Reports\\20191011_120154\\Offers Regression\\20191011_120154\\execution0.log"/>
            <property name="attachments" value="C:\\Users\\Dell\\Katalon Studio\\GSM Demo\\Reports\\20191011_120154\\Offers Regression\\20191011_120154\\1570775664853.png"/>
            <property name="hostName" value="Dell - DESKTOP-A4R0EHC"/>
            <property name="os" value="Windows 10 64bit"/>
            <property name="katalonVersion" value="6.3.3.11"/>
            <property name="browser" value="Chrome 77.0.3865.90"/>
            <property name="hostAddress" value="192.168.0.110"/>
            <property name="sessionId" value="f1101784e31c17e89451c606062020cb"/>
            <property name="seleniumVersion" value="3.141.59"/>
            <property name="proxyInformation" value="ProxyInformation{proxyOption=NO_PROXY, proxyServerType=HTTP, password=, proxyServerAddress=, proxyServerPort=0}"/>
            <property name="platform" value="Windows 10"/>
        </properties>
        <testcase name="Test Cases/Test Scenarios/Regression/Login/GSM Login" classname="Test Cases/Test Scenarios/Regression/Login/GSM Login" status="PASSED">
            <system-out>2019-10-11 12:01:58 - [TEST_CASE][PASSED] - Test Cases/Test Scenarios/Regression/Login/GSM Login: Test Cases/Test Scenarios/Regression/Login/GSM Login&#xD;
&#xD;
2019-10-11 12:01:58 - [TEST_STEP][PASSED] - openBrowser(""): Browser is opened with url: ''&#xD;
&#xD;
2019-10-11 12:01:59 - [MESSAGE][INFO] - Starting 'Chrome' driver&#xD;
&#xD;
2019-10-11 12:01:59 - [MESSAGE][INFO] - Action delay is set to 2 seconds&#xD;
&#xD;
2019-10-11 12:02:10 - [MESSAGE][PASSED] - Browser is opened with url: ''&#xD;
&#xD;
2019-10-11 12:02:10 - [TEST_STEP][PASSED] - navigateToUrl("https://sandbox.gsm.auto/logout"): Navigate to 'https://sandbox.gsm.auto/logout' successfully&#xD;
&#xD;
2019-10-11 12:02:16 - [MESSAGE][PASSED] - Navigate to 'https://sandbox.gsm.auto/logout' successfully&#xD;
&#xD;
2019-10-11 12:02:16 - [TEST_STEP][PASSED] - click(findTestObject("Object Repository/GSM Login/Page_GSM Portal/button_Log in")): Object: 'Object Repository/GSM Login/Page_GSM Portal/button_Log in' is clicked on&#xD;
&#xD;
2019-10-11 12:02:23 - [MESSAGE][PASSED] - Object: 'Object Repository/GSM Login/Page_GSM Portal/button_Log in' is clicked on&#xD;
&#xD;
2019-10-11 12:02:23 - [TEST_STEP][PASSED] - delay(3): Delayed 3 second(s)&#xD;
&#xD;
2019-10-11 12:02:26 - [MESSAGE][PASSED] - Delayed 3 second(s)&#xD;
&#xD;
2019-10-11 12:02:26 - [TEST_STEP][PASSED] - setText(findTestObject("Object Repository/GSM Login/Page_GSM Login/input_Email Address_email"), "sankaran@totient.co.in"): Text 'sankaran@totient.co.in' is set on object 'Object Repository/GSM Login/Page_GSM Login/input_Email Address_email'&#xD;
&#xD;
2019-10-11 12:02:33 - [MESSAGE][PASSED] - Text 'sankaran@totient.co.in' is set on object 'Object Repository/GSM Login/Page_GSM Login/input_Email Address_email'&#xD;
&#xD;
2019-10-11 12:02:33 - [TEST_STEP][PASSED] - setEncryptedText(findTestObject("Object Repository/GSM Login/Page_GSM Login/input_Password_password"), "4bOuNFpH31s4Qkh1shYRow=="): Text ****** has been set on object 'Object Repository/GSM Login/Page_GSM Login/input_Password_password'&#xD;
&#xD;
2019-10-11 12:02:39 - [MESSAGE][PASSED] - Text ****** has been set on object 'Object Repository/GSM Login/Page_GSM Login/input_Password_password'&#xD;
&#xD;
2019-10-11 12:02:39 - [TEST_STEP][PASSED] - click(findTestObject("Object Repository/GSM Login/Page_GSM Login/button_Log In")): Object: 'Object Repository/GSM Login/Page_GSM Login/button_Log In' is clicked on&#xD;
&#xD;
2019-10-11 12:02:43 - [MESSAGE][PASSED] - Object: 'Object Repository/GSM Login/Page_GSM Login/button_Log In' is clicked on</system-out>
            <system-err></system-err>
        </testcase>
        <testcase name="Test Cases/Test Scenarios/Regression/Offers/Create Offer" classname="Test Cases/Test Scenarios/Regression/Offers/Create Offer" status="PASSED">
            <system-out>2019-10-11 12:02:43 - [TEST_CASE][PASSED] - Test Cases/Test Scenarios/Regression/Offers/Create Offer: Test Cases/Test Scenarios/Regression/Offers/Create Offer&#xD;
&#xD;
2019-10-11 12:02:44 - [TEST_STEP][PASSED] - click(findTestObject("Object Repository/Create Offer/Page_Dashboard/div_Content")): Object: 'Object Repository/Create Offer/Page_Dashboard/div_Content' is clicked on&#xD;
&#xD;
2019-10-11 12:02:54 - [MESSAGE][PASSED] - Object: 'Object Repository/Create Offer/Page_Dashboard/div_Content' is clicked on&#xD;
&#xD;
2019-10-11 12:02:54 - [TEST_STEP][PASSED] - click(findTestObject("Object Repository/Create Offer/Page_Templates/a_Offers")): Object: 'Object Repository/Create Offer/Page_Templates/a_Offers' is clicked on&#xD;
&#xD;
2019-10-11 12:02:58 - [MESSAGE][PASSED] - Object: 'Object Repository/Create Offer/Page_Templates/a_Offers' is clicked on&#xD;
&#xD;
2019-10-11 12:02:58 - [TEST_STEP][PASSED] - click(findTestObject("Object Repository/Create Offer/Page_Offers/a_New Offer")): Object: 'Object Repository/Create Offer/Page_Offers/a_New Offer' is clicked on&#xD;
&#xD;
2019-10-11 12:03:03 - [MESSAGE][PASSED] - Object: 'Object Repository/Create Offer/Page_Offers/a_New Offer' is clicked on&#xD;
&#xD;
2019-10-11 12:03:03 - [TEST_STEP][PASSED] - setText(findTestObject("Object Repository/Create Offer/Page_Offers/input_Offer Name_name"), "abc"): Text 'abc' is set on object 'Object Repository/Create Offer/Page_Offers/input_Offer Name_name'&#xD;
&#xD;
2019-10-11 12:03:09 - [MESSAGE][PASSED] - Text 'abc' is set on object 'Object Repository/Create Offer/Page_Offers/input_Offer Name_name'&#xD;
&#xD;
2019-10-11 12:03:09 - [TEST_STEP][PASSED] - click(findTestObject("Object Repository/Create Offer/Page_Offers/input_Marketing Category_marketingCategory")): Object: 'Object Repository/Create Offer/Page_Offers/input_Marketing Category_marketingCategory' is clicked on&#xD;
&#xD;
2019-10-11 12:03:13 - [MESSAGE][PASSED] - Object: 'Object Repository/Create Offer/Page_Offers/input_Marketing Category_marketingCategory' is clicked on&#xD;
&#xD;
2019-10-11 12:03:13 - [TEST_STEP][PASSED] - setText(findTestObject("Object Repository/Create Offer/Page_Offers/textarea_Offer Description_description"), "abc"): Text 'abc' is set on object 'Object Repository/Create Offer/Page_Offers/textarea_Offer Description_description'&#xD;
&#xD;
2019-10-11 12:03:20 - [MESSAGE][PASSED] - Text 'abc' is set on object 'Object Repository/Create Offer/Page_Offers/textarea_Offer Description_description'&#xD;
&#xD;
2019-10-11 12:03:20 - [TEST_STEP][NOT_RUN] - setText(findTestObject("Object Repository/Create Offer/Page_Offers/textarea_a"), "ab"): NOT_RUN: setText(findTestObject("Object Repository/Create Offer/Page_Offers/textarea_a"), "ab")&#xD;
&#xD;
2019-10-11 12:03:20 - [MESSAGE][NOT_RUN] - NOT_RUN: setText(findTestObject("Object Repository/Create Offer/Page_Offers/textarea_a"), "ab")&#xD;
&#xD;
2019-10-11 12:03:20 - [TEST_STEP][NOT_RUN] - setText(findTestObject("Object Repository/Create Offer/Page_Offers/textarea_ab"), "abc"): NOT_RUN: setText(findTestObject("Object Repository/Create Offer/Page_Offers/textarea_ab"), "abc")&#xD;
&#xD;
2019-10-11 12:03:20 - [MESSAGE][NOT_RUN] - NOT_RUN: setText(findTestObject("Object Repository/Create Offer/Page_Offers/textarea_ab"), "abc")&#xD;
&#xD;
2019-10-11 12:03:20 - [TEST_STEP][PASSED] - click(findTestObject("Object Repository/Create Offer/Page_Offers/button_Select")): Object: 'Object Repository/Create Offer/Page_Offers/button_Select' is clicked on&#xD;
&#xD;
2019-10-11 12:03:24 - [MESSAGE][PASSED] - Object: 'Object Repository/Create Offer/Page_Offers/button_Select' is clicked on&#xD;
&#xD;
2019-10-11 12:03:24 - [TEST_STEP][PASSED] - click(findTestObject("Object Repository/Create Offer/Page_Offers/a_English (US)")): Object: 'Object Repository/Create Offer/Page_Offers/a_English (US)' is clicked on&#xD;
&#xD;
2019-10-11 12:03:28 - [MESSAGE][PASSED] - Object: 'Object Repository/Create Offer/Page_Offers/a_English (US)' is clicked on&#xD;
&#xD;
2019-10-11 12:03:28 - [TEST_STEP][PASSED] - click(findTestObject("Object Repository/Create Offer/Page_Offers/button_Next")): Object: 'Object Repository/Create Offer/Page_Offers/button_Next' is clicked on&#xD;
&#xD;
2019-10-11 12:03:32 - [MESSAGE][PASSED] - Object: 'Object Repository/Create Offer/Page_Offers/button_Next' is clicked on&#xD;
&#xD;
2019-10-11 12:03:32 - [TEST_STEP][PASSED] - setText(findTestObject("Object Repository/Create Offer/Page_Offers/textarea_Title_title"), "abc"): Text 'abc' is set on object 'Object Repository/Create Offer/Page_Offers/textarea_Title_title'&#xD;
&#xD;
2019-10-11 12:03:41 - [MESSAGE][PASSED] - Text 'abc' is set on object 'Object Repository/Create Offer/Page_Offers/textarea_Title_title'&#xD;
&#xD;
2019-10-11 12:03:41 - [TEST_STEP][NOT_RUN] - setText(findTestObject("Object Repository/Create Offer/Page_Offers/textarea_a_1"), "ab"): NOT_RUN: setText(findTestObject("Object Repository/Create Offer/Page_Offers/textarea_a_1"), "ab")&#xD;
&#xD;
2019-10-11 12:03:41 - [MESSAGE][NOT_RUN] - NOT_RUN: setText(findTestObject("Object Repository/Create Offer/Page_Offers/textarea_a_1"), "ab")&#xD;
&#xD;
2019-10-11 12:03:41 - [TEST_STEP][NOT_RUN] - setText(findTestObject("Object Repository/Create Offer/Page_Offers/textarea_ab_1"), "abc"): NOT_RUN: setText(findTestObject("Object Repository/Create Offer/Page_Offers/textarea_ab_1"), "abc")&#xD;
&#xD;
2019-10-11 12:03:41 - [MESSAGE][NOT_RUN] - NOT_RUN: setText(findTestObject("Object Repository/Create Offer/Page_Offers/textarea_ab_1"), "abc")&#xD;
&#xD;
2019-10-11 12:03:41 - [TEST_STEP][PASSED] - setText(findTestObject("Object Repository/Create Offer/Page_Offers/textarea_Subtitle_subtitle"), "abc"): Text 'abc' is set on object 'Object Repository/Create Offer/Page_Offers/textarea_Subtitle_subtitle'&#xD;
&#xD;
2019-10-11 12:03:48 - [MESSAGE][PASSED] - Text 'abc' is set on object 'Object Repository/Create Offer/Page_Offers/textarea_Subtitle_subtitle'&#xD;
&#xD;
2019-10-11 12:03:48 - [TEST_STEP][NOT_RUN] - setText(findTestObject("Object Repository/Create Offer/Page_Offers/textarea_a_2"), "ab"): NOT_RUN: setText(findTestObject("Object Repository/Create Offer/Page_Offers/textarea_a_2"), "ab")&#xD;
&#xD;
2019-10-11 12:03:48 - [MESSAGE][NOT_RUN] - NOT_RUN: setText(findTestObject("Object Repository/Create Offer/Page_Offers/textarea_a_2"), "ab")&#xD;
&#xD;
2019-10-11 12:03:48 - [TEST_STEP][NOT_RUN] - setText(findTestObject("Object Repository/Create Offer/Page_Offers/textarea_ab_2"), "abc"): NOT_RUN: setText(findTestObject("Object Repository/Create Offer/Page_Offers/textarea_ab_2"), "abc")&#xD;
&#xD;
2019-10-11 12:03:48 - [MESSAGE][NOT_RUN] - NOT_RUN: setText(findTestObject("Object Repository/Create Offer/Page_Offers/textarea_ab_2"), "abc")&#xD;
&#xD;
2019-10-11 12:03:48 - [TEST_STEP][PASSED] - setText(findTestObject("Object Repository/Create Offer/Page_Offers/textarea_Body_body"), "abc"): Text 'abc' is set on object 'Object Repository/Create Offer/Page_Offers/textarea_Body_body'&#xD;
&#xD;
2019-10-11 12:03:54 - [MESSAGE][PASSED] - Text 'abc' is set on object 'Object Repository/Create Offer/Page_Offers/textarea_Body_body'&#xD;
&#xD;
2019-10-11 12:03:54 - [TEST_STEP][NOT_RUN] - setText(findTestObject("Object Repository/Create Offer/Page_Offers/textarea_a_3"), "ab"): NOT_RUN: setText(findTestObject("Object Repository/Create Offer/Page_Offers/textarea_a_3"), "ab")&#xD;
&#xD;
2019-10-11 12:03:54 - [MESSAGE][NOT_RUN] - NOT_RUN: setText(findTestObject("Object Repository/Create Offer/Page_Offers/textarea_a_3"), "ab")&#xD;
&#xD;
2019-10-11 12:03:54 - [TEST_STEP][NOT_RUN] - setText(findTestObject("Object Repository/Create Offer/Page_Offers/textarea_ab_3"), "abc"): NOT_RUN: setText(findTestObject("Object Repository/Create Offer/Page_Offers/textarea_ab_3"), "abc")&#xD;
&#xD;
2019-10-11 12:03:54 - [MESSAGE][NOT_RUN] - NOT_RUN: setText(findTestObject("Object Repository/Create Offer/Page_Offers/textarea_ab_3"), "abc")&#xD;
&#xD;
2019-10-11 12:03:54 - [TEST_STEP][PASSED] - setText(findTestObject("Object Repository/Create Offer/Page_Offers/input_Offer_offer"), "123"): Text '123' is set on object 'Object Repository/Create Offer/Page_Offers/input_Offer_offer'&#xD;
&#xD;
2019-10-11 12:04:01 - [MESSAGE][PASSED] - Text '123' is set on object 'Object Repository/Create Offer/Page_Offers/input_Offer_offer'&#xD;
&#xD;
2019-10-11 12:04:01 - [TEST_STEP][PASSED] - click(findTestObject("Object Repository/Create Offer/Page_Offers/button_Select_1")): Object: 'Object Repository/Create Offer/Page_Offers/button_Select_1' is clicked on&#xD;
&#xD;
2019-10-11 12:04:05 - [MESSAGE][PASSED] - Object: 'Object Repository/Create Offer/Page_Offers/button_Select_1' is clicked on&#xD;
&#xD;
2019-10-11 12:04:05 - [TEST_STEP][PASSED] - click(findTestObject("Object Repository/Create Offer/Page_Offers/a_No Expiration Date")): Object: 'Object Repository/Create Offer/Page_Offers/a_No Expiration Date' is clicked on&#xD;
&#xD;
2019-10-11 12:04:09 - [MESSAGE][PASSED] - Object: 'Object Repository/Create Offer/Page_Offers/a_No Expiration Date' is clicked on&#xD;
&#xD;
2019-10-11 12:04:09 - [TEST_STEP][PASSED] - setText(findTestObject("Object Repository/Create Offer/Page_Offers/textarea_Terms  Conditions_termsAndConditions"), "abc"): Text 'abc' is set on object 'Object Repository/Create Offer/Page_Offers/textarea_Terms  Conditions_termsAndConditions'&#xD;
&#xD;
2019-10-11 12:04:16 - [MESSAGE][PASSED] - Text 'abc' is set on object 'Object Repository/Create Offer/Page_Offers/textarea_Terms  Conditions_termsAndConditions'&#xD;
&#xD;
2019-10-11 12:04:16 - [TEST_STEP][NOT_RUN] - setText(findTestObject("Object Repository/Create Offer/Page_Offers/textarea_a_4"), "ab"): NOT_RUN: setText(findTestObject("Object Repository/Create Offer/Page_Offers/textarea_a_4"), "ab")&#xD;
&#xD;
2019-10-11 12:04:16 - [MESSAGE][NOT_RUN] - NOT_RUN: setText(findTestObject("Object Repository/Create Offer/Page_Offers/textarea_a_4"), "ab")&#xD;
&#xD;
2019-10-11 12:04:16 - [TEST_STEP][NOT_RUN] - setText(findTestObject("Object Repository/Create Offer/Page_Offers/textarea_ab_4"), "abc"): NOT_RUN: setText(findTestObject("Object Repository/Create Offer/Page_Offers/textarea_ab_4"), "abc")&#xD;
&#xD;
2019-10-11 12:04:16 - [MESSAGE][NOT_RUN] - NOT_RUN: setText(findTestObject("Object Repository/Create Offer/Page_Offers/textarea_ab_4"), "abc")&#xD;
&#xD;
2019-10-11 12:04:16 - [TEST_STEP][PASSED] - click(findTestObject("Object Repository/Create Offer/Page_Offers/button_Create")): Object: 'Object Repository/Create Offer/Page_Offers/button_Create' is clicked on&#xD;
&#xD;
2019-10-11 12:04:20 - [MESSAGE][PASSED] - Object: 'Object Repository/Create Offer/Page_Offers/button_Create' is clicked on</system-out>
            <system-err></system-err>
        </testcase>
        <testcase name="Test Cases/Test Scenarios/Regression/Offers/Edit Offer" classname="Test Cases/Test Scenarios/Regression/Offers/Edit Offer" status="FAILED">
            <failure type="FAILED" message="Test Cases/Test Scenarios/Regression/Offers/Edit Offer FAILED.&#xA;Reason:&#xA;com.kms.katalon.core.exception.StepFailedException: Unable to click on object 'Object Repository/Edit Offer/Page_Templates/a_Offers'&#xD;&#xA;&#x9;at com.kms.katalon.core.webui.keyword.internal.WebUIKeywordMain.stepFailed(WebUIKeywordMain.groovy:64)&#xD;&#xA;&#x9;at com.kms.katalon.core.webui.keyword.internal.WebUIKeywordMain.runKeyword(WebUIKeywordMain.groovy:26)&#xD;&#xA;&#x9;at com.kms.katalon.core.webui.keyword.builtin.ClickKeyword.click(ClickKeyword.groovy:86)&#xD;&#xA;&#x9;at com.kms.katalon.core.webui.keyword.builtin.ClickKeyword.execute(ClickKeyword.groovy:67)&#xD;&#xA;&#x9;at com.kms.katalon.core.keyword.internal.KeywordExecutor.executeKeywordForPlatform(KeywordExecutor.groovy:56)&#xD;&#xA;&#x9;at com.kms.katalon.core.webui.keyword.WebUiBuiltInKeywords.click(WebUiBuiltInKeywords.groovy:616)&#xD;&#xA;&#x9;at com.kms.katalon.core.webui.keyword.WebUiBuiltInKeywords$click$1.call(Unknown Source)&#xD;&#xA;&#x9;at Edit Offer.run(Edit Offer:17)&#xD;&#xA;&#x9;at com.kms.katalon.core.main.ScriptEngine.run(ScriptEngine.java:194)&#xD;&#xA;&#x9;at com.kms.katalon.core.main.ScriptEngine.runScriptAsRawText(ScriptEngine.java:119)&#xD;&#xA;&#x9;at com.kms.katalon.core.main.TestCaseExecutor.runScript(TestCaseExecutor.java:337)&#xD;&#xA;&#x9;at com.kms.katalon.core.main.TestCaseExecutor.doExecute(TestCaseExecutor.java:328)&#xD;&#xA;&#x9;at com.kms.katalon.core.main.TestCaseExecutor.processExecutionPhase(TestCaseExecutor.java:307)&#xD;&#xA;&#x9;at com.kms.katalon.core.main.TestCaseExecutor.accessMainPhase(TestCaseExecutor.java:299)&#xD;&#xA;&#x9;at com.kms.katalon.core.main.TestCaseExecutor.execute(TestCaseExecutor.java:233)&#xD;&#xA;&#x9;at com.kms.katalon.core.main.TestSuiteExecutor.accessTestCaseMainPhase(TestSuiteExecutor.java:169)&#xD;&#xA;&#x9;at com.kms.katalon.core.main.TestSuiteExecutor.accessTestSuiteMainPhase(TestSuiteExecutor.java:142)&#xD;&#xA;&#x9;at com.kms.katalon.core.main.TestSuiteExecutor.execute(TestSuiteExecutor.java:91)&#xD;&#xA;&#x9;at com.kms.katalon.core.main.TestCaseMain.startTestSuite(TestCaseMain.java:157)&#xD;&#xA;&#x9;at com.kms.katalon.core.main.TestCaseMain$startTestSuite$0.call(Unknown Source)&#xD;&#xA;&#x9;at TempTestSuite1570775514984.run(TempTestSuite1570775514984.groovy:35)&#xD;&#xA;Caused by: org.openqa.selenium.StaleElementReferenceException: stale element reference: element is not attached to the page document&#xA;  (Session info: chrome=77.0.3865.90)&#xA;For documentation on this error, please visit: https://www.seleniumhq.org/exceptions/stale_element_reference.html&#xA;Build info: version: '3.141.59', revision: 'e82be7d358', time: '2018-11-14T08:25:53'&#xA;System info: host: 'DESKTOP-A4R0EHC', ip: '192.168.0.110', os.name: 'Windows 10', os.arch: 'amd64', os.version: '10.0', java.version: '1.8.0_181'&#xA;Driver info: com.kms.katalon.selenium.driver.CChromeDriver&#xA;Capabilities {acceptInsecureCerts: false, browserName: chrome, browserVersion: 77.0.3865.90, chrome: {chromedriverVersion: 76.0.3809.68 (420c9498db8ce..., userDataDir: C:\Users\Dell\AppData\Local...}, goog:chromeOptions: {debuggerAddress: localhost:49480}, javascriptEnabled: true, networkConnectionEnabled: false, pageLoadStrategy: normal, platform: XP, platformName: XP, proxy: Proxy(), setWindowRect: true, strictFileInteractability: false, timeouts: {implicit: 0, pageLoad: 300000, script: 30000}, unhandledPromptBehavior: dismiss and notify}&#xA;Session ID: f1101784e31c17e89451c606062020cb&#xD;&#xA;&#x9;at org.openqa.selenium.remote.http.W3CHttpResponseCodec.createException(W3CHttpResponseCodec.java:187)&#xD;&#xA;&#x9;at org.openqa.selenium.remote.http.W3CHttpResponseCodec.decode(W3CHttpResponseCodec.java:122)&#xD;&#xA;&#x9;at org.openqa.selenium.remote.http.W3CHttpResponseCodec.decode(W3CHttpResponseCodec.java:49)&#xD;&#xA;&#x9;at org.openqa.selenium.remote.HttpCommandExecutor.execute(HttpCommandExecutor.java:158)&#xD;&#xA;&#x9;at org.openqa.selenium.remote.service.DriverCommandExecutor.execute(DriverCommandExecutor.java:83)&#xD;&#xA;&#x9;at org.openqa.selenium.remote.RemoteWebDriver.execute(RemoteWebDriver.java:552)&#xD;&#xA;&#x9;at com.kms.katalon.selenium.driver.CChromeDriver.execute(CChromeDriver.java:20)&#xD;&#xA;&#x9;at org.openqa.selenium.remote.RemoteWebElement.execute(RemoteWebElement.java:285)&#xD;&#xA;&#x9;at org.openqa.selenium.remote.RemoteWebElement.click(RemoteWebElement.java:84)&#xD;&#xA;&#x9;at com.kms.katalon.core.webui.keyword.builtin.ClickKeyword$_click_closure1.doCall(ClickKeyword.groovy:79)&#xD;&#xA;&#x9;at com.kms.katalon.core.webui.keyword.builtin.ClickKeyword$_click_closure1.call(ClickKeyword.groovy)&#xD;&#xA;&#x9;at com.kms.katalon.core.webui.keyword.internal.WebUIKeywordMain.runKeyword(WebUIKeywordMain.groovy:20)&#xD;&#xA;&#x9;... 19 more&#xD;&#xA;"/>
            <system-out>2019-10-11 12:04:20 - [TEST_CASE][FAILED] - Test Cases/Test Scenarios/Regression/Offers/Edit Offer: Test Cases/Test Scenarios/Regression/Offers/Edit Offer FAILED.
Reason:
com.kms.katalon.core.exception.StepFailedException: Unable to click on object 'Object Repository/Edit Offer/Page_Templates/a_Offers'&#xD;
	at com.kms.katalon.core.webui.keyword.internal.WebUIKeywordMain.stepFailed(WebUIKeywordMain.groovy:64)&#xD;
	at com.kms.katalon.core.webui.keyword.internal.WebUIKeywordMain.runKeyword(WebUIKeywordMain.groovy:26)&#xD;
	at com.kms.katalon.core.webui.keyword.builtin.ClickKeyword.click(ClickKeyword.groovy:86)&#xD;
	at com.kms.katalon.core.webui.keyword.builtin.ClickKeyword.execute(ClickKeyword.groovy:67)&#xD;
	at com.kms.katalon.core.keyword.internal.KeywordExecutor.executeKeywordForPlatform(KeywordExecutor.groovy:56)&#xD;
	at com.kms.katalon.core.webui.keyword.WebUiBuiltInKeywords.click(WebUiBuiltInKeywords.groovy:616)&#xD;
	at com.kms.katalon.core.webui.keyword.WebUiBuiltInKeywords$click$1.call(Unknown Source)&#xD;
	at Edit Offer.run(Edit Offer:17)&#xD;
	at com.kms.katalon.core.main.ScriptEngine.run(ScriptEngine.java:194)&#xD;
	at com.kms.katalon.core.main.ScriptEngine.runScriptAsRawText(ScriptEngine.java:119)&#xD;
	at com.kms.katalon.core.main.TestCaseExecutor.runScript(TestCaseExecutor.java:337)&#xD;
	at com.kms.katalon.core.main.TestCaseExecutor.doExecute(TestCaseExecutor.java:328)&#xD;
	at com.kms.katalon.core.main.TestCaseExecutor.processExecutionPhase(TestCaseExecutor.java:307)&#xD;
	at com.kms.katalon.core.main.TestCaseExecutor.accessMainPhase(TestCaseExecutor.java:299)&#xD;
	at com.kms.katalon.core.main.TestCaseExecutor.execute(TestCaseExecutor.java:233)&#xD;
	at com.kms.katalon.core.main.TestSuiteExecutor.accessTestCaseMainPhase(TestSuiteExecutor.java:169)&#xD;
	at com.kms.katalon.core.main.TestSuiteExecutor.accessTestSuiteMainPhase(TestSuiteExecutor.java:142)&#xD;
	at com.kms.katalon.core.main.TestSuiteExecutor.execute(TestSuiteExecutor.java:91)&#xD;
	at com.kms.katalon.core.main.TestCaseMain.startTestSuite(TestCaseMain.java:157)&#xD;
	at com.kms.katalon.core.main.TestCaseMain$startTestSuite$0.call(Unknown Source)&#xD;
	at TempTestSuite1570775514984.run(TempTestSuite1570775514984.groovy:35)&#xD;
Caused by: org.openqa.selenium.StaleElementReferenceException: stale element reference: element is not attached to the page document
  (Session info: chrome=77.0.3865.90)
For documentation on this error, please visit: https://www.seleniumhq.org/exceptions/stale_element_reference.html
Build info: version: '3.141.59', revision: 'e82be7d358', time: '2018-11-14T08:25:53'
System info: host: 'DESKTOP-A4R0EHC', ip: '192.168.0.110', os.name: 'Windows 10', os.arch: 'amd64', os.version: '10.0', java.version: '1.8.0_181'
Driver info: com.kms.katalon.selenium.driver.CChromeDriver
Capabilities {acceptInsecureCerts: false, browserName: chrome, browserVersion: 77.0.3865.90, chrome: {chromedriverVersion: 76.0.3809.68 (420c9498db8ce..., userDataDir: C:\Users\Dell\AppData\Local...}, goog:chromeOptions: {debuggerAddress: localhost:49480}, javascriptEnabled: true, networkConnectionEnabled: false, pageLoadStrategy: normal, platform: XP, platformName: XP, proxy: Proxy(), setWindowRect: true, strictFileInteractability: false, timeouts: {implicit: 0, pageLoad: 300000, script: 30000}, unhandledPromptBehavior: dismiss and notify}
Session ID: f1101784e31c17e89451c606062020cb&#xD;
	at org.openqa.selenium.remote.http.W3CHttpResponseCodec.createException(W3CHttpResponseCodec.java:187)&#xD;
	at org.openqa.selenium.remote.http.W3CHttpResponseCodec.decode(W3CHttpResponseCodec.java:122)&#xD;
	at org.openqa.selenium.remote.http.W3CHttpResponseCodec.decode(W3CHttpResponseCodec.java:49)&#xD;
	at org.openqa.selenium.remote.HttpCommandExecutor.execute(HttpCommandExecutor.java:158)&#xD;
	at org.openqa.selenium.remote.service.DriverCommandExecutor.execute(DriverCommandExecutor.java:83)&#xD;
	at org.openqa.selenium.remote.RemoteWebDriver.execute(RemoteWebDriver.java:552)&#xD;
	at com.kms.katalon.selenium.driver.CChromeDriver.execute(CChromeDriver.java:20)&#xD;
	at org.openqa.selenium.remote.RemoteWebElement.execute(RemoteWebElement.java:285)&#xD;
	at org.openqa.selenium.remote.RemoteWebElement.click(RemoteWebElement.java:84)&#xD;
	at com.kms.katalon.core.webui.keyword.builtin.ClickKeyword$_click_closure1.doCall(ClickKeyword.groovy:79)&#xD;
	at com.kms.katalon.core.webui.keyword.builtin.ClickKeyword$_click_closure1.call(ClickKeyword.groovy)&#xD;
	at com.kms.katalon.core.webui.keyword.internal.WebUIKeywordMain.runKeyword(WebUIKeywordMain.groovy:20)&#xD;
	... 19 more&#xD;
&#xD;
&#xD;
2019-10-11 12:04:20 - [TEST_STEP][FAILED] - click(findTestObject("Object Repository/Edit Offer/Page_Templates/a_Offers")): Unable to click on object 'Object Repository/Edit Offer/Page_Templates/a_Offers' (Root cause: com.kms.katalon.core.exception.StepFailedException: Unable to click on object 'Object Repository/Edit Offer/Page_Templates/a_Offers'&#xD;
	at com.kms.katalon.core.webui.keyword.internal.WebUIKeywordMain.stepFailed(WebUIKeywordMain.groovy:64)&#xD;
	at com.kms.katalon.core.webui.keyword.internal.WebUIKeywordMain.runKeyword(WebUIKeywordMain.groovy:26)&#xD;
	at com.kms.katalon.core.webui.keyword.builtin.ClickKeyword.click(ClickKeyword.groovy:86)&#xD;
	at com.kms.katalon.core.webui.keyword.builtin.ClickKeyword.execute(ClickKeyword.groovy:67)&#xD;
	at com.kms.katalon.core.keyword.internal.KeywordExecutor.executeKeywordForPlatform(KeywordExecutor.groovy:56)&#xD;
	at com.kms.katalon.core.webui.keyword.WebUiBuiltInKeywords.click(WebUiBuiltInKeywords.groovy:616)&#xD;
	at com.kms.katalon.core.webui.keyword.WebUiBuiltInKeywords$click$1.call(Unknown Source)&#xD;
	at Edit Offer.run(Edit Offer:17)&#xD;
	at com.kms.katalon.core.main.ScriptEngine.run(ScriptEngine.java:194)&#xD;
	at com.kms.katalon.core.main.ScriptEngine.runScriptAsRawText(ScriptEngine.java:119)&#xD;
	at com.kms.katalon.core.main.TestCaseExecutor.runScript(TestCaseExecutor.java:337)&#xD;
	at com.kms.katalon.core.main.TestCaseExecutor.doExecute(TestCaseExecutor.java:328)&#xD;
	at com.kms.katalon.core.main.TestCaseExecutor.processExecutionPhase(TestCaseExecutor.java:307)&#xD;
	at com.kms.katalon.core.main.TestCaseExecutor.accessMainPhase(TestCaseExecutor.java:299)&#xD;
	at com.kms.katalon.core.main.TestCaseExecutor.execute(TestCaseExecutor.java:233)&#xD;
	at com.kms.katalon.core.main.TestSuiteExecutor.accessTestCaseMainPhase(TestSuiteExecutor.java:169)&#xD;
	at com.kms.katalon.core.main.TestSuiteExecutor.accessTestSuiteMainPhase(TestSuiteExecutor.java:142)&#xD;
	at com.kms.katalon.core.main.TestSuiteExecutor.execute(TestSuiteExecutor.java:91)&#xD;
	at com.kms.katalon.core.main.TestCaseMain.startTestSuite(TestCaseMain.java:157)&#xD;
	at com.kms.katalon.core.main.TestCaseMain$startTestSuite$0.call(Unknown Source)&#xD;
	at TempTestSuite1570775514984.run(TempTestSuite1570775514984.groovy:35)&#xD;
Caused by: org.openqa.selenium.StaleElementReferenceException: stale element reference: element is not attached to the page document
  (Session info: chrome=77.0.3865.90)
For documentation on this error, please visit: https://www.seleniumhq.org/exceptions/stale_element_reference.html
Build info: version: '3.141.59', revision: 'e82be7d358', time: '2018-11-14T08:25:53'
System info: host: 'DESKTOP-A4R0EHC', ip: '192.168.0.110', os.name: 'Windows 10', os.arch: 'amd64', os.version: '10.0', java.version: '1.8.0_181'
Driver info: com.kms.katalon.selenium.driver.CChromeDriver
Capabilities {acceptInsecureCerts: false, browserName: chrome, browserVersion: 77.0.3865.90, chrome: {chromedriverVersion: 76.0.3809.68 (420c9498db8ce..., userDataDir: C:\Users\Dell\AppData\Local...}, goog:chromeOptions: {debuggerAddress: localhost:49480}, javascriptEnabled: true, networkConnectionEnabled: false, pageLoadStrategy: normal, platform: XP, platformName: XP, proxy: Proxy(), setWindowRect: true, strictFileInteractability: false, timeouts: {implicit: 0, pageLoad: 300000, script: 30000}, unhandledPromptBehavior: dismiss and notify}
Session ID: f1101784e31c17e89451c606062020cb&#xD;
	at org.openqa.selenium.remote.http.W3CHttpResponseCodec.createException(W3CHttpResponseCodec.java:187)&#xD;
	at org.openqa.selenium.remote.http.W3CHttpResponseCodec.decode(W3CHttpResponseCodec.java:122)&#xD;
	at org.openqa.selenium.remote.http.W3CHttpResponseCodec.decode(W3CHttpResponseCodec.java:49)&#xD;
	at org.openqa.selenium.remote.HttpCommandExecutor.execute(HttpCommandExecutor.java:158)&#xD;
	at org.openqa.selenium.remote.service.DriverCommandExecutor.execute(DriverCommandExecutor.java:83)&#xD;
	at org.openqa.selenium.remote.RemoteWebDriver.execute(RemoteWebDriver.java:552)&#xD;
	at com.kms.katalon.selenium.driver.CChromeDriver.execute(CChromeDriver.java:20)&#xD;
	at org.openqa.selenium.remote.RemoteWebElement.execute(RemoteWebElement.java:285)&#xD;
	at org.openqa.selenium.remote.RemoteWebElement.click(RemoteWebElement.java:84)&#xD;
	at com.kms.katalon.core.webui.keyword.builtin.ClickKeyword$_click_closure1.doCall(ClickKeyword.groovy:79)&#xD;
	at com.kms.katalon.core.webui.keyword.builtin.ClickKeyword$_click_closure1.call(ClickKeyword.groovy)&#xD;
	at com.kms.katalon.core.webui.keyword.internal.WebUIKeywordMain.runKeyword(WebUIKeywordMain.groovy:20)&#xD;
	at com.kms.katalon.core.webui.keyword.builtin.ClickKeyword.click(ClickKeyword.groovy:86)&#xD;
	at com.kms.katalon.core.webui.keyword.builtin.ClickKeyword.execute(ClickKeyword.groovy:67)&#xD;
	at com.kms.katalon.core.keyword.internal.KeywordExecutor.executeKeywordForPlatform(KeywordExecutor.groovy:56)&#xD;
	at com.kms.katalon.core.webui.keyword.WebUiBuiltInKeywords.click(WebUiBuiltInKeywords.groovy:616)&#xD;
	at com.kms.katalon.core.webui.keyword.WebUiBuiltInKeywords$click$1.call(Unknown Source)&#xD;
	at Script1570773005024.run(Script1570773005024.groovy:17)&#xD;
	... 13 more&#xD;
)&#xD;
&#xD;
2019-10-11 12:04:27 - [MESSAGE][FAILED] - Unable to click on object 'Object Repository/Edit Offer/Page_Templates/a_Offers' (Root cause: com.kms.katalon.core.exception.StepFailedException: Unable to click on object 'Object Repository/Edit Offer/Page_Templates/a_Offers'&#xD;
	at com.kms.katalon.core.webui.keyword.internal.WebUIKeywordMain.stepFailed(WebUIKeywordMain.groovy:64)&#xD;
	at com.kms.katalon.core.webui.keyword.internal.WebUIKeywordMain.runKeyword(WebUIKeywordMain.groovy:26)&#xD;
	at com.kms.katalon.core.webui.keyword.builtin.ClickKeyword.click(ClickKeyword.groovy:86)&#xD;
	at com.kms.katalon.core.webui.keyword.builtin.ClickKeyword.execute(ClickKeyword.groovy:67)&#xD;
	at com.kms.katalon.core.keyword.internal.KeywordExecutor.executeKeywordForPlatform(KeywordExecutor.groovy:56)&#xD;
	at com.kms.katalon.core.webui.keyword.WebUiBuiltInKeywords.click(WebUiBuiltInKeywords.groovy:616)&#xD;
	at com.kms.katalon.core.webui.keyword.WebUiBuiltInKeywords$click$1.call(Unknown Source)&#xD;
	at Edit Offer.run(Edit Offer:17)&#xD;
	at com.kms.katalon.core.main.ScriptEngine.run(ScriptEngine.java:194)&#xD;
	at com.kms.katalon.core.main.ScriptEngine.runScriptAsRawText(ScriptEngine.java:119)&#xD;
	at com.kms.katalon.core.main.TestCaseExecutor.runScript(TestCaseExecutor.java:337)&#xD;
	at com.kms.katalon.core.main.TestCaseExecutor.doExecute(TestCaseExecutor.java:328)&#xD;
	at com.kms.katalon.core.main.TestCaseExecutor.processExecutionPhase(TestCaseExecutor.java:307)&#xD;
	at com.kms.katalon.core.main.TestCaseExecutor.accessMainPhase(TestCaseExecutor.java:299)&#xD;
	at com.kms.katalon.core.main.TestCaseExecutor.execute(TestCaseExecutor.java:233)&#xD;
	at com.kms.katalon.core.main.TestSuiteExecutor.accessTestCaseMainPhase(TestSuiteExecutor.java:169)&#xD;
	at com.kms.katalon.core.main.TestSuiteExecutor.accessTestSuiteMainPhase(TestSuiteExecutor.java:142)&#xD;
	at com.kms.katalon.core.main.TestSuiteExecutor.execute(TestSuiteExecutor.java:91)&#xD;
	at com.kms.katalon.core.main.TestCaseMain.startTestSuite(TestCaseMain.java:157)&#xD;
	at com.kms.katalon.core.main.TestCaseMain$startTestSuite$0.call(Unknown Source)&#xD;
	at TempTestSuite1570775514984.run(TempTestSuite1570775514984.groovy:35)&#xD;
Caused by: org.openqa.selenium.StaleElementReferenceException: stale element reference: element is not attached to the page document
  (Session info: chrome=77.0.3865.90)
For documentation on this error, please visit: https://www.seleniumhq.org/exceptions/stale_element_reference.html
Build info: version: '3.141.59', revision: 'e82be7d358', time: '2018-11-14T08:25:53'
System info: host: 'DESKTOP-A4R0EHC', ip: '192.168.0.110', os.name: 'Windows 10', os.arch: 'amd64', os.version: '10.0', java.version: '1.8.0_181'
Driver info: com.kms.katalon.selenium.driver.CChromeDriver
Capabilities {acceptInsecureCerts: false, browserName: chrome, browserVersion: 77.0.3865.90, chrome: {chromedriverVersion: 76.0.3809.68 (420c9498db8ce..., userDataDir: C:\Users\Dell\AppData\Local...}, goog:chromeOptions: {debuggerAddress: localhost:49480}, javascriptEnabled: true, networkConnectionEnabled: false, pageLoadStrategy: normal, platform: XP, platformName: XP, proxy: Proxy(), setWindowRect: true, strictFileInteractability: false, timeouts: {implicit: 0, pageLoad: 300000, script: 30000}, unhandledPromptBehavior: dismiss and notify}
Session ID: f1101784e31c17e89451c606062020cb&#xD;
	at org.openqa.selenium.remote.http.W3CHttpResponseCodec.createException(W3CHttpResponseCodec.java:187)&#xD;
	at org.openqa.selenium.remote.http.W3CHttpResponseCodec.decode(W3CHttpResponseCodec.java:122)&#xD;
	at org.openqa.selenium.remote.http.W3CHttpResponseCodec.decode(W3CHttpResponseCodec.java:49)&#xD;
	at org.openqa.selenium.remote.HttpCommandExecutor.execute(HttpCommandExecutor.java:158)&#xD;
	at org.openqa.selenium.remote.service.DriverCommandExecutor.execute(DriverCommandExecutor.java:83)&#xD;
	at org.openqa.selenium.remote.RemoteWebDriver.execute(RemoteWebDriver.java:552)&#xD;
	at com.kms.katalon.selenium.driver.CChromeDriver.execute(CChromeDriver.java:20)&#xD;
	at org.openqa.selenium.remote.RemoteWebElement.execute(RemoteWebElement.java:285)&#xD;
	at org.openqa.selenium.remote.RemoteWebElement.click(RemoteWebElement.java:84)&#xD;
	at com.kms.katalon.core.webui.keyword.builtin.ClickKeyword$_click_closure1.doCall(ClickKeyword.groovy:79)&#xD;
	at com.kms.katalon.core.webui.keyword.builtin.ClickKeyword$_click_closure1.call(ClickKeyword.groovy)&#xD;
	at com.kms.katalon.core.webui.keyword.internal.WebUIKeywordMain.runKeyword(WebUIKeywordMain.groovy:20)&#xD;
	at com.kms.katalon.core.webui.keyword.builtin.ClickKeyword.click(ClickKeyword.groovy:86)&#xD;
	at com.kms.katalon.core.webui.keyword.builtin.ClickKeyword.execute(ClickKeyword.groovy:67)&#xD;
	at com.kms.katalon.core.keyword.internal.KeywordExecutor.executeKeywordForPlatform(KeywordExecutor.groovy:56)&#xD;
	at com.kms.katalon.core.webui.keyword.WebUiBuiltInKeywords.click(WebUiBuiltInKeywords.groovy:616)&#xD;
	at com.kms.katalon.core.webui.keyword.WebUiBuiltInKeywords$click$1.call(Unknown Source)&#xD;
	at Script1570773005024.run(Script1570773005024.groovy:17)&#xD;
	... 13 more&#xD;
)&#xD;
[[ATTACHMENT|C:\\Users\\Dell\\Katalon Studio\\GSM Demo\\Reports\\20191011_120154\\Offers Regression\\20191011_120154\\1570775664853.png]]</system-out>
            <system-err>2019-10-11 12:04:20 - [TEST_CASE][FAILED] - Test Cases/Test Scenarios/Regression/Offers/Edit Offer: Test Cases/Test Scenarios/Regression/Offers/Edit Offer FAILED.
Reason:
com.kms.katalon.core.exception.StepFailedException: Unable to click on object 'Object Repository/Edit Offer/Page_Templates/a_Offers'&#xD;
	at com.kms.katalon.core.webui.keyword.internal.WebUIKeywordMain.stepFailed(WebUIKeywordMain.groovy:64)&#xD;
	at com.kms.katalon.core.webui.keyword.internal.WebUIKeywordMain.runKeyword(WebUIKeywordMain.groovy:26)&#xD;
	at com.kms.katalon.core.webui.keyword.builtin.ClickKeyword.click(ClickKeyword.groovy:86)&#xD;
	at com.kms.katalon.core.webui.keyword.builtin.ClickKeyword.execute(ClickKeyword.groovy:67)&#xD;
	at com.kms.katalon.core.keyword.internal.KeywordExecutor.executeKeywordForPlatform(KeywordExecutor.groovy:56)&#xD;
	at com.kms.katalon.core.webui.keyword.WebUiBuiltInKeywords.click(WebUiBuiltInKeywords.groovy:616)&#xD;
	at com.kms.katalon.core.webui.keyword.WebUiBuiltInKeywords$click$1.call(Unknown Source)&#xD;
	at Edit Offer.run(Edit Offer:17)&#xD;
	at com.kms.katalon.core.main.ScriptEngine.run(ScriptEngine.java:194)&#xD;
	at com.kms.katalon.core.main.ScriptEngine.runScriptAsRawText(ScriptEngine.java:119)&#xD;
	at com.kms.katalon.core.main.TestCaseExecutor.runScript(TestCaseExecutor.java:337)&#xD;
	at com.kms.katalon.core.main.TestCaseExecutor.doExecute(TestCaseExecutor.java:328)&#xD;
	at com.kms.katalon.core.main.TestCaseExecutor.processExecutionPhase(TestCaseExecutor.java:307)&#xD;
	at com.kms.katalon.core.main.TestCaseExecutor.accessMainPhase(TestCaseExecutor.java:299)&#xD;
	at com.kms.katalon.core.main.TestCaseExecutor.execute(TestCaseExecutor.java:233)&#xD;
	at com.kms.katalon.core.main.TestSuiteExecutor.accessTestCaseMainPhase(TestSuiteExecutor.java:169)&#xD;
	at com.kms.katalon.core.main.TestSuiteExecutor.accessTestSuiteMainPhase(TestSuiteExecutor.java:142)&#xD;
	at com.kms.katalon.core.main.TestSuiteExecutor.execute(TestSuiteExecutor.java:91)&#xD;
	at com.kms.katalon.core.main.TestCaseMain.startTestSuite(TestCaseMain.java:157)&#xD;
	at com.kms.katalon.core.main.TestCaseMain$startTestSuite$0.call(Unknown Source)&#xD;
	at TempTestSuite1570775514984.run(TempTestSuite1570775514984.groovy:35)&#xD;
Caused by: org.openqa.selenium.StaleElementReferenceException: stale element reference: element is not attached to the page document
  (Session info: chrome=77.0.3865.90)
For documentation on this error, please visit: https://www.seleniumhq.org/exceptions/stale_element_reference.html
Build info: version: '3.141.59', revision: 'e82be7d358', time: '2018-11-14T08:25:53'
System info: host: 'DESKTOP-A4R0EHC', ip: '192.168.0.110', os.name: 'Windows 10', os.arch: 'amd64', os.version: '10.0', java.version: '1.8.0_181'
Driver info: com.kms.katalon.selenium.driver.CChromeDriver
Capabilities {acceptInsecureCerts: false, browserName: chrome, browserVersion: 77.0.3865.90, chrome: {chromedriverVersion: 76.0.3809.68 (420c9498db8ce..., userDataDir: C:\Users\Dell\AppData\Local...}, goog:chromeOptions: {debuggerAddress: localhost:49480}, javascriptEnabled: true, networkConnectionEnabled: false, pageLoadStrategy: normal, platform: XP, platformName: XP, proxy: Proxy(), setWindowRect: true, strictFileInteractability: false, timeouts: {implicit: 0, pageLoad: 300000, script: 30000}, unhandledPromptBehavior: dismiss and notify}
Session ID: f1101784e31c17e89451c606062020cb&#xD;
	at org.openqa.selenium.remote.http.W3CHttpResponseCodec.createException(W3CHttpResponseCodec.java:187)&#xD;
	at org.openqa.selenium.remote.http.W3CHttpResponseCodec.decode(W3CHttpResponseCodec.java:122)&#xD;
	at org.openqa.selenium.remote.http.W3CHttpResponseCodec.decode(W3CHttpResponseCodec.java:49)&#xD;
	at org.openqa.selenium.remote.HttpCommandExecutor.execute(HttpCommandExecutor.java:158)&#xD;
	at org.openqa.selenium.remote.service.DriverCommandExecutor.execute(DriverCommandExecutor.java:83)&#xD;
	at org.openqa.selenium.remote.RemoteWebDriver.execute(RemoteWebDriver.java:552)&#xD;
	at com.kms.katalon.selenium.driver.CChromeDriver.execute(CChromeDriver.java:20)&#xD;
	at org.openqa.selenium.remote.RemoteWebElement.execute(RemoteWebElement.java:285)&#xD;
	at org.openqa.selenium.remote.RemoteWebElement.click(RemoteWebElement.java:84)&#xD;
	at com.kms.katalon.core.webui.keyword.builtin.ClickKeyword$_click_closure1.doCall(ClickKeyword.groovy:79)&#xD;
	at com.kms.katalon.core.webui.keyword.builtin.ClickKeyword$_click_closure1.call(ClickKeyword.groovy)&#xD;
	at com.kms.katalon.core.webui.keyword.internal.WebUIKeywordMain.runKeyword(WebUIKeywordMain.groovy:20)&#xD;
	... 19 more</system-err>
        </testcase>
        <testcase name="Test Cases/Test Scenarios/Regression/Offers/Delete Offer" classname="Test Cases/Test Scenarios/Regression/Offers/Delete Offer" status="PASSED">
            <system-out>2019-10-11 12:04:27 - [TEST_CASE][PASSED] - Test Cases/Test Scenarios/Regression/Offers/Delete Offer: Test Cases/Test Scenarios/Regression/Offers/Delete Offer&#xD;
&#xD;
2019-10-11 12:04:27 - [TEST_STEP][PASSED] - delay(5): Delayed 5 second(s)&#xD;
&#xD;
2019-10-11 12:04:32 - [MESSAGE][PASSED] - Delayed 5 second(s)&#xD;
&#xD;
2019-10-11 12:04:32 - [TEST_STEP][PASSED] - click(findTestObject("Delete Offer/Page_Offers/div_Most Recent Uploads_library-table-checkbox no-label checkbox")): Object: 'Object Repository/Delete Offer/Page_Offers/div_Most Recent Uploads_library-table-checkbox no-label checkbox' is clicked on&#xD;
&#xD;
2019-10-11 12:04:36 - [MESSAGE][PASSED] - Object: 'Object Repository/Delete Offer/Page_Offers/div_Most Recent Uploads_library-table-checkbox no-label checkbox' is clicked on&#xD;
&#xD;
2019-10-11 12:04:36 - [TEST_STEP][PASSED] - click(findTestObject("Object Repository/Delete Offer/Page_Offers/span_Delete")): Object: 'Object Repository/Delete Offer/Page_Offers/span_Delete' is clicked on&#xD;
&#xD;
2019-10-11 12:04:41 - [MESSAGE][PASSED] - Object: 'Object Repository/Delete Offer/Page_Offers/span_Delete' is clicked on&#xD;
&#xD;
2019-10-11 12:04:41 - [TEST_STEP][PASSED] - click(findTestObject("Object Repository/Delete Offer/Page_Offers/button_Yes")): Object: 'Object Repository/Delete Offer/Page_Offers/button_Yes' is clicked on&#xD;
&#xD;
2019-10-11 12:04:45 - [MESSAGE][PASSED] - Object: 'Object Repository/Delete Offer/Page_Offers/button_Yes' is clicked on</system-out>
            <system-err></system-err>
        </testcase>
        <testcase name="Test Cases/Test Scenarios/Regression/Logout/GSM Logout" classname="Test Cases/Test Scenarios/Regression/Logout/GSM Logout" status="PASSED">
            <system-out>2019-10-11 12:04:45 - [TEST_CASE][PASSED] - Test Cases/Test Scenarios/Regression/Logout/GSM Logout: Test Cases/Test Scenarios/Regression/Logout/GSM Logout&#xD;
&#xD;
2019-10-11 12:04:45 - [TEST_STEP][PASSED] - click(findTestObject("GSM Logout/Page_Templates/a_Help_user-panel-dropdown-4")): Object: 'Object Repository/GSM Logout/Page_Templates/a_Help_user-panel-dropdown-4' is clicked on&#xD;
&#xD;
2019-10-11 12:04:49 - [MESSAGE][PASSED] - Object: 'Object Repository/GSM Logout/Page_Templates/a_Help_user-panel-dropdown-4' is clicked on&#xD;
&#xD;
2019-10-11 12:04:49 - [TEST_STEP][PASSED] - click(findTestObject("GSM Logout/Page_Templates/a_Log Out")): Object: 'Object Repository/GSM Logout/Page_Templates/a_Log Out' is clicked on&#xD;
&#xD;
2019-10-11 12:04:54 - [MESSAGE][PASSED] - Object: 'Object Repository/GSM Logout/Page_Templates/a_Log Out' is clicked on</system-out>
            <system-err></system-err>
        </testcase>
        <system-out>2019-10-11 12:01:57 - [TEST_SUITE][INCOMPLETE] - Offers Regression: null</system-out>
        <system-err>2019-10-11 12:01:57 - [TEST_SUITE][INCOMPLETE] - Offers Regression: null</system-err>
    </testsuite>
</testsuites>
