<?xml version="1.0" encoding="UTF-8"?>
<testsuites name="R12" time="185.533" tests="5" failures="1" errors="0">
   <testsuite name="R12" tests="5" failures="1" errors="0" time="185.533" timestamp="2019-10-30 10:22:15" hostname="Dell - DESKTOP-A4R0EHC" id="Test Suites/R12">
      <properties>
         <property name="deviceName" value=""/>
         <property name="devicePlatform" value=""/>
         <property name="logFolder" value="C:\\Users\\Dell\\Katalon Studio\\GSM Demo\\Reports\\20191030_102207\\R12\\20191030_102207"/>
         <property name="logFiles" value="C:\\Users\\Dell\\Katalon Studio\\GSM Demo\\Reports\\20191030_102207\\R12\\20191030_102207\\execution0.log"/>
         <property name="attachments" value="C:\\Users\\Dell\\Katalon Studio\\GSM Demo\\Reports\\20191030_102207\\R12\\20191030_102207\\1572411184404.png"/>
         <property name="hostName" value="Dell - DESKTOP-A4R0EHC"/>
         <property name="os" value="Windows 10 64bit"/>
         <property name="katalonVersion" value="7.0.4.1"/>
         <property name="browser" value="Chrome 77.0.3865.120"/>
         <property name="hostAddress" value="192.168.0.110"/>
         <property name="sessionId" value="afc14fc90fa53e235bb5c61a8693d227"/>
         <property name="seleniumVersion" value="3.141.59"/>
         <property name="proxyInformation" value="ProxyInformation{proxyOption=NO_PROXY, proxyServerType=HTTP, password=, proxyServerAddress=, proxyServerPort=0}"/>
         <property name="platform" value="Windows 10"/>
      </properties>
      <testcase name="Test Cases/TestRail/Create Offer" time="49.676" classname="Test Cases/TestRail/Create Offer" status="FAILED">
         <failure type="FAILED" message="Test Cases/TestRail/Create Offer FAILED.
Reason:
com.kms.katalon.core.exception.StepFailedException: Unable to click on object 'Object Repository/TestRail/Page_GSM Portal/button_Log in'
	at com.kms.katalon.core.webui.keyword.internal.WebUIKeywordMain.stepFailed(WebUIKeywordMain.groovy:64)
	at com.kms.katalon.core.webui.keyword.internal.WebUIKeywordMain.runKeyword(WebUIKeywordMain.groovy:26)
	at com.kms.katalon.core.webui.keyword.builtin.ClickKeyword.click(ClickKeyword.groovy:79)
	at com.kms.katalon.core.webui.keyword.builtin.ClickKeyword.execute(ClickKeyword.groovy:42)
	at com.kms.katalon.core.keyword.internal.KeywordExecutor.executeKeywordForPlatform(KeywordExecutor.groovy:60)
	at com.kms.katalon.core.webui.keyword.WebUiBuiltInKeywords.click(WebUiBuiltInKeywords.groovy:616)
	at com.kms.katalon.core.webui.keyword.WebUiBuiltInKeywords$click$1.call(Unknown Source)
	at Create Offer.run(Create Offer:23)
	at com.kms.katalon.core.main.ScriptEngine.run(ScriptEngine.java:194)
	at com.kms.katalon.core.main.ScriptEngine.runScriptAsRawText(ScriptEngine.java:119)
	at com.kms.katalon.core.main.TestCaseExecutor.runScript(TestCaseExecutor.java:337)
	at com.kms.katalon.core.main.TestCaseExecutor.doExecute(TestCaseExecutor.java:328)
	at com.kms.katalon.core.main.TestCaseExecutor.processExecutionPhase(TestCaseExecutor.java:307)
	at com.kms.katalon.core.main.TestCaseExecutor.accessMainPhase(TestCaseExecutor.java:299)
	at com.kms.katalon.core.main.TestCaseExecutor.execute(TestCaseExecutor.java:233)
	at com.kms.katalon.core.main.TestSuiteExecutor.accessTestCaseMainPhase(TestSuiteExecutor.java:169)
	at com.kms.katalon.core.main.TestSuiteExecutor.accessTestSuiteMainPhase(TestSuiteExecutor.java:142)
	at com.kms.katalon.core.main.TestSuiteExecutor.execute(TestSuiteExecutor.java:91)
	at com.kms.katalon.core.main.TestCaseMain.startTestSuite(TestCaseMain.java:157)
	at com.kms.katalon.core.main.TestCaseMain$startTestSuite$0.call(Unknown Source)
	at TempTestSuite1572411127184.run(TempTestSuite1572411127184.groovy:36)
Caused by: org.openqa.selenium.TimeoutException: Expected condition failed: waiting for element to be clickable: [[CChromeDriver: chrome on XP (6ae440cd864f885db1a4e436f3051c9e)] -> xpath: //button[@type='button']] (tried for 30 second(s) with 500 milliseconds interval)
Build info: version: '3.141.59', revision: 'e82be7d358', time: '2018-11-14T08:25:53'
System info: host: 'DESKTOP-A4R0EHC', ip: '192.168.0.110', os.name: 'Windows 10', os.arch: 'amd64', os.version: '10.0', java.version: '1.8.0_181'
Driver info: com.kms.katalon.core.webui.driver.SmartWaitWebDriver
Capabilities {acceptInsecureCerts: false, browserName: chrome, browserVersion: 77.0.3865.120, chrome: {chromedriverVersion: 77.0.3865.40 (f484704e052e0..., userDataDir: C:\Users\Dell\AppData\Local...}, goog:chromeOptions: {debuggerAddress: localhost:59466}, javascriptEnabled: true, networkConnectionEnabled: false, pageLoadStrategy: normal, platform: XP, platformName: XP, proxy: Proxy(), setWindowRect: true, strictFileInteractability: false, timeouts: {implicit: 0, pageLoad: 300000, script: 30000}, unhandledPromptBehavior: dismiss and notify}
Session ID: 6ae440cd864f885db1a4e436f3051c9e
	at org.openqa.selenium.support.ui.WebDriverWait.timeoutException(WebDriverWait.java:95)
	at org.openqa.selenium.support.ui.FluentWait.until(FluentWait.java:272)
	at com.kms.katalon.core.webui.keyword.builtin.ClickKeyword$_click_closure1.doCall(ClickKeyword.groovy:56)
	at com.kms.katalon.core.webui.keyword.builtin.ClickKeyword$_click_closure1.call(ClickKeyword.groovy)
	at com.kms.katalon.core.webui.keyword.internal.WebUIKeywordMain.runKeyword(WebUIKeywordMain.groovy:20)
	... 19 more
"/>
         <system-out><![CDATA[2019-10-30 10:22:15 - [TEST_CASE][FAILED] - Test Cases/TestRail/Create Offer: Test Cases/TestRail/Create Offer FAILED.
Reason:
com.kms.katalon.core.exception.StepFailedException: Unable to click on object 'Object Repository/TestRail/Page_GSM Portal/button_Log in'
	at com.kms.katalon.core.webui.keyword.internal.WebUIKeywordMain.stepFailed(WebUIKeywordMain.groovy:64)
	at com.kms.katalon.core.webui.keyword.internal.WebUIKeywordMain.runKeyword(WebUIKeywordMain.groovy:26)
	at com.kms.katalon.core.webui.keyword.builtin.ClickKeyword.click(ClickKeyword.groovy:79)
	at com.kms.katalon.core.webui.keyword.builtin.ClickKeyword.execute(ClickKeyword.groovy:42)
	at com.kms.katalon.core.keyword.internal.KeywordExecutor.executeKeywordForPlatform(KeywordExecutor.groovy:60)
	at com.kms.katalon.core.webui.keyword.WebUiBuiltInKeywords.click(WebUiBuiltInKeywords.groovy:616)
	at com.kms.katalon.core.webui.keyword.WebUiBuiltInKeywords$click$1.call(Unknown Source)
	at Create Offer.run(Create Offer:23)
	at com.kms.katalon.core.main.ScriptEngine.run(ScriptEngine.java:194)
	at com.kms.katalon.core.main.ScriptEngine.runScriptAsRawText(ScriptEngine.java:119)
	at com.kms.katalon.core.main.TestCaseExecutor.runScript(TestCaseExecutor.java:337)
	at com.kms.katalon.core.main.TestCaseExecutor.doExecute(TestCaseExecutor.java:328)
	at com.kms.katalon.core.main.TestCaseExecutor.processExecutionPhase(TestCaseExecutor.java:307)
	at com.kms.katalon.core.main.TestCaseExecutor.accessMainPhase(TestCaseExecutor.java:299)
	at com.kms.katalon.core.main.TestCaseExecutor.execute(TestCaseExecutor.java:233)
	at com.kms.katalon.core.main.TestSuiteExecutor.accessTestCaseMainPhase(TestSuiteExecutor.java:169)
	at com.kms.katalon.core.main.TestSuiteExecutor.accessTestSuiteMainPhase(TestSuiteExecutor.java:142)
	at com.kms.katalon.core.main.TestSuiteExecutor.execute(TestSuiteExecutor.java:91)
	at com.kms.katalon.core.main.TestCaseMain.startTestSuite(TestCaseMain.java:157)
	at com.kms.katalon.core.main.TestCaseMain$startTestSuite$0.call(Unknown Source)
	at TempTestSuite1572411127184.run(TempTestSuite1572411127184.groovy:36)
Caused by: org.openqa.selenium.TimeoutException: Expected condition failed: waiting for element to be clickable: [[CChromeDriver: chrome on XP (6ae440cd864f885db1a4e436f3051c9e)] -> xpath: //button[@type='button']] (tried for 30 second(s) with 500 milliseconds interval)
Build info: version: '3.141.59', revision: 'e82be7d358', time: '2018-11-14T08:25:53'
System info: host: 'DESKTOP-A4R0EHC', ip: '192.168.0.110', os.name: 'Windows 10', os.arch: 'amd64', os.version: '10.0', java.version: '1.8.0_181'
Driver info: com.kms.katalon.core.webui.driver.SmartWaitWebDriver
Capabilities {acceptInsecureCerts: false, browserName: chrome, browserVersion: 77.0.3865.120, chrome: {chromedriverVersion: 77.0.3865.40 (f484704e052e0..., userDataDir: C:\Users\Dell\AppData\Local...}, goog:chromeOptions: {debuggerAddress: localhost:59466}, javascriptEnabled: true, networkConnectionEnabled: false, pageLoadStrategy: normal, platform: XP, platformName: XP, proxy: Proxy(), setWindowRect: true, strictFileInteractability: false, timeouts: {implicit: 0, pageLoad: 300000, script: 30000}, unhandledPromptBehavior: dismiss and notify}
Session ID: 6ae440cd864f885db1a4e436f3051c9e
	at org.openqa.selenium.support.ui.WebDriverWait.timeoutException(WebDriverWait.java:95)
	at org.openqa.selenium.support.ui.FluentWait.until(FluentWait.java:272)
	at com.kms.katalon.core.webui.keyword.builtin.ClickKeyword$_click_closure1.doCall(ClickKeyword.groovy:56)
	at com.kms.katalon.core.webui.keyword.builtin.ClickKeyword$_click_closure1.call(ClickKeyword.groovy)
	at com.kms.katalon.core.webui.keyword.internal.WebUIKeywordMain.runKeyword(WebUIKeywordMain.groovy:20)
	... 19 more


2019-10-30 10:22:16 - [TEST_STEP][PASSED] - openBrowser(""): Browser is opened with url: ''

2019-10-30 10:22:17 - [MESSAGE][INFO] - Starting 'Chrome' driver

2019-10-30 10:22:17 - [MESSAGE][INFO] - Action delay is set to 2 seconds

2019-10-30 10:22:25 - [MESSAGE][PASSED] - Browser is opened with url: ''

2019-10-30 10:22:25 - [TEST_STEP][PASSED] - navigateToUrl("https://sandbox.gsm.auto/logout"): Navigate to 'https://sandbox.gsm.auto/logout' successfully

2019-10-30 10:22:32 - [MESSAGE][PASSED] - Navigate to 'https://sandbox.gsm.auto/logout' successfully

2019-10-30 10:22:32 - [TEST_STEP][FAILED] - click(findTestObject("Object Repository/TestRail/Page_GSM Portal/button_Log in")): Unable to click on object 'Object Repository/TestRail/Page_GSM Portal/button_Log in' (Root cause: com.kms.katalon.core.exception.StepFailedException: Unable to click on object 'Object Repository/TestRail/Page_GSM Portal/button_Log in'
	at com.kms.katalon.core.webui.keyword.internal.WebUIKeywordMain.stepFailed(WebUIKeywordMain.groovy:64)
	at com.kms.katalon.core.webui.keyword.internal.WebUIKeywordMain.runKeyword(WebUIKeywordMain.groovy:26)
	at com.kms.katalon.core.webui.keyword.builtin.ClickKeyword.click(ClickKeyword.groovy:79)
	at com.kms.katalon.core.webui.keyword.builtin.ClickKeyword.execute(ClickKeyword.groovy:42)
	at com.kms.katalon.core.keyword.internal.KeywordExecutor.executeKeywordForPlatform(KeywordExecutor.groovy:60)
	at com.kms.katalon.core.webui.keyword.WebUiBuiltInKeywords.click(WebUiBuiltInKeywords.groovy:616)
	at com.kms.katalon.core.webui.keyword.WebUiBuiltInKeywords$click$1.call(Unknown Source)
	at Create Offer.run(Create Offer:23)
	at com.kms.katalon.core.main.ScriptEngine.run(ScriptEngine.java:194)
	at com.kms.katalon.core.main.ScriptEngine.runScriptAsRawText(ScriptEngine.java:119)
	at com.kms.katalon.core.main.TestCaseExecutor.runScript(TestCaseExecutor.java:337)
	at com.kms.katalon.core.main.TestCaseExecutor.doExecute(TestCaseExecutor.java:328)
	at com.kms.katalon.core.main.TestCaseExecutor.processExecutionPhase(TestCaseExecutor.java:307)
	at com.kms.katalon.core.main.TestCaseExecutor.accessMainPhase(TestCaseExecutor.java:299)
	at com.kms.katalon.core.main.TestCaseExecutor.execute(TestCaseExecutor.java:233)
	at com.kms.katalon.core.main.TestSuiteExecutor.accessTestCaseMainPhase(TestSuiteExecutor.java:169)
	at com.kms.katalon.core.main.TestSuiteExecutor.accessTestSuiteMainPhase(TestSuiteExecutor.java:142)
	at com.kms.katalon.core.main.TestSuiteExecutor.execute(TestSuiteExecutor.java:91)
	at com.kms.katalon.core.main.TestCaseMain.startTestSuite(TestCaseMain.java:157)
	at com.kms.katalon.core.main.TestCaseMain$startTestSuite$0.call(Unknown Source)
	at TempTestSuite1572411127184.run(TempTestSuite1572411127184.groovy:36)
Caused by: org.openqa.selenium.TimeoutException: Expected condition failed: waiting for element to be clickable: [[CChromeDriver: chrome on XP (6ae440cd864f885db1a4e436f3051c9e)] -> xpath: //button[@type='button']] (tried for 30 second(s) with 500 milliseconds interval)
Build info: version: '3.141.59', revision: 'e82be7d358', time: '2018-11-14T08:25:53'
System info: host: 'DESKTOP-A4R0EHC', ip: '192.168.0.110', os.name: 'Windows 10', os.arch: 'amd64', os.version: '10.0', java.version: '1.8.0_181'
Driver info: com.kms.katalon.core.webui.driver.SmartWaitWebDriver
Capabilities {acceptInsecureCerts: false, browserName: chrome, browserVersion: 77.0.3865.120, chrome: {chromedriverVersion: 77.0.3865.40 (f484704e052e0..., userDataDir: C:\Users\Dell\AppData\Local...}, goog:chromeOptions: {debuggerAddress: localhost:59466}, javascriptEnabled: true, networkConnectionEnabled: false, pageLoadStrategy: normal, platform: XP, platformName: XP, proxy: Proxy(), setWindowRect: true, strictFileInteractability: false, timeouts: {implicit: 0, pageLoad: 300000, script: 30000}, unhandledPromptBehavior: dismiss and notify}
Session ID: 6ae440cd864f885db1a4e436f3051c9e
	at org.openqa.selenium.support.ui.WebDriverWait.timeoutException(WebDriverWait.java:95)
	at org.openqa.selenium.support.ui.FluentWait.until(FluentWait.java:272)
	at com.kms.katalon.core.webui.keyword.builtin.ClickKeyword$_click_closure1.doCall(ClickKeyword.groovy:56)
	at com.kms.katalon.core.webui.keyword.builtin.ClickKeyword$_click_closure1.call(ClickKeyword.groovy)
	at com.kms.katalon.core.webui.keyword.internal.WebUIKeywordMain.runKeyword(WebUIKeywordMain.groovy:20)
	at com.kms.katalon.core.webui.keyword.builtin.ClickKeyword.click(ClickKeyword.groovy:79)
	at com.kms.katalon.core.webui.keyword.builtin.ClickKeyword.execute(ClickKeyword.groovy:42)
	at com.kms.katalon.core.keyword.internal.KeywordExecutor.executeKeywordForPlatform(KeywordExecutor.groovy:60)
	at com.kms.katalon.core.webui.keyword.WebUiBuiltInKeywords.click(WebUiBuiltInKeywords.groovy:616)
	at com.kms.katalon.core.webui.keyword.WebUiBuiltInKeywords$click$1.call(Unknown Source)
	at Script1572408951732.run(Script1572408951732.groovy:23)
	... 13 more
)

2019-10-30 10:23:05 - [MESSAGE][FAILED] - Unable to click on object 'Object Repository/TestRail/Page_GSM Portal/button_Log in' (Root cause: com.kms.katalon.core.exception.StepFailedException: Unable to click on object 'Object Repository/TestRail/Page_GSM Portal/button_Log in'
	at com.kms.katalon.core.webui.keyword.internal.WebUIKeywordMain.stepFailed(WebUIKeywordMain.groovy:64)
	at com.kms.katalon.core.webui.keyword.internal.WebUIKeywordMain.runKeyword(WebUIKeywordMain.groovy:26)
	at com.kms.katalon.core.webui.keyword.builtin.ClickKeyword.click(ClickKeyword.groovy:79)
	at com.kms.katalon.core.webui.keyword.builtin.ClickKeyword.execute(ClickKeyword.groovy:42)
	at com.kms.katalon.core.keyword.internal.KeywordExecutor.executeKeywordForPlatform(KeywordExecutor.groovy:60)
	at com.kms.katalon.core.webui.keyword.WebUiBuiltInKeywords.click(WebUiBuiltInKeywords.groovy:616)
	at com.kms.katalon.core.webui.keyword.WebUiBuiltInKeywords$click$1.call(Unknown Source)
	at Create Offer.run(Create Offer:23)
	at com.kms.katalon.core.main.ScriptEngine.run(ScriptEngine.java:194)
	at com.kms.katalon.core.main.ScriptEngine.runScriptAsRawText(ScriptEngine.java:119)
	at com.kms.katalon.core.main.TestCaseExecutor.runScript(TestCaseExecutor.java:337)
	at com.kms.katalon.core.main.TestCaseExecutor.doExecute(TestCaseExecutor.java:328)
	at com.kms.katalon.core.main.TestCaseExecutor.processExecutionPhase(TestCaseExecutor.java:307)
	at com.kms.katalon.core.main.TestCaseExecutor.accessMainPhase(TestCaseExecutor.java:299)
	at com.kms.katalon.core.main.TestCaseExecutor.execute(TestCaseExecutor.java:233)
	at com.kms.katalon.core.main.TestSuiteExecutor.accessTestCaseMainPhase(TestSuiteExecutor.java:169)
	at com.kms.katalon.core.main.TestSuiteExecutor.accessTestSuiteMainPhase(TestSuiteExecutor.java:142)
	at com.kms.katalon.core.main.TestSuiteExecutor.execute(TestSuiteExecutor.java:91)
	at com.kms.katalon.core.main.TestCaseMain.startTestSuite(TestCaseMain.java:157)
	at com.kms.katalon.core.main.TestCaseMain$startTestSuite$0.call(Unknown Source)
	at TempTestSuite1572411127184.run(TempTestSuite1572411127184.groovy:36)
Caused by: org.openqa.selenium.TimeoutException: Expected condition failed: waiting for element to be clickable: [[CChromeDriver: chrome on XP (6ae440cd864f885db1a4e436f3051c9e)] -> xpath: //button[@type='button']] (tried for 30 second(s) with 500 milliseconds interval)
Build info: version: '3.141.59', revision: 'e82be7d358', time: '2018-11-14T08:25:53'
System info: host: 'DESKTOP-A4R0EHC', ip: '192.168.0.110', os.name: 'Windows 10', os.arch: 'amd64', os.version: '10.0', java.version: '1.8.0_181'
Driver info: com.kms.katalon.core.webui.driver.SmartWaitWebDriver
Capabilities {acceptInsecureCerts: false, browserName: chrome, browserVersion: 77.0.3865.120, chrome: {chromedriverVersion: 77.0.3865.40 (f484704e052e0..., userDataDir: C:\Users\Dell\AppData\Local...}, goog:chromeOptions: {debuggerAddress: localhost:59466}, javascriptEnabled: true, networkConnectionEnabled: false, pageLoadStrategy: normal, platform: XP, platformName: XP, proxy: Proxy(), setWindowRect: true, strictFileInteractability: false, timeouts: {implicit: 0, pageLoad: 300000, script: 30000}, unhandledPromptBehavior: dismiss and notify}
Session ID: 6ae440cd864f885db1a4e436f3051c9e
	at org.openqa.selenium.support.ui.WebDriverWait.timeoutException(WebDriverWait.java:95)
	at org.openqa.selenium.support.ui.FluentWait.until(FluentWait.java:272)
	at com.kms.katalon.core.webui.keyword.builtin.ClickKeyword$_click_closure1.doCall(ClickKeyword.groovy:56)
	at com.kms.katalon.core.webui.keyword.builtin.ClickKeyword$_click_closure1.call(ClickKeyword.groovy)
	at com.kms.katalon.core.webui.keyword.internal.WebUIKeywordMain.runKeyword(WebUIKeywordMain.groovy:20)
	at com.kms.katalon.core.webui.keyword.builtin.ClickKeyword.click(ClickKeyword.groovy:79)
	at com.kms.katalon.core.webui.keyword.builtin.ClickKeyword.execute(ClickKeyword.groovy:42)
	at com.kms.katalon.core.keyword.internal.KeywordExecutor.executeKeywordForPlatform(KeywordExecutor.groovy:60)
	at com.kms.katalon.core.webui.keyword.WebUiBuiltInKeywords.click(WebUiBuiltInKeywords.groovy:616)
	at com.kms.katalon.core.webui.keyword.WebUiBuiltInKeywords$click$1.call(Unknown Source)
	at Script1572408951732.run(Script1572408951732.groovy:23)
	... 13 more
)
[[ATTACHMENT|C:\\Users\\Dell\\Katalon Studio\\GSM Demo\\Reports\\20191030_102207\\R12\\20191030_102207\\1572411184404.png]]]]></system-out>
         <system-err><![CDATA[2019-10-30 10:22:15 - [TEST_CASE][FAILED] - Test Cases/TestRail/Create Offer: Test Cases/TestRail/Create Offer FAILED.
Reason:
com.kms.katalon.core.exception.StepFailedException: Unable to click on object 'Object Repository/TestRail/Page_GSM Portal/button_Log in'
	at com.kms.katalon.core.webui.keyword.internal.WebUIKeywordMain.stepFailed(WebUIKeywordMain.groovy:64)
	at com.kms.katalon.core.webui.keyword.internal.WebUIKeywordMain.runKeyword(WebUIKeywordMain.groovy:26)
	at com.kms.katalon.core.webui.keyword.builtin.ClickKeyword.click(ClickKeyword.groovy:79)
	at com.kms.katalon.core.webui.keyword.builtin.ClickKeyword.execute(ClickKeyword.groovy:42)
	at com.kms.katalon.core.keyword.internal.KeywordExecutor.executeKeywordForPlatform(KeywordExecutor.groovy:60)
	at com.kms.katalon.core.webui.keyword.WebUiBuiltInKeywords.click(WebUiBuiltInKeywords.groovy:616)
	at com.kms.katalon.core.webui.keyword.WebUiBuiltInKeywords$click$1.call(Unknown Source)
	at Create Offer.run(Create Offer:23)
	at com.kms.katalon.core.main.ScriptEngine.run(ScriptEngine.java:194)
	at com.kms.katalon.core.main.ScriptEngine.runScriptAsRawText(ScriptEngine.java:119)
	at com.kms.katalon.core.main.TestCaseExecutor.runScript(TestCaseExecutor.java:337)
	at com.kms.katalon.core.main.TestCaseExecutor.doExecute(TestCaseExecutor.java:328)
	at com.kms.katalon.core.main.TestCaseExecutor.processExecutionPhase(TestCaseExecutor.java:307)
	at com.kms.katalon.core.main.TestCaseExecutor.accessMainPhase(TestCaseExecutor.java:299)
	at com.kms.katalon.core.main.TestCaseExecutor.execute(TestCaseExecutor.java:233)
	at com.kms.katalon.core.main.TestSuiteExecutor.accessTestCaseMainPhase(TestSuiteExecutor.java:169)
	at com.kms.katalon.core.main.TestSuiteExecutor.accessTestSuiteMainPhase(TestSuiteExecutor.java:142)
	at com.kms.katalon.core.main.TestSuiteExecutor.execute(TestSuiteExecutor.java:91)
	at com.kms.katalon.core.main.TestCaseMain.startTestSuite(TestCaseMain.java:157)
	at com.kms.katalon.core.main.TestCaseMain$startTestSuite$0.call(Unknown Source)
	at TempTestSuite1572411127184.run(TempTestSuite1572411127184.groovy:36)
Caused by: org.openqa.selenium.TimeoutException: Expected condition failed: waiting for element to be clickable: [[CChromeDriver: chrome on XP (6ae440cd864f885db1a4e436f3051c9e)] -> xpath: //button[@type='button']] (tried for 30 second(s) with 500 milliseconds interval)
Build info: version: '3.141.59', revision: 'e82be7d358', time: '2018-11-14T08:25:53'
System info: host: 'DESKTOP-A4R0EHC', ip: '192.168.0.110', os.name: 'Windows 10', os.arch: 'amd64', os.version: '10.0', java.version: '1.8.0_181'
Driver info: com.kms.katalon.core.webui.driver.SmartWaitWebDriver
Capabilities {acceptInsecureCerts: false, browserName: chrome, browserVersion: 77.0.3865.120, chrome: {chromedriverVersion: 77.0.3865.40 (f484704e052e0..., userDataDir: C:\Users\Dell\AppData\Local...}, goog:chromeOptions: {debuggerAddress: localhost:59466}, javascriptEnabled: true, networkConnectionEnabled: false, pageLoadStrategy: normal, platform: XP, platformName: XP, proxy: Proxy(), setWindowRect: true, strictFileInteractability: false, timeouts: {implicit: 0, pageLoad: 300000, script: 30000}, unhandledPromptBehavior: dismiss and notify}
Session ID: 6ae440cd864f885db1a4e436f3051c9e
	at org.openqa.selenium.support.ui.WebDriverWait.timeoutException(WebDriverWait.java:95)
	at org.openqa.selenium.support.ui.FluentWait.until(FluentWait.java:272)
	at com.kms.katalon.core.webui.keyword.builtin.ClickKeyword$_click_closure1.doCall(ClickKeyword.groovy:56)
	at com.kms.katalon.core.webui.keyword.builtin.ClickKeyword$_click_closure1.call(ClickKeyword.groovy)
	at com.kms.katalon.core.webui.keyword.internal.WebUIKeywordMain.runKeyword(WebUIKeywordMain.groovy:20)
	... 19 more]]></system-err>
      </testcase>
      <testcase name="Test Cases/TestRail/Delete Offer" time="32.281" classname="Test Cases/TestRail/Delete Offer" status="PASSED">
         <system-out><![CDATA[2019-10-30 10:23:05 - [TEST_CASE][PASSED] - Test Cases/TestRail/Delete Offer: Test Cases/TestRail/Delete Offer

2019-10-30 10:23:05 - [TEST_STEP][PASSED] - openBrowser(""): Browser is opened with url: ''

2019-10-30 10:23:05 - [MESSAGE][WARNING] - A browser is already opened. Closing browser and opening a new one

2019-10-30 10:23:06 - [MESSAGE][INFO] - Starting 'Chrome' driver

2019-10-30 10:23:12 - [MESSAGE][PASSED] - Browser is opened with url: ''

2019-10-30 10:23:12 - [TEST_STEP][PASSED] - navigateToUrl("https://sandbox.gsm.auto/logout"): Navigate to 'https://sandbox.gsm.auto/logout' successfully

2019-10-30 10:23:17 - [MESSAGE][PASSED] - Navigate to 'https://sandbox.gsm.auto/logout' successfully

2019-10-30 10:23:17 - [TEST_STEP][PASSED] - click(findTestObject("Object Repository/TestRail/Page_GSM Portal/button_Log in")): Object: 'Object Repository/TestRail/Page_GSM Portal/button_Log in' is clicked on

2019-10-30 10:23:24 - [MESSAGE][PASSED] - Object: 'Object Repository/TestRail/Page_GSM Portal/button_Log in' is clicked on

2019-10-30 10:23:24 - [TEST_STEP][PASSED] - setText(findTestObject("Object Repository/TestRail/Page_GSM Login/input_Email Address_email"), "sankaran@totient.co.in"): Text 'sankaran@totient.co.in' is set on object 'Object Repository/TestRail/Page_GSM Login/input_Email Address_email'

2019-10-30 10:23:29 - [MESSAGE][PASSED] - Text 'sankaran@totient.co.in' is set on object 'Object Repository/TestRail/Page_GSM Login/input_Email Address_email'

2019-10-30 10:23:29 - [TEST_STEP][PASSED] - setEncryptedText(findTestObject("Object Repository/TestRail/Page_GSM Login/input_Password_password"), "4bOuNFpH31s4Qkh1shYRow=="): Text ****** has been set on object 'Object Repository/TestRail/Page_GSM Login/input_Password_password'

2019-10-30 10:23:34 - [MESSAGE][PASSED] - Text ****** has been set on object 'Object Repository/TestRail/Page_GSM Login/input_Password_password'

2019-10-30 10:23:34 - [TEST_STEP][PASSED] - click(findTestObject("Object Repository/TestRail/Page_GSM Login/button_Log In")): Object: 'Object Repository/TestRail/Page_GSM Login/button_Log In' is clicked on

2019-10-30 10:23:36 - [MESSAGE][PASSED] - Object: 'Object Repository/TestRail/Page_GSM Login/button_Log In' is clicked on

2019-10-30 10:23:36 - [TEST_STEP][PASSED] - closeBrowser(): Browser is closed

2019-10-30 10:23:37 - [MESSAGE][PASSED] - Browser is closed]]></system-out>
         <system-err><![CDATA[]]></system-err>
      </testcase>
      <testcase name="Test Cases/TestRail/Edit Offer" time="29.642" classname="Test Cases/TestRail/Edit Offer" status="PASSED">
         <system-out><![CDATA[2019-10-30 10:23:37 - [TEST_CASE][PASSED] - Test Cases/TestRail/Edit Offer: Test Cases/TestRail/Edit Offer

2019-10-30 10:23:38 - [TEST_STEP][PASSED] - openBrowser(""): Browser is opened with url: ''

2019-10-30 10:23:38 - [MESSAGE][INFO] - Starting 'Chrome' driver

2019-10-30 10:23:43 - [MESSAGE][PASSED] - Browser is opened with url: ''

2019-10-30 10:23:43 - [TEST_STEP][PASSED] - navigateToUrl("https://sandbox.gsm.auto/logout"): Navigate to 'https://sandbox.gsm.auto/logout' successfully

2019-10-30 10:23:48 - [MESSAGE][PASSED] - Navigate to 'https://sandbox.gsm.auto/logout' successfully

2019-10-30 10:23:48 - [TEST_STEP][PASSED] - click(findTestObject("Object Repository/TestRail/Page_GSM Portal/button_Log in")): Object: 'Object Repository/TestRail/Page_GSM Portal/button_Log in' is clicked on

2019-10-30 10:23:54 - [MESSAGE][PASSED] - Object: 'Object Repository/TestRail/Page_GSM Portal/button_Log in' is clicked on

2019-10-30 10:23:54 - [TEST_STEP][PASSED] - setText(findTestObject("Object Repository/TestRail/Page_GSM Login/input_Email Address_email"), "sankaran@totient.co.in"): Text 'sankaran@totient.co.in' is set on object 'Object Repository/TestRail/Page_GSM Login/input_Email Address_email'

2019-10-30 10:23:59 - [MESSAGE][PASSED] - Text 'sankaran@totient.co.in' is set on object 'Object Repository/TestRail/Page_GSM Login/input_Email Address_email'

2019-10-30 10:23:59 - [TEST_STEP][PASSED] - setEncryptedText(findTestObject("Object Repository/TestRail/Page_GSM Login/input_Password_password"), "4bOuNFpH31s4Qkh1shYRow=="): Text ****** has been set on object 'Object Repository/TestRail/Page_GSM Login/input_Password_password'

2019-10-30 10:24:03 - [MESSAGE][PASSED] - Text ****** has been set on object 'Object Repository/TestRail/Page_GSM Login/input_Password_password'

2019-10-30 10:24:03 - [TEST_STEP][PASSED] - click(findTestObject("Object Repository/TestRail/Page_GSM Login/button_Log In")): Object: 'Object Repository/TestRail/Page_GSM Login/button_Log In' is clicked on

2019-10-30 10:24:06 - [MESSAGE][PASSED] - Object: 'Object Repository/TestRail/Page_GSM Login/button_Log In' is clicked on

2019-10-30 10:24:06 - [TEST_STEP][PASSED] - closeBrowser(): Browser is closed

2019-10-30 10:24:07 - [MESSAGE][PASSED] - Browser is closed]]></system-out>
         <system-err><![CDATA[]]></system-err>
      </testcase>
      <testcase name="Test Cases/TestRail/Logout" time="30.407" classname="Test Cases/TestRail/Logout" status="PASSED">
         <system-out><![CDATA[2019-10-30 10:24:07 - [TEST_CASE][PASSED] - Test Cases/TestRail/Logout: Test Cases/TestRail/Logout

2019-10-30 10:24:07 - [TEST_STEP][PASSED] - openBrowser(""): Browser is opened with url: ''

2019-10-30 10:24:07 - [MESSAGE][INFO] - Starting 'Chrome' driver

2019-10-30 10:24:13 - [MESSAGE][PASSED] - Browser is opened with url: ''

2019-10-30 10:24:13 - [TEST_STEP][PASSED] - navigateToUrl("https://sandbox.gsm.auto/logout"): Navigate to 'https://sandbox.gsm.auto/logout' successfully

2019-10-30 10:24:18 - [MESSAGE][PASSED] - Navigate to 'https://sandbox.gsm.auto/logout' successfully

2019-10-30 10:24:18 - [TEST_STEP][PASSED] - click(findTestObject("Object Repository/TestRail/Page_GSM Portal/button_Log in")): Object: 'Object Repository/TestRail/Page_GSM Portal/button_Log in' is clicked on

2019-10-30 10:24:24 - [MESSAGE][PASSED] - Object: 'Object Repository/TestRail/Page_GSM Portal/button_Log in' is clicked on

2019-10-30 10:24:24 - [TEST_STEP][PASSED] - setText(findTestObject("Object Repository/TestRail/Page_GSM Login/input_Email Address_email"), "sankaran@totient.co.in"): Text 'sankaran@totient.co.in' is set on object 'Object Repository/TestRail/Page_GSM Login/input_Email Address_email'

2019-10-30 10:24:29 - [MESSAGE][PASSED] - Text 'sankaran@totient.co.in' is set on object 'Object Repository/TestRail/Page_GSM Login/input_Email Address_email'

2019-10-30 10:24:29 - [TEST_STEP][PASSED] - setEncryptedText(findTestObject("Object Repository/TestRail/Page_GSM Login/input_Password_password"), "4bOuNFpH31s4Qkh1shYRow=="): Text ****** has been set on object 'Object Repository/TestRail/Page_GSM Login/input_Password_password'

2019-10-30 10:24:34 - [MESSAGE][PASSED] - Text ****** has been set on object 'Object Repository/TestRail/Page_GSM Login/input_Password_password'

2019-10-30 10:24:34 - [TEST_STEP][PASSED] - click(findTestObject("Object Repository/TestRail/Page_GSM Login/button_Log In")): Object: 'Object Repository/TestRail/Page_GSM Login/button_Log In' is clicked on

2019-10-30 10:24:36 - [MESSAGE][PASSED] - Object: 'Object Repository/TestRail/Page_GSM Login/button_Log In' is clicked on

2019-10-30 10:24:36 - [TEST_STEP][PASSED] - closeBrowser(): Browser is closed

2019-10-30 10:24:37 - [MESSAGE][PASSED] - Browser is closed]]></system-out>
         <system-err><![CDATA[]]></system-err>
      </testcase>
      <testcase name="Test Cases/TestRail/Valid Login" time="29.871" classname="Test Cases/TestRail/Valid Login" status="PASSED">
         <system-out><![CDATA[2019-10-30 10:24:37 - [TEST_CASE][PASSED] - Test Cases/TestRail/Valid Login: Test Cases/TestRail/Valid Login

2019-10-30 10:24:38 - [TEST_STEP][PASSED] - openBrowser(""): Browser is opened with url: ''

2019-10-30 10:24:38 - [MESSAGE][INFO] - Starting 'Chrome' driver

2019-10-30 10:24:43 - [MESSAGE][PASSED] - Browser is opened with url: ''

2019-10-30 10:24:43 - [TEST_STEP][PASSED] - navigateToUrl("https://sandbox.gsm.auto/logout"): Navigate to 'https://sandbox.gsm.auto/logout' successfully

2019-10-30 10:24:49 - [MESSAGE][PASSED] - Navigate to 'https://sandbox.gsm.auto/logout' successfully

2019-10-30 10:24:49 - [TEST_STEP][PASSED] - click(findTestObject("Object Repository/TestRail/Page_GSM Portal/button_Log in")): Object: 'Object Repository/TestRail/Page_GSM Portal/button_Log in' is clicked on

2019-10-30 10:24:54 - [MESSAGE][PASSED] - Object: 'Object Repository/TestRail/Page_GSM Portal/button_Log in' is clicked on

2019-10-30 10:24:54 - [TEST_STEP][PASSED] - setText(findTestObject("Object Repository/TestRail/Page_GSM Login/input_Email Address_email"), "sankaran@totient.co.in"): Text 'sankaran@totient.co.in' is set on object 'Object Repository/TestRail/Page_GSM Login/input_Email Address_email'

2019-10-30 10:24:59 - [MESSAGE][PASSED] - Text 'sankaran@totient.co.in' is set on object 'Object Repository/TestRail/Page_GSM Login/input_Email Address_email'

2019-10-30 10:24:59 - [TEST_STEP][PASSED] - setEncryptedText(findTestObject("Object Repository/TestRail/Page_GSM Login/input_Password_password"), "4bOuNFpH31s4Qkh1shYRow=="): Text ****** has been set on object 'Object Repository/TestRail/Page_GSM Login/input_Password_password'

2019-10-30 10:25:04 - [MESSAGE][PASSED] - Text ****** has been set on object 'Object Repository/TestRail/Page_GSM Login/input_Password_password'

2019-10-30 10:25:04 - [TEST_STEP][PASSED] - click(findTestObject("Object Repository/TestRail/Page_GSM Login/button_Log In")): Object: 'Object Repository/TestRail/Page_GSM Login/button_Log In' is clicked on

2019-10-30 10:25:06 - [MESSAGE][PASSED] - Object: 'Object Repository/TestRail/Page_GSM Login/button_Log In' is clicked on

2019-10-30 10:25:06 - [TEST_STEP][PASSED] - closeBrowser(): Browser is closed

2019-10-30 10:25:07 - [MESSAGE][PASSED] - Browser is closed]]></system-out>
         <system-err><![CDATA[]]></system-err>
      </testcase>
      <system-out><![CDATA[2019-10-30 10:22:15 - [TEST_SUITE][FAILED] - R12: Test Cases/TestRail/Create Offer FAILED.
Reason:
com.kms.katalon.core.exception.StepFailedException: Unable to click on object 'Object Repository/TestRail/Page_GSM Portal/button_Log in'
	at com.kms.katalon.core.webui.keyword.internal.WebUIKeywordMain.stepFailed(WebUIKeywordMain.groovy:64)
	at com.kms.katalon.core.webui.keyword.internal.WebUIKeywordMain.runKeyword(WebUIKeywordMain.groovy:26)
	at com.kms.katalon.core.webui.keyword.builtin.ClickKeyword.click(ClickKeyword.groovy:79)
	at com.kms.katalon.core.webui.keyword.builtin.ClickKeyword.execute(ClickKeyword.groovy:42)
	at com.kms.katalon.core.keyword.internal.KeywordExecutor.executeKeywordForPlatform(KeywordExecutor.groovy:60)
	at com.kms.katalon.core.webui.keyword.WebUiBuiltInKeywords.click(WebUiBuiltInKeywords.groovy:616)
	at com.kms.katalon.core.webui.keyword.WebUiBuiltInKeywords$click$1.call(Unknown Source)
	at Create Offer.run(Create Offer:23)
	at com.kms.katalon.core.main.ScriptEngine.run(ScriptEngine.java:194)
	at com.kms.katalon.core.main.ScriptEngine.runScriptAsRawText(ScriptEngine.java:119)
	at com.kms.katalon.core.main.TestCaseExecutor.runScript(TestCaseExecutor.java:337)
	at com.kms.katalon.core.main.TestCaseExecutor.doExecute(TestCaseExecutor.java:328)
	at com.kms.katalon.core.main.TestCaseExecutor.processExecutionPhase(TestCaseExecutor.java:307)
	at com.kms.katalon.core.main.TestCaseExecutor.accessMainPhase(TestCaseExecutor.java:299)
	at com.kms.katalon.core.main.TestCaseExecutor.execute(TestCaseExecutor.java:233)
	at com.kms.katalon.core.main.TestSuiteExecutor.accessTestCaseMainPhase(TestSuiteExecutor.java:169)
	at com.kms.katalon.core.main.TestSuiteExecutor.accessTestSuiteMainPhase(TestSuiteExecutor.java:142)
	at com.kms.katalon.core.main.TestSuiteExecutor.execute(TestSuiteExecutor.java:91)
	at com.kms.katalon.core.main.TestCaseMain.startTestSuite(TestCaseMain.java:157)
	at com.kms.katalon.core.main.TestCaseMain$startTestSuite$0.call(Unknown Source)
	at TempTestSuite1572411127184.run(TempTestSuite1572411127184.groovy:36)
Caused by: org.openqa.selenium.TimeoutException: Expected condition failed: waiting for element to be clickable: [[CChromeDriver: chrome on XP (6ae440cd864f885db1a4e436f3051c9e)] -> xpath: //button[@type='button']] (tried for 30 second(s) with 500 milliseconds interval)
Build info: version: '3.141.59', revision: 'e82be7d358', time: '2018-11-14T08:25:53'
System info: host: 'DESKTOP-A4R0EHC', ip: '192.168.0.110', os.name: 'Windows 10', os.arch: 'amd64', os.version: '10.0', java.version: '1.8.0_181'
Driver info: com.kms.katalon.core.webui.driver.SmartWaitWebDriver
Capabilities {acceptInsecureCerts: false, browserName: chrome, browserVersion: 77.0.3865.120, chrome: {chromedriverVersion: 77.0.3865.40 (f484704e052e0..., userDataDir: C:\Users\Dell\AppData\Local...}, goog:chromeOptions: {debuggerAddress: localhost:59466}, javascriptEnabled: true, networkConnectionEnabled: false, pageLoadStrategy: normal, platform: XP, platformName: XP, proxy: Proxy(), setWindowRect: true, strictFileInteractability: false, timeouts: {implicit: 0, pageLoad: 300000, script: 30000}, unhandledPromptBehavior: dismiss and notify}
Session ID: 6ae440cd864f885db1a4e436f3051c9e
	at org.openqa.selenium.support.ui.WebDriverWait.timeoutException(WebDriverWait.java:95)
	at org.openqa.selenium.support.ui.FluentWait.until(FluentWait.java:272)
	at com.kms.katalon.core.webui.keyword.builtin.ClickKeyword$_click_closure1.doCall(ClickKeyword.groovy:56)
	at com.kms.katalon.core.webui.keyword.builtin.ClickKeyword$_click_closure1.call(ClickKeyword.groovy)
	at com.kms.katalon.core.webui.keyword.internal.WebUIKeywordMain.runKeyword(WebUIKeywordMain.groovy:20)
	... 19 more]]></system-out>
      <system-err><![CDATA[2019-10-30 10:22:15 - [TEST_SUITE][FAILED] - R12: Test Cases/TestRail/Create Offer FAILED.
Reason:
com.kms.katalon.core.exception.StepFailedException: Unable to click on object 'Object Repository/TestRail/Page_GSM Portal/button_Log in'
	at com.kms.katalon.core.webui.keyword.internal.WebUIKeywordMain.stepFailed(WebUIKeywordMain.groovy:64)
	at com.kms.katalon.core.webui.keyword.internal.WebUIKeywordMain.runKeyword(WebUIKeywordMain.groovy:26)
	at com.kms.katalon.core.webui.keyword.builtin.ClickKeyword.click(ClickKeyword.groovy:79)
	at com.kms.katalon.core.webui.keyword.builtin.ClickKeyword.execute(ClickKeyword.groovy:42)
	at com.kms.katalon.core.keyword.internal.KeywordExecutor.executeKeywordForPlatform(KeywordExecutor.groovy:60)
	at com.kms.katalon.core.webui.keyword.WebUiBuiltInKeywords.click(WebUiBuiltInKeywords.groovy:616)
	at com.kms.katalon.core.webui.keyword.WebUiBuiltInKeywords$click$1.call(Unknown Source)
	at Create Offer.run(Create Offer:23)
	at com.kms.katalon.core.main.ScriptEngine.run(ScriptEngine.java:194)
	at com.kms.katalon.core.main.ScriptEngine.runScriptAsRawText(ScriptEngine.java:119)
	at com.kms.katalon.core.main.TestCaseExecutor.runScript(TestCaseExecutor.java:337)
	at com.kms.katalon.core.main.TestCaseExecutor.doExecute(TestCaseExecutor.java:328)
	at com.kms.katalon.core.main.TestCaseExecutor.processExecutionPhase(TestCaseExecutor.java:307)
	at com.kms.katalon.core.main.TestCaseExecutor.accessMainPhase(TestCaseExecutor.java:299)
	at com.kms.katalon.core.main.TestCaseExecutor.execute(TestCaseExecutor.java:233)
	at com.kms.katalon.core.main.TestSuiteExecutor.accessTestCaseMainPhase(TestSuiteExecutor.java:169)
	at com.kms.katalon.core.main.TestSuiteExecutor.accessTestSuiteMainPhase(TestSuiteExecutor.java:142)
	at com.kms.katalon.core.main.TestSuiteExecutor.execute(TestSuiteExecutor.java:91)
	at com.kms.katalon.core.main.TestCaseMain.startTestSuite(TestCaseMain.java:157)
	at com.kms.katalon.core.main.TestCaseMain$startTestSuite$0.call(Unknown Source)
	at TempTestSuite1572411127184.run(TempTestSuite1572411127184.groovy:36)
Caused by: org.openqa.selenium.TimeoutException: Expected condition failed: waiting for element to be clickable: [[CChromeDriver: chrome on XP (6ae440cd864f885db1a4e436f3051c9e)] -> xpath: //button[@type='button']] (tried for 30 second(s) with 500 milliseconds interval)
Build info: version: '3.141.59', revision: 'e82be7d358', time: '2018-11-14T08:25:53'
System info: host: 'DESKTOP-A4R0EHC', ip: '192.168.0.110', os.name: 'Windows 10', os.arch: 'amd64', os.version: '10.0', java.version: '1.8.0_181'
Driver info: com.kms.katalon.core.webui.driver.SmartWaitWebDriver
Capabilities {acceptInsecureCerts: false, browserName: chrome, browserVersion: 77.0.3865.120, chrome: {chromedriverVersion: 77.0.3865.40 (f484704e052e0..., userDataDir: C:\Users\Dell\AppData\Local...}, goog:chromeOptions: {debuggerAddress: localhost:59466}, javascriptEnabled: true, networkConnectionEnabled: false, pageLoadStrategy: normal, platform: XP, platformName: XP, proxy: Proxy(), setWindowRect: true, strictFileInteractability: false, timeouts: {implicit: 0, pageLoad: 300000, script: 30000}, unhandledPromptBehavior: dismiss and notify}
Session ID: 6ae440cd864f885db1a4e436f3051c9e
	at org.openqa.selenium.support.ui.WebDriverWait.timeoutException(WebDriverWait.java:95)
	at org.openqa.selenium.support.ui.FluentWait.until(FluentWait.java:272)
	at com.kms.katalon.core.webui.keyword.builtin.ClickKeyword$_click_closure1.doCall(ClickKeyword.groovy:56)
	at com.kms.katalon.core.webui.keyword.builtin.ClickKeyword$_click_closure1.call(ClickKeyword.groovy)
	at com.kms.katalon.core.webui.keyword.internal.WebUIKeywordMain.runKeyword(WebUIKeywordMain.groovy:20)
	... 19 more]]></system-err>
   </testsuite>
</testsuites>
